T1B0C 6271:534 SEGGER J-Link V4.84c Log File (0031ms, 5455ms total)
T1B0C 6271:534 DLL Compiled: Apr 16 2014 18:53:07 (0031ms, 5455ms total)
T1B0C 6271:534 Logging started @ 2014-11-06 20:31 (0031ms, 5455ms total)
T1B0C 6271:591 JLINK_ExecCommand("Device = AT91SAM4S16C", ...)Device "ATSAM4S16C" selected (1024 KB flash, 128 KB RAM).  returns 0x00 (0000ms, 5455ms total)
T1B0C 6271:665 JLINK_ExecCommand("ProjectFile = J:\Embedded classes\Examples\ex2_basic_button\jlink.config", ...)  returns 0x00 (0000ms, 5455ms total)
T1B0C 6271:697 JLINK_ExecCommand("Device = AT91SAM4S16C", ...)Device "ATSAM4S16C" selected (1024 KB flash, 128 KB RAM).  returns 0x00 (0001ms, 5456ms total)
T1B0C 6271:698 JLINK_TIF_Select(JLINKARM_TIF_JTAG)  returns 0x00 (0000ms, 5456ms total)
T1B0C 6271:698 JLINK_GetIdData(...) >0x2F8 JTAG>TotalIRLen = 4, IRPrint = 0x01 >0x30 JTAG> >0x210 JTAG> >0x70 JTAG> >0x40 JTAG> >0x40 JTAG> >0x40 JTAG> >0x48 JTAG> >0x78 JTAG> >0x40 JTAG> >0x30 JTAG> >0x40 JTAG> >0x40 JTAG> >0x30 JTAG> >0x40 JTAG> >0x48 JTAG>Found Cortex-M4 r0p1, Little endian. -- CPU_WriteMem(4 bytes @ 0xE0002000) -- CPU_ReadMem(4 bytes @ 0xE000EDF0) -- CPU_ReadMem(4 bytes @ 0xE0002000)FPUnit: 6 code (BP) slots and 2 literal slots -- CPU_ReadMem(4 bytes @ 0xE000EDFC)
 -- CPU_ReadMem(4 bytes @ 0xE0001000) -- CPU_WriteMem(4 bytes @ 0xE0001000) -- CPU_ReadMem(4 bytes @ 0xE00FF010)TPIU fitted. -- CPU_ReadMem(4 bytes @ 0xE00FF014) -- CPU_ReadMem(4 bytes @ 0xE00FF018) ScanLen=4 NumDevices=1 aId[0]=0x4BA00477 aIrRead[0]=0 aScanLen[0]=0 aScanRead[0]=0 (0014ms, 5470ms total)
T1B0C 6271:712 JLINK_ConfigJTAG(IRPre = 0, DRPre = 0) (0000ms, 5470ms total)
T1B0C 6271:712 JLINK_SetSpeed(1000) (0000ms, 5470ms total)
T1B0C 6271:712 JLINK_ResetPullsRESET(OFF) (0000ms, 5470ms total)
T1B0C 6271:712 JLINK_Connect() >0x2F8 JTAG>TotalIRLen = 4, IRPrint = 0x01 >0x30 JTAG> >0x210 JTAG> >0x70 JTAG> >0x40 JTAG> >0x40 JTAG> >0x40 JTAG> >0x48 JTAG> >0x78 JTAG> >0x40 JTAG> >0x30 JTAG> >0x40 JTAG> >0x40 JTAG> >0x30 JTAG> >0x40 JTAG> >0x48 JTAG>Found Cortex-M4 r0p1, Little endian. -- CPU_WriteMem(4 bytes @ 0xE0002000) -- CPU_ReadMem(4 bytes @ 0xE000EDF0) -- CPU_ReadMem(4 bytes @ 0xE0002000)FPUnit: 6 code (BP) slots and 2 literal slots -- CPU_ReadMem(4 bytes @ 0xE000EDFC)
 -- CPU_ReadMem(4 bytes @ 0xE0001000) -- CPU_WriteMem(4 bytes @ 0xE0001000) -- CPU_ReadMem(4 bytes @ 0xE00FF010)TPIU fitted. -- CPU_ReadMem(4 bytes @ 0xE00FF014) -- CPU_ReadMem(4 bytes @ 0xE00FF018)  returns 0x00 (0010ms, 5480ms total)
T1B0C 6271:722 JLINK_GetDebugInfo(0x100) -- Value=0xE00FF003  returns 0x00 (0000ms, 5480ms total)
T1B0C 6271:722 JLINK_ReadMemU8(0xE00FFFF0, 0x0001 Items, ...) -- CPU is running -- CPU_ReadMem(1 bytes @ 0xE00FFFF0) -- Data:  0D  returns 0x01 (0001ms, 5481ms total)
T1B0C 6271:723 JLINK_ReadMemU8(0xE00FFFF4, 0x0001 Items, ...) -- CPU is running -- CPU_ReadMem(1 bytes @ 0xE00FFFF4) -- Data:  10  returns 0x01 (0001ms, 5482ms total)
T1B0C 6271:724 JLINK_ReadMemU8(0xE00FFFF8, 0x0001 Items, ...) -- CPU is running -- CPU_ReadMem(1 bytes @ 0xE00FFFF8) -- Data:  05  returns 0x01 (0001ms, 5483ms total)
T1B0C 6271:725 JLINK_ReadMemU8(0xE00FFFFC, 0x0001 Items, ...) -- CPU is running -- CPU_ReadMem(1 bytes @ 0xE00FFFFC) -- Data:  B1  returns 0x01 (0000ms, 5483ms total)
T1B0C 6271:725 JLINK_ReadMemU8(0xE00FFFD0, 0x0001 Items, ...) -- CPU is running -- CPU_ReadMem(1 bytes @ 0xE00FFFD0) -- Data:  04  returns 0x01 (0001ms, 5484ms total)
T1B0C 6271:726 JLINK_ReadMemU8(0xE00FFFD4, 0x0001 Items, ...) -- CPU is running -- CPU_ReadMem(1 bytes @ 0xE00FFFD4) -- Data:  00  returns 0x01 (0000ms, 5484ms total)
T1B0C 6271:727 JLINK_ReadMemU8(0xE00FFFD8, 0x0001 Items, ...) -- CPU is running -- CPU_ReadMem(1 bytes @ 0xE00FFFD8) -- Data:  00  returns 0x01 (0000ms, 5485ms total)
T1B0C 6271:727 JLINK_ReadMemU8(0xE00FFFDC, 0x0001 Items, ...) -- CPU is running -- CPU_ReadMem(1 bytes @ 0xE00FFFDC) -- Data:  00  returns 0x01 (0001ms, 5486ms total)
T1B0C 6271:728 JLINK_ReadMemU8(0xE00FFFE0, 0x0001 Items, ...) -- CPU is running -- CPU_ReadMem(1 bytes @ 0xE00FFFE0) -- Data:  C4  returns 0x01 (0001ms, 5487ms total)
T1B0C 6271:729 JLINK_ReadMemU8(0xE00FFFE4, 0x0001 Items, ...) -- CPU is running -- CPU_ReadMem(1 bytes @ 0xE00FFFE4) -- Data:  B4  returns 0x01 (0000ms, 5487ms total)
T1B0C 6271:729 JLINK_ReadMemU8(0xE00FFFE8, 0x0001 Items, ...) -- CPU is running -- CPU_ReadMem(1 bytes @ 0xE00FFFE8) -- Data:  0B  returns 0x01 (0001ms, 5488ms total)
T1B0C 6271:730 JLINK_ReadMemU8(0xE00FFFEC, 0x0001 Items, ...) -- CPU is running -- CPU_ReadMem(1 bytes @ 0xE00FFFEC) -- Data:  00  returns 0x01 (0001ms, 5489ms total)
T1B0C 6271:731 JLINK_ReadMemU32(0xE00FF000, 0x0001 Items, ...) -- CPU is running -- CPU_ReadMem(4 bytes @ 0xE00FF000) -- Data:  03 F0 F0 FF  returns 0x01 (0000ms, 5489ms total)
T1B0C 6271:731 JLINK_ReadMemU8(0xE000EFF0, 0x0001 Items, ...) -- CPU is running -- CPU_ReadMem(1 bytes @ 0xE000EFF0) -- Data:  0D  returns 0x01 (0001ms, 5490ms total)
T1B0C 6271:732 JLINK_ReadMemU8(0xE000EFF4, 0x0001 Items, ...) -- CPU is running -- CPU_ReadMem(1 bytes @ 0xE000EFF4) -- Data:  E0  returns 0x01 (0001ms, 5491ms total)
T1B0C 6271:733 JLINK_ReadMemU8(0xE000EFF8, 0x0001 Items, ...) -- CPU is running -- CPU_ReadMem(1 bytes @ 0xE000EFF8) -- Data:  05  returns 0x01 (0000ms, 5491ms total)
T1B0C 6271:733 JLINK_ReadMemU8(0xE000EFFC, 0x0001 Items, ...) -- CPU is running -- CPU_ReadMem(1 bytes @ 0xE000EFFC) -- Data:  B1  returns 0x01 (0001ms, 5492ms total)
T1B0C 6271:734 JLINK_ReadMemU8(0xE000EFD0, 0x0001 Items, ...) -- CPU is running -- CPU_ReadMem(1 bytes @ 0xE000EFD0) -- Data:  04  returns 0x01 (0001ms, 5493ms total)
T1B0C 6271:735 JLINK_ReadMemU8(0xE000EFD4, 0x0001 Items, ...) -- CPU is running -- CPU_ReadMem(1 bytes @ 0xE000EFD4) -- Data:  00  returns 0x01 (0000ms, 5493ms total)
T1B0C 6271:735 JLINK_ReadMemU8(0xE000EFD8, 0x0001 Items, ...) -- CPU is running -- CPU_ReadMem(1 bytes @ 0xE000EFD8) -- Data:  00  returns 0x01 (0001ms, 5494ms total)
T1B0C 6271:736 JLINK_ReadMemU8(0xE000EFDC, 0x0001 Items, ...) -- CPU is running -- CPU_ReadMem(1 bytes @ 0xE000EFDC) -- Data:  00  returns 0x01 (0001ms, 5495ms total)
T1B0C 6271:737 JLINK_ReadMemU8(0xE000EFE0, 0x0001 Items, ...) -- CPU is running -- CPU_ReadMem(1 bytes @ 0xE000EFE0) -- Data:  00  returns 0x01 (0000ms, 5495ms total)
T1B0C 6271:737 JLINK_ReadMemU8(0xE000EFE4, 0x0001 Items, ...) -- CPU is running -- CPU_ReadMem(1 bytes @ 0xE000EFE4) -- Data:  B0  returns 0x01 (0001ms, 5496ms total)
T1B0C 6271:738 JLINK_ReadMemU8(0xE000EFE8, 0x0001 Items, ...) -- CPU is running -- CPU_ReadMem(1 bytes @ 0xE000EFE8) -- Data:  0B  returns 0x01 (0001ms, 5497ms total)
T1B0C 6271:739 JLINK_ReadMemU8(0xE000EFEC, 0x0001 Items, ...) -- CPU is running -- CPU_ReadMem(1 bytes @ 0xE000EFEC) -- Data:  00  returns 0x01 (0000ms, 5497ms total)
T1B0C 6271:739 JLINK_ReadMemU32(0xE00FF004, 0x0001 Items, ...) -- CPU is running -- CPU_ReadMem(4 bytes @ 0xE00FF004) -- Data:  03 20 F0 FF  returns 0x01 (0001ms, 5498ms total)
T1B0C 6271:740 JLINK_ReadMemU8(0xE0001FF0, 0x0001 Items, ...) -- CPU is running -- CPU_ReadMem(1 bytes @ 0xE0001FF0) -- Data:  0D  returns 0x01 (0001ms, 5499ms total)
T1B0C 6271:741 JLINK_ReadMemU8(0xE0001FF4, 0x0001 Items, ...) -- CPU is running -- CPU_ReadMem(1 bytes @ 0xE0001FF4) -- Data:  E0  returns 0x01 (0000ms, 5499ms total)
T1B0C 6271:742 JLINK_ReadMemU8(0xE0001FF8, 0x0001 Items, ...) -- CPU is running -- CPU_ReadMem(1 bytes @ 0xE0001FF8) -- Data:  05  returns 0x01 (0000ms, 5499ms total)
T1B0C 6271:742 JLINK_ReadMemU8(0xE0001FFC, 0x0001 Items, ...) -- CPU is running -- CPU_ReadMem(1 bytes @ 0xE0001FFC) -- Data:  B1  returns 0x01 (0001ms, 5500ms total)
T1B0C 6271:743 JLINK_ReadMemU8(0xE0001FD0, 0x0001 Items, ...) -- CPU is running -- CPU_ReadMem(1 bytes @ 0xE0001FD0) -- Data:  04  returns 0x01 (0000ms, 5500ms total)
T1B0C 6271:743 JLINK_ReadMemU8(0xE0001FD4, 0x0001 Items, ...) -- CPU is running -- CPU_ReadMem(1 bytes @ 0xE0001FD4) -- Data:  00  returns 0x01 (0001ms, 5501ms total)
T1B0C 6271:744 JLINK_ReadMemU8(0xE0001FD8, 0x0001 Items, ...) -- CPU is running -- CPU_ReadMem(1 bytes @ 0xE0001FD8) -- Data:  00  returns 0x01 (0001ms, 5502ms total)
T1B0C 6271:745 JLINK_ReadMemU8(0xE0001FDC, 0x0001 Items, ...) -- CPU is running -- CPU_ReadMem(1 bytes @ 0xE0001FDC) -- Data:  00  returns 0x01 (0000ms, 5502ms total)
T1B0C 6271:745 JLINK_ReadMemU8(0xE0001FE0, 0x0001 Items, ...) -- CPU is running -- CPU_ReadMem(1 bytes @ 0xE0001FE0) -- Data:  02  returns 0x01 (0001ms, 5503ms total)
T1B0C 6271:746 JLINK_ReadMemU8(0xE0001FE4, 0x0001 Items, ...) -- CPU is running -- CPU_ReadMem(1 bytes @ 0xE0001FE4) -- Data:  B0  returns 0x01 (0001ms, 5504ms total)
T1B0C 6271:747 JLINK_ReadMemU8(0xE0001FE8, 0x0001 Items, ...) -- CPU is running -- CPU_ReadMem(1 bytes @ 0xE0001FE8) -- Data:  3B  returns 0x01 (0000ms, 5504ms total)
T1B0C 6271:747 JLINK_ReadMemU8(0xE0001FEC, 0x0001 Items, ...) -- CPU is running -- CPU_ReadMem(1 bytes @ 0xE0001FEC) -- Data:  00  returns 0x01 (0001ms, 5505ms total)
T1B0C 6271:748 JLINK_ReadMemU32(0xE00FF008, 0x0001 Items, ...) -- CPU is running -- CPU_ReadMem(4 bytes @ 0xE00FF008) -- Data:  03 30 F0 FF  returns 0x01 (0001ms, 5506ms total)
T1B0C 6271:749 JLINK_ReadMemU8(0xE0002FF0, 0x0001 Items, ...) -- CPU is running -- CPU_ReadMem(1 bytes @ 0xE0002FF0) -- Data:  0D  returns 0x01 (0000ms, 5506ms total)
T1B0C 6271:749 JLINK_ReadMemU8(0xE0002FF4, 0x0001 Items, ...) -- CPU is running -- CPU_ReadMem(1 bytes @ 0xE0002FF4) -- Data:  E0  returns 0x01 (0001ms, 5507ms total)
T1B0C 6271:750 JLINK_ReadMemU8(0xE0002FF8, 0x0001 Items, ...) -- CPU is running -- CPU_ReadMem(1 bytes @ 0xE0002FF8) -- Data:  05  returns 0x01 (0001ms, 5508ms total)
T1B0C 6271:751 JLINK_ReadMemU8(0xE0002FFC, 0x0001 Items, ...) -- CPU is running -- CPU_ReadMem(1 bytes @ 0xE0002FFC) -- Data:  B1  returns 0x01 (0000ms, 5508ms total)
T1B0C 6271:751 JLINK_ReadMemU8(0xE0002FD0, 0x0001 Items, ...) -- CPU is running -- CPU_ReadMem(1 bytes @ 0xE0002FD0) -- Data:  04  returns 0x01 (0001ms, 5509ms total)
T1B0C 6271:752 JLINK_ReadMemU8(0xE0002FD4, 0x0001 Items, ...) -- CPU is running -- CPU_ReadMem(1 bytes @ 0xE0002FD4) -- Data:  00  returns 0x01 (0001ms, 5510ms total)
T1B0C 6271:753 JLINK_ReadMemU8(0xE0002FD8, 0x0001 Items, ...) -- CPU is running -- CPU_ReadMem(1 bytes @ 0xE0002FD8) -- Data:  00  returns 0x01 (0000ms, 5510ms total)
T1B0C 6271:753 JLINK_ReadMemU8(0xE0002FDC, 0x0001 Items, ...) -- CPU is running -- CPU_ReadMem(1 bytes @ 0xE0002FDC) -- Data:  00  returns 0x01 (0001ms, 5511ms total)
T1B0C 6271:754 JLINK_ReadMemU8(0xE0002FE0, 0x0001 Items, ...) -- CPU is running -- CPU_ReadMem(1 bytes @ 0xE0002FE0) -- Data:  03  returns 0x01 (0000ms, 5511ms total)
T1B0C 6271:754 JLINK_ReadMemU8(0xE0002FE4, 0x0001 Items, ...) -- CPU is running -- CPU_ReadMem(1 bytes @ 0xE0002FE4) -- Data:  B0  returns 0x01 (0001ms, 5512ms total)
T1B0C 6271:755 JLINK_ReadMemU8(0xE0002FE8, 0x0001 Items, ...) -- CPU is running -- CPU_ReadMem(1 bytes @ 0xE0002FE8) -- Data:  2B  returns 0x01 (0001ms, 5513ms total)
T1B0C 6271:756 JLINK_ReadMemU8(0xE0002FEC, 0x0001 Items, ...) -- CPU is running -- CPU_ReadMem(1 bytes @ 0xE0002FEC) -- Data:  00  returns 0x01 (0000ms, 5513ms total)
T1B0C 6271:756 JLINK_ReadMemU32(0xE00FF00C, 0x0001 Items, ...) -- CPU is running -- CPU_ReadMem(4 bytes @ 0xE00FF00C) -- Data:  03 10 F0 FF  returns 0x01 (0001ms, 5514ms total)
T1B0C 6271:757 JLINK_ReadMemU8(0xE0000FF0, 0x0001 Items, ...) -- CPU is running -- CPU_ReadMem(1 bytes @ 0xE0000FF0) -- Data:  0D  returns 0x01 (0002ms, 5516ms total)
T1B0C 6271:759 JLINK_ReadMemU8(0xE0000FF4, 0x0001 Items, ...) -- CPU is running -- CPU_ReadMem(1 bytes @ 0xE0000FF4) -- Data:  E0  returns 0x01 (0001ms, 5517ms total)
T1B0C 6271:760 JLINK_ReadMemU8(0xE0000FF8, 0x0001 Items, ...) -- CPU is running -- CPU_ReadMem(1 bytes @ 0xE0000FF8) -- Data:  05  returns 0x01 (0000ms, 5517ms total)
T1B0C 6271:760 JLINK_ReadMemU8(0xE0000FFC, 0x0001 Items, ...) -- CPU is running -- CPU_ReadMem(1 bytes @ 0xE0000FFC) -- Data:  B1  returns 0x01 (0001ms, 5518ms total)
T1B0C 6271:761 JLINK_ReadMemU8(0xE0000FD0, 0x0001 Items, ...) -- CPU is running -- CPU_ReadMem(1 bytes @ 0xE0000FD0) -- Data:  04  returns 0x01 (0001ms, 5519ms total)
T1B0C 6271:762 JLINK_ReadMemU8(0xE0000FD4, 0x0001 Items, ...) -- CPU is running -- CPU_ReadMem(1 bytes @ 0xE0000FD4) -- Data:  00  returns 0x01 (0000ms, 5519ms total)
T1B0C 6271:762 JLINK_ReadMemU8(0xE0000FD8, 0x0001 Items, ...) -- CPU is running -- CPU_ReadMem(1 bytes @ 0xE0000FD8) -- Data:  00  returns 0x01 (0001ms, 5520ms total)
T1B0C 6271:763 JLINK_ReadMemU8(0xE0000FDC, 0x0001 Items, ...) -- CPU is running -- CPU_ReadMem(1 bytes @ 0xE0000FDC) -- Data:  00  returns 0x01 (0001ms, 5521ms total)
T1B0C 6271:764 JLINK_ReadMemU8(0xE0000FE0, 0x0001 Items, ...) -- CPU is running -- CPU_ReadMem(1 bytes @ 0xE0000FE0) -- Data:  01  returns 0x01 (0000ms, 5521ms total)
T1B0C 6271:764 JLINK_ReadMemU8(0xE0000FE4, 0x0001 Items, ...) -- CPU is running -- CPU_ReadMem(1 bytes @ 0xE0000FE4) -- Data:  B0  returns 0x01 (0001ms, 5522ms total)
T1B0C 6271:765 JLINK_ReadMemU8(0xE0000FE8, 0x0001 Items, ...) -- CPU is running -- CPU_ReadMem(1 bytes @ 0xE0000FE8) -- Data:  3B  returns 0x01 (0001ms, 5523ms total)
T1B0C 6271:766 JLINK_ReadMemU8(0xE0000FEC, 0x0001 Items, ...) -- CPU is running -- CPU_ReadMem(1 bytes @ 0xE0000FEC) -- Data:  00  returns 0x01 (0000ms, 5523ms total)
T1B0C 6271:766 JLINK_ReadMemU32(0xE00FF010, 0x0001 Items, ...) -- CPU is running -- CPU_ReadMem(4 bytes @ 0xE00FF010) -- Data:  03 10 F4 FF  returns 0x01 (0001ms, 5524ms total)
T1B0C 6271:767 JLINK_ReadMemU8(0xE0040FF0, 0x0001 Items, ...) -- CPU is running -- CPU_ReadMem(1 bytes @ 0xE0040FF0) -- Data:  0D  returns 0x01 (0001ms, 5525ms total)
T1B0C 6271:768 JLINK_ReadMemU8(0xE0040FF4, 0x0001 Items, ...) -- CPU is running -- CPU_ReadMem(1 bytes @ 0xE0040FF4) -- Data:  90  returns 0x01 (0000ms, 5525ms total)
T1B0C 6271:768 JLINK_ReadMemU8(0xE0040FF8, 0x0001 Items, ...) -- CPU is running -- CPU_ReadMem(1 bytes @ 0xE0040FF8) -- Data:  05  returns 0x01 (0001ms, 5526ms total)
T1B0C 6271:769 JLINK_ReadMemU8(0xE0040FFC, 0x0001 Items, ...) -- CPU is running -- CPU_ReadMem(1 bytes @ 0xE0040FFC) -- Data:  B1  returns 0x01 (0001ms, 5527ms total)
T1B0C 6271:770 JLINK_ReadMemU8(0xE0040FD0, 0x0001 Items, ...) -- CPU is running -- CPU_ReadMem(1 bytes @ 0xE0040FD0) -- Data:  04  returns 0x01 (0000ms, 5527ms total)
T1B0C 6271:770 JLINK_ReadMemU8(0xE0040FD4, 0x0001 Items, ...) -- CPU is running -- CPU_ReadMem(1 bytes @ 0xE0040FD4) -- Data:  00  returns 0x01 (0001ms, 5528ms total)
T1B0C 6271:771 JLINK_ReadMemU8(0xE0040FD8, 0x0001 Items, ...) -- CPU is running -- CPU_ReadMem(1 bytes @ 0xE0040FD8) -- Data:  00  returns 0x01 (0001ms, 5529ms total)
T1B0C 6271:772 JLINK_ReadMemU8(0xE0040FDC, 0x0001 Items, ...) -- CPU is running -- CPU_ReadMem(1 bytes @ 0xE0040FDC) -- Data:  00  returns 0x01 (0000ms, 5529ms total)
T1B0C 6271:772 JLINK_ReadMemU8(0xE0040FE0, 0x0001 Items, ...) -- CPU is running -- CPU_ReadMem(1 bytes @ 0xE0040FE0) -- Data:  A1  returns 0x01 (0001ms, 5530ms total)
T1B0C 6271:773 JLINK_ReadMemU8(0xE0040FE4, 0x0001 Items, ...) -- CPU is running -- CPU_ReadMem(1 bytes @ 0xE0040FE4) -- Data:  B9  returns 0x01 (0000ms, 5530ms total)
T1B0C 6271:774 JLINK_ReadMemU8(0xE0040FE8, 0x0001 Items, ...) -- CPU is running -- CPU_ReadMem(1 bytes @ 0xE0040FE8) -- Data:  0B  returns 0x01 (0000ms, 5530ms total)
T1B0C 6271:774 JLINK_ReadMemU8(0xE0040FEC, 0x0001 Items, ...) -- CPU is running -- CPU_ReadMem(1 bytes @ 0xE0040FEC) -- Data:  00  returns 0x01 (0001ms, 5531ms total)
T1B0C 6271:775 JLINK_ReadMemU32(0xE00FF014, 0x0001 Items, ...) -- CPU is running -- CPU_ReadMem(4 bytes @ 0xE00FF014) -- Data:  02 20 F4 FF  returns 0x01 (0000ms, 5531ms total)
T1B0C 6271:775 JLINK_ReadMemU32(0xE00FF018, 0x0001 Items, ...) -- CPU is running -- CPU_ReadMem(4 bytes @ 0xE00FF018) -- Data:  00 00 00 00  returns 0x01 (0001ms, 5532ms total)
T1B0C 6271:776 JLINK_ReadMem (0xE0001000, 0x0004 Bytes, ...) -- CPU is running -- CPU_ReadMem(4 bytes @ 0xE0001000) -- Data:  01 00 00 40  returns 0x00 (0001ms, 5533ms total)
T1B0C 6271:777 JLINK_ReadMem (0xE0001000, 0x0004 Bytes, ...) -- CPU is running -- CPU_ReadMem(4 bytes @ 0xE0001000) -- Data:  01 00 00 40  returns 0x00 (0000ms, 5533ms total)
T1B0C 6271:777 JLINK_ReadMem (0xE0001028, 0x0004 Bytes, ...) -- CPU is running -- CPU_ReadMem(4 bytes @ 0xE0001028) -- Data:  00 00 00 00  returns 0x00 (0224ms, 5757ms total)
T1B0C 6272:001 JLINK_WriteMem(0xE0001028, 0x0004 Bytes, ...) -- Data:  00 01 00 00 -- CPU is running -- CPU_WriteMem(4 bytes @ 0xE0001028)  returns 0x04 (0000ms, 5757ms total)
T1B0C 6272:001 JLINK_ReadMem (0xE0001028, 0x0004 Bytes, ...) -- CPU is running -- CPU_ReadMem(4 bytes @ 0xE0001028) -- Data:  00 00 00 00  returns 0x00 (0001ms, 5758ms total)
T1B0C 6272:002 JLINK_ReadMem (0xE0001038, 0x0004 Bytes, ...) -- CPU is running -- CPU_ReadMem(4 bytes @ 0xE0001038) -- Data:  00 02 00 00  returns 0x00 (0001ms, 5759ms total)
T1B0C 6272:003 JLINK_WriteMem(0xE0001038, 0x0004 Bytes, ...) -- Data:  00 03 00 00 -- CPU is running -- CPU_WriteMem(4 bytes @ 0xE0001038)  returns 0x04 (0000ms, 5759ms total)
T1B0C 6272:003 JLINK_ReadMem (0xE0001038, 0x0004 Bytes, ...) -- CPU is running -- CPU_ReadMem(4 bytes @ 0xE0001038) -- Data:  00 03 00 00  returns 0x00 (0001ms, 5760ms total)
T1B0C 6272:004 JLINK_ReadMem (0xE0001048, 0x0004 Bytes, ...) -- CPU is running -- CPU_ReadMem(4 bytes @ 0xE0001048) -- Data:  00 00 00 00  returns 0x00 (0001ms, 5761ms total)
T1B0C 6272:005 JLINK_WriteMem(0xE0001048, 0x0004 Bytes, ...) -- Data:  00 01 00 00 -- CPU is running -- CPU_WriteMem(4 bytes @ 0xE0001048)  returns 0x04 (0000ms, 5761ms total)
T1B0C 6272:005 JLINK_ReadMem (0xE0001048, 0x0004 Bytes, ...) -- CPU is running -- CPU_ReadMem(4 bytes @ 0xE0001048) -- Data:  00 00 00 00  returns 0x00 (0001ms, 5762ms total)
T1B0C 6272:006 JLINK_ReadMem (0xE0001058, 0x0004 Bytes, ...) -- CPU is running -- CPU_ReadMem(4 bytes @ 0xE0001058) -- Data:  00 00 00 00  returns 0x00 (0000ms, 5762ms total)
T1B0C 6272:006 JLINK_WriteMem(0xE0001058, 0x0004 Bytes, ...) -- Data:  00 01 00 00 -- CPU is running -- CPU_WriteMem(4 bytes @ 0xE0001058)  returns 0x04 (0001ms, 5763ms total)
T1B0C 6272:007 JLINK_ReadMem (0xE0001058, 0x0004 Bytes, ...) -- CPU is running -- CPU_ReadMem(4 bytes @ 0xE0001058) -- Data:  00 00 00 00  returns 0x00 (0001ms, 5764ms total)
T1B0C 6272:008 JLINK_ReadMem (0xE0001024, 0x0004 Bytes, ...) -- CPU is running -- CPU_ReadMem(4 bytes @ 0xE0001024) -- Data:  00 00 00 00  returns 0x00 (0000ms, 5764ms total)
T1B0C 6272:008 JLINK_WriteMem(0xE0001024, 0x0004 Bytes, ...) -- Data:  1F 00 00 00 -- CPU is running -- CPU_WriteMem(4 bytes @ 0xE0001024)  returns 0x04 (0001ms, 5765ms total)
T1B0C 6272:009 JLINK_ReadMem (0xE0001024, 0x0004 Bytes, ...) -- CPU is running -- CPU_ReadMem(4 bytes @ 0xE0001024) -- Data:  0F 00 00 00  returns 0x00 (0001ms, 5766ms total)
T1B0C 6272:010 JLINK_ReadMem (0xE0001034, 0x0004 Bytes, ...) -- CPU is running -- CPU_ReadMem(4 bytes @ 0xE0001034) -- Data:  00 00 00 00  returns 0x00 (0001ms, 5767ms total)
T1B0C 6272:011 JLINK_WriteMem(0xE0001034, 0x0004 Bytes, ...) -- Data:  1F 00 00 00 -- CPU is running -- CPU_WriteMem(4 bytes @ 0xE0001034)  returns 0x04 (0000ms, 5767ms total)
T1B0C 6272:011 JLINK_ReadMem (0xE0001034, 0x0004 Bytes, ...) -- CPU is running -- CPU_ReadMem(4 bytes @ 0xE0001034) -- Data:  0F 00 00 00  returns 0x00 (0001ms, 5768ms total)
T1B0C 6272:012 JLINK_ReadMem (0xE0001044, 0x0004 Bytes, ...) -- CPU is running -- CPU_ReadMem(4 bytes @ 0xE0001044) -- Data:  00 00 00 00  returns 0x00 (0001ms, 5769ms total)
T1B0C 6272:013 JLINK_WriteMem(0xE0001044, 0x0004 Bytes, ...) -- Data:  1F 00 00 00 -- CPU is running -- CPU_WriteMem(4 bytes @ 0xE0001044)  returns 0x04 (0000ms, 5769ms total)
T1B0C 6272:013 JLINK_ReadMem (0xE0001044, 0x0004 Bytes, ...) -- CPU is running -- CPU_ReadMem(4 bytes @ 0xE0001044) -- Data:  0F 00 00 00  returns 0x00 (0001ms, 5770ms total)
T1B0C 6272:014 JLINK_ReadMem (0xE0001054, 0x0004 Bytes, ...) -- CPU is running -- CPU_ReadMem(4 bytes @ 0xE0001054) -- Data:  00 00 00 00  returns 0x00 (0001ms, 5771ms total)
T1B0C 6272:015 JLINK_WriteMem(0xE0001054, 0x0004 Bytes, ...) -- Data:  1F 00 00 00 -- CPU is running -- CPU_WriteMem(4 bytes @ 0xE0001054)  returns 0x04 (0000ms, 5771ms total)
T1B0C 6272:015 JLINK_ReadMem (0xE0001054, 0x0004 Bytes, ...) -- CPU is running -- CPU_ReadMem(4 bytes @ 0xE0001054) -- Data:  0F 00 00 00  returns 0x00 (0001ms, 5772ms total)
T1B0C 6272:016 JLINK_ReadMem (0xE0001028, 0x0004 Bytes, ...) -- CPU is running -- CPU_ReadMem(4 bytes @ 0xE0001028) -- Data:  00 00 00 00  returns 0x00 (0001ms, 5773ms total)
T1B0C 6272:017 JLINK_ReadMem (0xE0001038, 0x0004 Bytes, ...) -- CPU is running -- CPU_ReadMem(4 bytes @ 0xE0001038) -- Data:  00 03 00 00  returns 0x00 (0000ms, 5773ms total)
T1B0C 6272:017 JLINK_ReadMem (0xE0001048, 0x0004 Bytes, ...) -- CPU is running -- CPU_ReadMem(4 bytes @ 0xE0001048) -- Data:  00 00 00 00  returns 0x00 (0001ms, 5774ms total)
T1B0C 6272:018 JLINK_ReadMem (0xE0001058, 0x0004 Bytes, ...) -- CPU is running -- CPU_ReadMem(4 bytes @ 0xE0001058) -- Data:  00 00 00 00  returns 0x00 (0001ms, 5775ms total)
T1B0C 6272:019 JLINK_WriteMem(0xE0001020, 0x0004 Bytes, ...) -- Data:  00 00 00 00 -- CPU is running -- CPU_WriteMem(4 bytes @ 0xE0001020)  returns 0x04 (0000ms, 5775ms total)
T1B0C 6272:019 JLINK_WriteMem(0xE0001024, 0x0004 Bytes, ...) -- Data:  00 00 00 00 -- CPU is running -- CPU_WriteMem(4 bytes @ 0xE0001024)  returns 0x04 (0001ms, 5776ms total)
T1B0C 6272:020 JLINK_WriteMem(0xE0001028, 0x0004 Bytes, ...) -- Data:  00 00 00 00 -- CPU is running -- CPU_WriteMem(4 bytes @ 0xE0001028)  returns 0x04 (0000ms, 5776ms total)
T1B0C 6272:020 JLINK_WriteMem(0xE0001030, 0x0004 Bytes, ...) -- Data:  00 00 00 00 -- CPU is running -- CPU_WriteMem(4 bytes @ 0xE0001030)  returns 0x04 (0001ms, 5777ms total)
T1B0C 6272:021 JLINK_WriteMem(0xE0001034, 0x0004 Bytes, ...) -- Data:  00 00 00 00 -- CPU is running -- CPU_WriteMem(4 bytes @ 0xE0001034)  returns 0x04 (0000ms, 5777ms total)
T1B0C 6272:021 JLINK_WriteMem(0xE0001038, 0x0004 Bytes, ...) -- Data:  00 00 00 00 -- CPU is running -- CPU_WriteMem(4 bytes @ 0xE0001038)  returns 0x04 (0001ms, 5778ms total)
T1B0C 6272:022 JLINK_WriteMem(0xE0001040, 0x0004 Bytes, ...) -- Data:  00 00 00 00 -- CPU is running -- CPU_WriteMem(4 bytes @ 0xE0001040)  returns 0x04 (0000ms, 5778ms total)
T1B0C 6272:022 JLINK_WriteMem(0xE0001044, 0x0004 Bytes, ...) -- Data:  00 00 00 00 -- CPU is running -- CPU_WriteMem(4 bytes @ 0xE0001044)  returns 0x04 (0001ms, 5779ms total)
T1B0C 6272:023 JLINK_WriteMem(0xE0001048, 0x0004 Bytes, ...) -- Data:  00 00 00 00 -- CPU is running -- CPU_WriteMem(4 bytes @ 0xE0001048)  returns 0x04 (0000ms, 5779ms total)
T1B0C 6272:023 JLINK_WriteMem(0xE0001050, 0x0004 Bytes, ...) -- Data:  00 00 00 00 -- CPU is running -- CPU_WriteMem(4 bytes @ 0xE0001050)  returns 0x04 (0001ms, 5780ms total)
T1B0C 6272:024 JLINK_WriteMem(0xE0001054, 0x0004 Bytes, ...) -- Data:  00 00 00 00 -- CPU is running -- CPU_WriteMem(4 bytes @ 0xE0001054)  returns 0x04 (0000ms, 5780ms total)
T1B0C 6272:024 JLINK_WriteMem(0xE0001058, 0x0004 Bytes, ...) -- Data:  00 00 00 00 -- CPU is running -- CPU_WriteMem(4 bytes @ 0xE0001058)  returns 0x04 (0001ms, 5781ms total)
T1B0C 6272:025 JLINK_Halt()  returns 0x00 (0011ms, 5792ms total)
T1B0C 6272:038 JLINK_JTAG_GetDeviceID(DeviceIndex = 0)  returns 0x4BA00477 (0000ms, 5792ms total)
T1B0C 6272:038 JLINK_ReadMemU32(0x400E0740, 0x0001 Items, ...) -- CPU_ReadMem(4 bytes @ 0x400E0740) -- Data:  E0 0C AC 28  returns 0x01 (0000ms, 5792ms total)
T1B0C 6272:039 JLINK_WriteMem(0x400E0A04, 0x0004 Bytes, ...) -- Data:  09 00 00 5A -- CPU_WriteMem(4 bytes @ 0x400E0A04)  returns 0x04 (0000ms, 5792ms total)
T1B0C 6272:039 JLINK_ReadMem (0x400E0A08, 0x0004 Bytes, ...) -- CPU_ReadMem(4 bytes @ 0x400E0A08) -- Data:  01 00 00 00  returns 0x00 (0001ms, 5793ms total)
T1B0C 6272:040 JLINK_WriteMem(0x400E0A04, 0x0004 Bytes, ...) -- Data:  09 10 00 5A -- CPU_WriteMem(4 bytes @ 0x400E0A04)  returns 0x04 (0001ms, 5794ms total)
T1B0C 6272:041 JLINK_ReadMem (0x400E0A08, 0x0004 Bytes, ...) -- CPU_ReadMem(4 bytes @ 0x400E0A08) -- Data:  01 00 00 00  returns 0x00 (0000ms, 5794ms total)
T1B0C 6272:041 JLINK_WriteMem(0x400E0A04, 0x0004 Bytes, ...) -- Data:  09 20 00 5A -- CPU_WriteMem(4 bytes @ 0x400E0A04)  returns 0x04 (0001ms, 5795ms total)
T1B0C 6272:042 JLINK_ReadMem (0x400E0A08, 0x0004 Bytes, ...) -- CPU_ReadMem(4 bytes @ 0x400E0A08) -- Data:  01 00 00 00  returns 0x00 (0000ms, 5795ms total)
T1B0C 6272:042 JLINK_WriteMem(0x400E0A04, 0x0004 Bytes, ...) -- Data:  09 30 00 5A -- CPU_WriteMem(4 bytes @ 0x400E0A04)  returns 0x04 (0001ms, 5796ms total)
T1B0C 6272:043 JLINK_ReadMem (0x400E0A08, 0x0004 Bytes, ...) -- CPU_ReadMem(4 bytes @ 0x400E0A08) -- Data:  01 00 00 00  returns 0x00 (0001ms, 5797ms total)
T1B0C 6272:044 JLINK_WriteMem(0x400E0A04, 0x0004 Bytes, ...) -- Data:  09 40 00 5A -- CPU_WriteMem(4 bytes @ 0x400E0A04)  returns 0x04 (0000ms, 5797ms total)
T1B0C 6272:044 JLINK_ReadMem (0x400E0A08, 0x0004 Bytes, ...) -- CPU_ReadMem(4 bytes @ 0x400E0A08) -- Data:  01 00 00 00  returns 0x00 (0001ms, 5798ms total)
T1B0C 6272:045 JLINK_WriteMem(0x400E0A04, 0x0004 Bytes, ...) -- Data:  09 50 00 5A -- CPU_WriteMem(4 bytes @ 0x400E0A04)  returns 0x04 (0000ms, 5798ms total)
T1B0C 6272:045 JLINK_ReadMem (0x400E0A08, 0x0004 Bytes, ...) -- CPU_ReadMem(4 bytes @ 0x400E0A08) -- Data:  01 00 00 00  returns 0x00 (0001ms, 5799ms total)
T1B0C 6272:046 JLINK_WriteMem(0x400E0A04, 0x0004 Bytes, ...) -- Data:  09 60 00 5A -- CPU_WriteMem(4 bytes @ 0x400E0A04)  returns 0x04 (0001ms, 5800ms total)
T1B0C 6272:047 JLINK_ReadMem (0x400E0A08, 0x0004 Bytes, ...) -- CPU_ReadMem(4 bytes @ 0x400E0A08) -- Data:  01 00 00 00  returns 0x00 (0000ms, 5800ms total)
T1B0C 6272:047 JLINK_WriteMem(0x400E0A04, 0x0004 Bytes, ...) -- Data:  09 70 00 5A -- CPU_WriteMem(4 bytes @ 0x400E0A04)  returns 0x04 (0001ms, 5801ms total)
T1B0C 6272:048 JLINK_ReadMem (0x400E0A08, 0x0004 Bytes, ...) -- CPU_ReadMem(4 bytes @ 0x400E0A08) -- Data:  01 00 00 00  returns 0x00 (0001ms, 5802ms total)
T1B0C 6272:049 JLINK_WriteMem(0x400E0A04, 0x0004 Bytes, ...) -- Data:  09 80 00 5A -- CPU_WriteMem(4 bytes @ 0x400E0A04)  returns 0x04 (0000ms, 5802ms total)
T1B0C 6272:049 JLINK_ReadMem (0x400E0A08, 0x0004 Bytes, ...) -- CPU_ReadMem(4 bytes @ 0x400E0A08) -- Data:  01 00 00 00  returns 0x00 (0001ms, 5803ms total)
T1B0C 6272:050 JLINK_WriteMem(0x400E0A04, 0x0004 Bytes, ...) -- Data:  09 90 00 5A -- CPU_WriteMem(4 bytes @ 0x400E0A04)  returns 0x04 (0000ms, 5803ms total)
T1B0C 6272:050 JLINK_ReadMem (0x400E0A08, 0x0004 Bytes, ...) -- CPU_ReadMem(4 bytes @ 0x400E0A08) -- Data:  01 00 00 00  returns 0x00 (0001ms, 5804ms total)
T1B0C 6272:051 JLINK_WriteMem(0x400E0A04, 0x0004 Bytes, ...) -- Data:  09 A0 00 5A -- CPU_WriteMem(4 bytes @ 0x400E0A04)  returns 0x04 (0000ms, 5804ms total)
T1B0C 6272:052 JLINK_ReadMem (0x400E0A08, 0x0004 Bytes, ...) -- CPU_ReadMem(4 bytes @ 0x400E0A08) -- Data:  01 00 00 00  returns 0x00 (0000ms, 5804ms total)
T1B0C 6272:052 JLINK_WriteMem(0x400E0A04, 0x0004 Bytes, ...) -- Data:  09 B0 00 5A -- CPU_WriteMem(4 bytes @ 0x400E0A04)  returns 0x04 (0001ms, 5805ms total)
T1B0C 6272:053 JLINK_ReadMem (0x400E0A08, 0x0004 Bytes, ...) -- CPU_ReadMem(4 bytes @ 0x400E0A08) -- Data:  01 00 00 00  returns 0x00 (0000ms, 5805ms total)
T1B0C 6272:053 JLINK_WriteMem(0x400E0A04, 0x0004 Bytes, ...) -- Data:  09 C0 00 5A -- CPU_WriteMem(4 bytes @ 0x400E0A04)  returns 0x04 (0001ms, 5806ms total)
T1B0C 6272:054 JLINK_ReadMem (0x400E0A08, 0x0004 Bytes, ...) -- CPU_ReadMem(4 bytes @ 0x400E0A08) -- Data:  01 00 00 00  returns 0x00 (0000ms, 5806ms total)
T1B0C 6272:054 JLINK_WriteMem(0x400E0A04, 0x0004 Bytes, ...) -- Data:  09 D0 00 5A -- CPU_WriteMem(4 bytes @ 0x400E0A04)  returns 0x04 (0001ms, 5807ms total)
T1B0C 6272:055 JLINK_ReadMem (0x400E0A08, 0x0004 Bytes, ...) -- CPU_ReadMem(4 bytes @ 0x400E0A08) -- Data:  01 00 00 00  returns 0x00 (0001ms, 5808ms total)
T1B0C 6272:056 JLINK_WriteMem(0x400E0A04, 0x0004 Bytes, ...) -- Data:  09 E0 00 5A -- CPU_WriteMem(4 bytes @ 0x400E0A04)  returns 0x04 (0000ms, 5808ms total)
T1B0C 6272:056 JLINK_ReadMem (0x400E0A08, 0x0004 Bytes, ...) -- CPU_ReadMem(4 bytes @ 0x400E0A08) -- Data:  01 00 00 00  returns 0x00 (0001ms, 5809ms total)
T1B0C 6272:057 JLINK_WriteMem(0x400E0A04, 0x0004 Bytes, ...) -- Data:  09 F0 00 5A -- CPU_WriteMem(4 bytes @ 0x400E0A04)  returns 0x04 (0000ms, 5809ms total)
T1B0C 6272:057 JLINK_ReadMem (0x400E0A08, 0x0004 Bytes, ...) -- CPU_ReadMem(4 bytes @ 0x400E0A08) -- Data:  01 00 00 00  returns 0x00 (0001ms, 5810ms total)
T1B0C 6272:058 JLINK_WriteMem(0x400E0A04, 0x0004 Bytes, ...) -- Data:  09 00 01 5A -- CPU_WriteMem(4 bytes @ 0x400E0A04)  returns 0x04 (0001ms, 5811ms total)
T1B0C 6272:059 JLINK_ReadMem (0x400E0A08, 0x0004 Bytes, ...) -- CPU_ReadMem(4 bytes @ 0x400E0A08) -- Data:  01 00 00 00  returns 0x00 (0000ms, 5811ms total)
T1B0C 6272:059 JLINK_WriteMem(0x400E0A04, 0x0004 Bytes, ...) -- Data:  09 10 01 5A -- CPU_WriteMem(4 bytes @ 0x400E0A04)  returns 0x04 (0001ms, 5812ms total)
T1B0C 6272:060 JLINK_ReadMem (0x400E0A08, 0x0004 Bytes, ...) -- CPU_ReadMem(4 bytes @ 0x400E0A08) -- Data:  01 00 00 00  returns 0x00 (0001ms, 5813ms total)
T1B0C 6272:061 JLINK_WriteMem(0x400E0A04, 0x0004 Bytes, ...) -- Data:  09 20 01 5A -- CPU_WriteMem(4 bytes @ 0x400E0A04)  returns 0x04 (0000ms, 5813ms total)
T1B0C 6272:061 JLINK_ReadMem (0x400E0A08, 0x0004 Bytes, ...) -- CPU_ReadMem(4 bytes @ 0x400E0A08) -- Data:  01 00 00 00  returns 0x00 (0001ms, 5814ms total)
T1B0C 6272:062 JLINK_WriteMem(0x400E0A04, 0x0004 Bytes, ...) -- Data:  09 30 01 5A -- CPU_WriteMem(4 bytes @ 0x400E0A04)  returns 0x04 (0000ms, 5814ms total)
T1B0C 6272:062 JLINK_ReadMem (0x400E0A08, 0x0004 Bytes, ...) -- CPU_ReadMem(4 bytes @ 0x400E0A08) -- Data:  01 00 00 00  returns 0x00 (0001ms, 5815ms total)
T1B0C 6272:063 JLINK_WriteMem(0x400E0A04, 0x0004 Bytes, ...) -- Data:  09 40 01 5A -- CPU_WriteMem(4 bytes @ 0x400E0A04)  returns 0x04 (0000ms, 5815ms total)
T1B0C 6272:063 JLINK_ReadMem (0x400E0A08, 0x0004 Bytes, ...) -- CPU_ReadMem(4 bytes @ 0x400E0A08) -- Data:  01 00 00 00  returns 0x00 (0001ms, 5816ms total)
T1B0C 6272:064 JLINK_WriteMem(0x400E0A04, 0x0004 Bytes, ...) -- Data:  09 50 01 5A -- CPU_WriteMem(4 bytes @ 0x400E0A04)  returns 0x04 (0001ms, 5817ms total)
T1B0C 6272:065 JLINK_ReadMem (0x400E0A08, 0x0004 Bytes, ...) -- CPU_ReadMem(4 bytes @ 0x400E0A08) -- Data:  01 00 00 00  returns 0x00 (0000ms, 5817ms total)
T1B0C 6272:065 JLINK_WriteMem(0x400E0A04, 0x0004 Bytes, ...) -- Data:  09 60 01 5A -- CPU_WriteMem(4 bytes @ 0x400E0A04)  returns 0x04 (0001ms, 5818ms total)
T1B0C 6272:066 JLINK_ReadMem (0x400E0A08, 0x0004 Bytes, ...) -- CPU_ReadMem(4 bytes @ 0x400E0A08) -- Data:  01 00 00 00  returns 0x00 (0001ms, 5819ms total)
T1B0C 6272:067 JLINK_WriteMem(0x400E0A04, 0x0004 Bytes, ...) -- Data:  09 70 01 5A -- CPU_WriteMem(4 bytes @ 0x400E0A04)  returns 0x04 (0000ms, 5819ms total)
T1B0C 6272:067 JLINK_ReadMem (0x400E0A08, 0x0004 Bytes, ...) -- CPU_ReadMem(4 bytes @ 0x400E0A08) -- Data:  01 00 00 00  returns 0x00 (0001ms, 5820ms total)
T1B0C 6272:068 JLINK_WriteMem(0x400E0A04, 0x0004 Bytes, ...) -- Data:  09 80 01 5A -- CPU_WriteMem(4 bytes @ 0x400E0A04)  returns 0x04 (0000ms, 5820ms total)
T1B0C 6272:068 JLINK_ReadMem (0x400E0A08, 0x0004 Bytes, ...) -- CPU_ReadMem(4 bytes @ 0x400E0A08) -- Data:  01 00 00 00  returns 0x00 (0001ms, 5821ms total)
T1B0C 6272:069 JLINK_WriteMem(0x400E0A04, 0x0004 Bytes, ...) -- Data:  09 90 01 5A -- CPU_WriteMem(4 bytes @ 0x400E0A04)  returns 0x04 (0000ms, 5821ms total)
T1B0C 6272:069 JLINK_ReadMem (0x400E0A08, 0x0004 Bytes, ...) -- CPU_ReadMem(4 bytes @ 0x400E0A08) -- Data:  01 00 00 00  returns 0x00 (0001ms, 5822ms total)
T1B0C 6272:070 JLINK_WriteMem(0x400E0A04, 0x0004 Bytes, ...) -- Data:  09 A0 01 5A -- CPU_WriteMem(4 bytes @ 0x400E0A04)  returns 0x04 (0001ms, 5823ms total)
T1B0C 6272:071 JLINK_ReadMem (0x400E0A08, 0x0004 Bytes, ...) -- CPU_ReadMem(4 bytes @ 0x400E0A08) -- Data:  01 00 00 00  returns 0x00 (0000ms, 5823ms total)
T1B0C 6272:071 JLINK_WriteMem(0x400E0A04, 0x0004 Bytes, ...) -- Data:  09 B0 01 5A -- CPU_WriteMem(4 bytes @ 0x400E0A04)  returns 0x04 (0001ms, 5824ms total)
T1B0C 6272:072 JLINK_ReadMem (0x400E0A08, 0x0004 Bytes, ...) -- CPU_ReadMem(4 bytes @ 0x400E0A08) -- Data:  01 00 00 00  returns 0x00 (0000ms, 5824ms total)
T1B0C 6272:072 JLINK_WriteMem(0x400E0A04, 0x0004 Bytes, ...) -- Data:  09 C0 01 5A -- CPU_WriteMem(4 bytes @ 0x400E0A04)  returns 0x04 (0001ms, 5825ms total)
T1B0C 6272:073 JLINK_ReadMem (0x400E0A08, 0x0004 Bytes, ...) -- CPU_ReadMem(4 bytes @ 0x400E0A08) -- Data:  01 00 00 00  returns 0x00 (0001ms, 5826ms total)
T1B0C 6272:074 JLINK_WriteMem(0x400E0A04, 0x0004 Bytes, ...) -- Data:  09 D0 01 5A -- CPU_WriteMem(4 bytes @ 0x400E0A04)  returns 0x04 (0000ms, 5826ms total)
T1B0C 6272:074 JLINK_ReadMem (0x400E0A08, 0x0004 Bytes, ...) -- CPU_ReadMem(4 bytes @ 0x400E0A08) -- Data:  01 00 00 00  returns 0x00 (0001ms, 5827ms total)
T1B0C 6272:075 JLINK_WriteMem(0x400E0A04, 0x0004 Bytes, ...) -- Data:  09 E0 01 5A -- CPU_WriteMem(4 bytes @ 0x400E0A04)  returns 0x04 (0000ms, 5827ms total)
T1B0C 6272:075 JLINK_ReadMem (0x400E0A08, 0x0004 Bytes, ...) -- CPU_ReadMem(4 bytes @ 0x400E0A08) -- Data:  01 00 00 00  returns 0x00 (0001ms, 5828ms total)
T1B0C 6272:076 JLINK_WriteMem(0x400E0A04, 0x0004 Bytes, ...) -- Data:  09 F0 01 5A -- CPU_WriteMem(4 bytes @ 0x400E0A04)  returns 0x04 (0001ms, 5829ms total)
T1B0C 6272:077 JLINK_ReadMem (0x400E0A08, 0x0004 Bytes, ...) -- CPU_ReadMem(4 bytes @ 0x400E0A08) -- Data:  01 00 00 00  returns 0x00 (0000ms, 5829ms total)
T1B0C 6272:077 JLINK_WriteMem(0x400E0A04, 0x0004 Bytes, ...) -- Data:  09 00 02 5A -- CPU_WriteMem(4 bytes @ 0x400E0A04)  returns 0x04 (0001ms, 5830ms total)
T1B0C 6272:078 JLINK_ReadMem (0x400E0A08, 0x0004 Bytes, ...) -- CPU_ReadMem(4 bytes @ 0x400E0A08) -- Data:  01 00 00 00  returns 0x00 (0000ms, 5830ms total)
T1B0C 6272:078 JLINK_WriteMem(0x400E0A04, 0x0004 Bytes, ...) -- Data:  09 10 02 5A -- CPU_WriteMem(4 bytes @ 0x400E0A04)  returns 0x04 (0001ms, 5831ms total)
T1B0C 6272:079 JLINK_ReadMem (0x400E0A08, 0x0004 Bytes, ...) -- CPU_ReadMem(4 bytes @ 0x400E0A08) -- Data:  01 00 00 00  returns 0x00 (0000ms, 5831ms total)
T1B0C 6272:079 JLINK_WriteMem(0x400E0A04, 0x0004 Bytes, ...) -- Data:  09 20 02 5A -- CPU_WriteMem(4 bytes @ 0x400E0A04)  returns 0x04 (0001ms, 5832ms total)
T1B0C 6272:080 JLINK_ReadMem (0x400E0A08, 0x0004 Bytes, ...) -- CPU_ReadMem(4 bytes @ 0x400E0A08) -- Data:  01 00 00 00  returns 0x00 (0001ms, 5833ms total)
T1B0C 6272:081 JLINK_WriteMem(0x400E0A04, 0x0004 Bytes, ...) -- Data:  09 30 02 5A -- CPU_WriteMem(4 bytes @ 0x400E0A04)  returns 0x04 (0000ms, 5833ms total)
T1B0C 6272:081 JLINK_ReadMem (0x400E0A08, 0x0004 Bytes, ...) -- CPU_ReadMem(4 bytes @ 0x400E0A08) -- Data:  01 00 00 00  returns 0x00 (0001ms, 5834ms total)
T1B0C 6272:082 JLINK_WriteMem(0x400E0A04, 0x0004 Bytes, ...) -- Data:  09 40 02 5A -- CPU_WriteMem(4 bytes @ 0x400E0A04)  returns 0x04 (0000ms, 5834ms total)
T1B0C 6272:082 JLINK_ReadMem (0x400E0A08, 0x0004 Bytes, ...) -- CPU_ReadMem(4 bytes @ 0x400E0A08) -- Data:  01 00 00 00  returns 0x00 (0001ms, 5835ms total)
T1B0C 6272:083 JLINK_WriteMem(0x400E0A04, 0x0004 Bytes, ...) -- Data:  09 50 02 5A -- CPU_WriteMem(4 bytes @ 0x400E0A04)  returns 0x04 (0000ms, 5835ms total)
T1B0C 6272:083 JLINK_ReadMem (0x400E0A08, 0x0004 Bytes, ...) -- CPU_ReadMem(4 bytes @ 0x400E0A08) -- Data:  01 00 00 00  returns 0x00 (0001ms, 5836ms total)
T1B0C 6272:084 JLINK_WriteMem(0x400E0A04, 0x0004 Bytes, ...) -- Data:  09 60 02 5A -- CPU_WriteMem(4 bytes @ 0x400E0A04)  returns 0x04 (0000ms, 5836ms total)
T1B0C 6272:084 JLINK_ReadMem (0x400E0A08, 0x0004 Bytes, ...) -- CPU_ReadMem(4 bytes @ 0x400E0A08) -- Data:  01 00 00 00  returns 0x00 (0001ms, 5837ms total)
T1B0C 6272:085 JLINK_WriteMem(0x400E0A04, 0x0004 Bytes, ...) -- Data:  09 70 02 5A -- CPU_WriteMem(4 bytes @ 0x400E0A04)  returns 0x04 (0001ms, 5838ms total)
T1B0C 6272:086 JLINK_ReadMem (0x400E0A08, 0x0004 Bytes, ...) -- CPU_ReadMem(4 bytes @ 0x400E0A08) -- Data:  01 00 00 00  returns 0x00 (0000ms, 5838ms total)
T1B0C 6272:086 JLINK_WriteMem(0x400E0A04, 0x0004 Bytes, ...) -- Data:  09 80 02 5A -- CPU_WriteMem(4 bytes @ 0x400E0A04)  returns 0x04 (0001ms, 5839ms total)
T1B0C 6272:087 JLINK_ReadMem (0x400E0A08, 0x0004 Bytes, ...) -- CPU_ReadMem(4 bytes @ 0x400E0A08) -- Data:  01 00 00 00  returns 0x00 (0000ms, 5839ms total)
T1B0C 6272:087 JLINK_WriteMem(0x400E0A04, 0x0004 Bytes, ...) -- Data:  09 90 02 5A -- CPU_WriteMem(4 bytes @ 0x400E0A04)  returns 0x04 (0001ms, 5840ms total)
T1B0C 6272:088 JLINK_ReadMem (0x400E0A08, 0x0004 Bytes, ...) -- CPU_ReadMem(4 bytes @ 0x400E0A08) -- Data:  01 00 00 00  returns 0x00 (0001ms, 5841ms total)
T1B0C 6272:089 JLINK_WriteMem(0x400E0A04, 0x0004 Bytes, ...) -- Data:  09 A0 02 5A -- CPU_WriteMem(4 bytes @ 0x400E0A04)  returns 0x04 (0000ms, 5841ms total)
T1B0C 6272:089 JLINK_ReadMem (0x400E0A08, 0x0004 Bytes, ...) -- CPU_ReadMem(4 bytes @ 0x400E0A08) -- Data:  01 00 00 00  returns 0x00 (0001ms, 5842ms total)
T1B0C 6272:090 JLINK_WriteMem(0x400E0A04, 0x0004 Bytes, ...) -- Data:  09 B0 02 5A -- CPU_WriteMem(4 bytes @ 0x400E0A04)  returns 0x04 (0000ms, 5842ms total)
T1B0C 6272:090 JLINK_ReadMem (0x400E0A08, 0x0004 Bytes, ...) -- CPU_ReadMem(4 bytes @ 0x400E0A08) -- Data:  01 00 00 00  returns 0x00 (0001ms, 5843ms total)
T1B0C 6272:091 JLINK_WriteMem(0x400E0A04, 0x0004 Bytes, ...) -- Data:  09 C0 02 5A -- CPU_WriteMem(4 bytes @ 0x400E0A04)  returns 0x04 (0000ms, 5843ms total)
T1B0C 6272:091 JLINK_ReadMem (0x400E0A08, 0x0004 Bytes, ...) -- CPU_ReadMem(4 bytes @ 0x400E0A08) -- Data:  01 00 00 00  returns 0x00 (0001ms, 5844ms total)
T1B0C 6272:092 JLINK_WriteMem(0x400E0A04, 0x0004 Bytes, ...) -- Data:  09 D0 02 5A -- CPU_WriteMem(4 bytes @ 0x400E0A04)  returns 0x04 (0001ms, 5845ms total)
T1B0C 6272:093 JLINK_ReadMem (0x400E0A08, 0x0004 Bytes, ...) -- CPU_ReadMem(4 bytes @ 0x400E0A08) -- Data:  01 00 00 00  returns 0x00 (0000ms, 5845ms total)
T1B0C 6272:093 JLINK_WriteMem(0x400E0A04, 0x0004 Bytes, ...) -- Data:  09 E0 02 5A -- CPU_WriteMem(4 bytes @ 0x400E0A04)  returns 0x04 (0001ms, 5846ms total)
T1B0C 6272:094 JLINK_ReadMem (0x400E0A08, 0x0004 Bytes, ...) -- CPU_ReadMem(4 bytes @ 0x400E0A08) -- Data:  01 00 00 00  returns 0x00 (0001ms, 5847ms total)
T1B0C 6272:095 JLINK_WriteMem(0x400E0A04, 0x0004 Bytes, ...) -- Data:  09 F0 02 5A -- CPU_WriteMem(4 bytes @ 0x400E0A04)  returns 0x04 (0000ms, 5847ms total)
T1B0C 6272:095 JLINK_ReadMem (0x400E0A08, 0x0004 Bytes, ...) -- CPU_ReadMem(4 bytes @ 0x400E0A08) -- Data:  01 00 00 00  returns 0x00 (0001ms, 5848ms total)
T1B0C 6272:096 JLINK_WriteMem(0x400E0A04, 0x0004 Bytes, ...) -- Data:  09 00 03 5A -- CPU_WriteMem(4 bytes @ 0x400E0A04)  returns 0x04 (0000ms, 5848ms total)
T1B0C 6272:096 JLINK_ReadMem (0x400E0A08, 0x0004 Bytes, ...) -- CPU_ReadMem(4 bytes @ 0x400E0A08) -- Data:  01 00 00 00  returns 0x00 (0001ms, 5849ms total)
T1B0C 6272:097 JLINK_WriteMem(0x400E0A04, 0x0004 Bytes, ...) -- Data:  09 10 03 5A -- CPU_WriteMem(4 bytes @ 0x400E0A04)  returns 0x04 (0001ms, 5850ms total)
T1B0C 6272:098 JLINK_ReadMem (0x400E0A08, 0x0004 Bytes, ...) -- CPU_ReadMem(4 bytes @ 0x400E0A08) -- Data:  01 00 00 00  returns 0x00 (0000ms, 5850ms total)
T1B0C 6272:098 JLINK_WriteMem(0x400E0A04, 0x0004 Bytes, ...) -- Data:  09 20 03 5A -- CPU_WriteMem(4 bytes @ 0x400E0A04)  returns 0x04 (0001ms, 5851ms total)
T1B0C 6272:099 JLINK_ReadMem (0x400E0A08, 0x0004 Bytes, ...) -- CPU_ReadMem(4 bytes @ 0x400E0A08) -- Data:  01 00 00 00  returns 0x00 (0000ms, 5851ms total)
T1B0C 6272:099 JLINK_WriteMem(0x400E0A04, 0x0004 Bytes, ...) -- Data:  09 30 03 5A -- CPU_WriteMem(4 bytes @ 0x400E0A04)  returns 0x04 (0001ms, 5852ms total)
T1B0C 6272:100 JLINK_ReadMem (0x400E0A08, 0x0004 Bytes, ...) -- CPU_ReadMem(4 bytes @ 0x400E0A08) -- Data:  01 00 00 00  returns 0x00 (0001ms, 5853ms total)
T1B0C 6272:101 JLINK_WriteMem(0x400E0A04, 0x0004 Bytes, ...) -- Data:  09 40 03 5A -- CPU_WriteMem(4 bytes @ 0x400E0A04)  returns 0x04 (0000ms, 5853ms total)
T1B0C 6272:101 JLINK_ReadMem (0x400E0A08, 0x0004 Bytes, ...) -- CPU_ReadMem(4 bytes @ 0x400E0A08) -- Data:  01 00 00 00  returns 0x00 (0001ms, 5854ms total)
T1B0C 6272:102 JLINK_WriteMem(0x400E0A04, 0x0004 Bytes, ...) -- Data:  09 50 03 5A -- CPU_WriteMem(4 bytes @ 0x400E0A04)  returns 0x04 (0000ms, 5854ms total)
T1B0C 6272:102 JLINK_ReadMem (0x400E0A08, 0x0004 Bytes, ...) -- CPU_ReadMem(4 bytes @ 0x400E0A08) -- Data:  01 00 00 00  returns 0x00 (0001ms, 5855ms total)
T1B0C 6272:103 JLINK_WriteMem(0x400E0A04, 0x0004 Bytes, ...) -- Data:  09 60 03 5A -- CPU_WriteMem(4 bytes @ 0x400E0A04)  returns 0x04 (0001ms, 5856ms total)
T1B0C 6272:104 JLINK_ReadMem (0x400E0A08, 0x0004 Bytes, ...) -- CPU_ReadMem(4 bytes @ 0x400E0A08) -- Data:  01 00 00 00  returns 0x00 (0000ms, 5856ms total)
T1B0C 6272:104 JLINK_WriteMem(0x400E0A04, 0x0004 Bytes, ...) -- Data:  09 70 03 5A -- CPU_WriteMem(4 bytes @ 0x400E0A04)  returns 0x04 (0001ms, 5857ms total)
T1B0C 6272:105 JLINK_ReadMem (0x400E0A08, 0x0004 Bytes, ...) -- CPU_ReadMem(4 bytes @ 0x400E0A08) -- Data:  01 00 00 00  returns 0x00 (0001ms, 5858ms total)
T1B0C 6272:106 JLINK_WriteMem(0x400E0A04, 0x0004 Bytes, ...) -- Data:  09 80 03 5A -- CPU_WriteMem(4 bytes @ 0x400E0A04)  returns 0x04 (0000ms, 5858ms total)
T1B0C 6272:106 JLINK_ReadMem (0x400E0A08, 0x0004 Bytes, ...) -- CPU_ReadMem(4 bytes @ 0x400E0A08) -- Data:  01 00 00 00  returns 0x00 (0001ms, 5859ms total)
T1B0C 6272:107 JLINK_WriteMem(0x400E0A04, 0x0004 Bytes, ...) -- Data:  09 90 03 5A -- CPU_WriteMem(4 bytes @ 0x400E0A04)  returns 0x04 (0000ms, 5859ms total)
T1B0C 6272:107 JLINK_ReadMem (0x400E0A08, 0x0004 Bytes, ...) -- CPU_ReadMem(4 bytes @ 0x400E0A08) -- Data:  01 00 00 00  returns 0x00 (0001ms, 5860ms total)
T1B0C 6272:108 JLINK_WriteMem(0x400E0A04, 0x0004 Bytes, ...) -- Data:  09 A0 03 5A -- CPU_WriteMem(4 bytes @ 0x400E0A04)  returns 0x04 (0001ms, 5861ms total)
T1B0C 6272:109 JLINK_ReadMem (0x400E0A08, 0x0004 Bytes, ...) -- CPU_ReadMem(4 bytes @ 0x400E0A08) -- Data:  01 00 00 00  returns 0x00 (0000ms, 5861ms total)
T1B0C 6272:109 JLINK_WriteMem(0x400E0A04, 0x0004 Bytes, ...) -- Data:  09 B0 03 5A -- CPU_WriteMem(4 bytes @ 0x400E0A04)  returns 0x04 (0001ms, 5862ms total)
T1B0C 6272:110 JLINK_ReadMem (0x400E0A08, 0x0004 Bytes, ...) -- CPU_ReadMem(4 bytes @ 0x400E0A08) -- Data:  01 00 00 00  returns 0x00 (0001ms, 5863ms total)
T1B0C 6272:111 JLINK_WriteMem(0x400E0A04, 0x0004 Bytes, ...) -- Data:  09 C0 03 5A -- CPU_WriteMem(4 bytes @ 0x400E0A04)  returns 0x04 (0000ms, 5863ms total)
T1B0C 6272:111 JLINK_ReadMem (0x400E0A08, 0x0004 Bytes, ...) -- CPU_ReadMem(4 bytes @ 0x400E0A08) -- Data:  01 00 00 00  returns 0x00 (0001ms, 5864ms total)
T1B0C 6272:112 JLINK_WriteMem(0x400E0A04, 0x0004 Bytes, ...) -- Data:  09 D0 03 5A -- CPU_WriteMem(4 bytes @ 0x400E0A04)  returns 0x04 (0000ms, 5864ms total)
T1B0C 6272:112 JLINK_ReadMem (0x400E0A08, 0x0004 Bytes, ...) -- CPU_ReadMem(4 bytes @ 0x400E0A08) -- Data:  01 00 00 00  returns 0x00 (0001ms, 5865ms total)
T1B0C 6272:113 JLINK_WriteMem(0x400E0A04, 0x0004 Bytes, ...) -- Data:  09 E0 03 5A -- CPU_WriteMem(4 bytes @ 0x400E0A04)  returns 0x04 (0001ms, 5866ms total)
T1B0C 6272:114 JLINK_ReadMem (0x400E0A08, 0x0004 Bytes, ...) -- CPU_ReadMem(4 bytes @ 0x400E0A08) -- Data:  01 00 00 00  returns 0x00 (0000ms, 5866ms total)
T1B0C 6272:114 JLINK_WriteMem(0x400E0A04, 0x0004 Bytes, ...) -- Data:  09 F0 03 5A -- CPU_WriteMem(4 bytes @ 0x400E0A04)  returns 0x04 (0001ms, 5867ms total)
T1B0C 6272:115 JLINK_ReadMem (0x400E0A08, 0x0004 Bytes, ...) -- CPU_ReadMem(4 bytes @ 0x400E0A08) -- Data:  01 00 00 00  returns 0x00 (0000ms, 5867ms total)
T1B0C 6272:115 JLINK_WriteMem(0x400E0A04, 0x0004 Bytes, ...) -- Data:  09 00 04 5A -- CPU_WriteMem(4 bytes @ 0x400E0A04)  returns 0x04 (0001ms, 5868ms total)
T1B0C 6272:116 JLINK_ReadMem (0x400E0A08, 0x0004 Bytes, ...) -- CPU_ReadMem(4 bytes @ 0x400E0A08) -- Data:  01 00 00 00  returns 0x00 (0000ms, 5868ms total)
T1B0C 6272:116 JLINK_WriteMem(0x400E0A04, 0x0004 Bytes, ...) -- Data:  09 10 04 5A -- CPU_WriteMem(4 bytes @ 0x400E0A04)  returns 0x04 (0001ms, 5869ms total)
T1B0C 6272:117 JLINK_ReadMem (0x400E0A08, 0x0004 Bytes, ...) -- CPU_ReadMem(4 bytes @ 0x400E0A08) -- Data:  01 00 00 00  returns 0x00 (0001ms, 5870ms total)
T1B0C 6272:118 JLINK_WriteMem(0x400E0A04, 0x0004 Bytes, ...) -- Data:  09 20 04 5A -- CPU_WriteMem(4 bytes @ 0x400E0A04)  returns 0x04 (0000ms, 5870ms total)
T1B0C 6272:118 JLINK_ReadMem (0x400E0A08, 0x0004 Bytes, ...) -- CPU_ReadMem(4 bytes @ 0x400E0A08) -- Data:  01 00 00 00  returns 0x00 (0001ms, 5871ms total)
T1B0C 6272:119 JLINK_WriteMem(0x400E0A04, 0x0004 Bytes, ...) -- Data:  09 30 04 5A -- CPU_WriteMem(4 bytes @ 0x400E0A04)  returns 0x04 (0000ms, 5871ms total)
T1B0C 6272:119 JLINK_ReadMem (0x400E0A08, 0x0004 Bytes, ...) -- CPU_ReadMem(4 bytes @ 0x400E0A08) -- Data:  01 00 00 00  returns 0x00 (0001ms, 5872ms total)
T1B0C 6272:120 JLINK_WriteMem(0x400E0A04, 0x0004 Bytes, ...) -- Data:  09 40 04 5A -- CPU_WriteMem(4 bytes @ 0x400E0A04)  returns 0x04 (0000ms, 5872ms total)
T1B0C 6272:120 JLINK_ReadMem (0x400E0A08, 0x0004 Bytes, ...) -- CPU_ReadMem(4 bytes @ 0x400E0A08) -- Data:  01 00 00 00  returns 0x00 (0001ms, 5873ms total)
T1B0C 6272:121 JLINK_WriteMem(0x400E0A04, 0x0004 Bytes, ...) -- Data:  09 50 04 5A -- CPU_WriteMem(4 bytes @ 0x400E0A04)  returns 0x04 (0000ms, 5873ms total)
T1B0C 6272:121 JLINK_ReadMem (0x400E0A08, 0x0004 Bytes, ...) -- CPU_ReadMem(4 bytes @ 0x400E0A08) -- Data:  01 00 00 00  returns 0x00 (0001ms, 5874ms total)
T1B0C 6272:122 JLINK_WriteMem(0x400E0A04, 0x0004 Bytes, ...) -- Data:  09 60 04 5A -- CPU_WriteMem(4 bytes @ 0x400E0A04)  returns 0x04 (0000ms, 5874ms total)
T1B0C 6272:122 JLINK_ReadMem (0x400E0A08, 0x0004 Bytes, ...) -- CPU_ReadMem(4 bytes @ 0x400E0A08) -- Data:  01 00 00 00  returns 0x00 (0001ms, 5875ms total)
T1B0C 6272:123 JLINK_WriteMem(0x400E0A04, 0x0004 Bytes, ...) -- Data:  09 70 04 5A -- CPU_WriteMem(4 bytes @ 0x400E0A04)  returns 0x04 (0001ms, 5876ms total)
T1B0C 6272:124 JLINK_ReadMem (0x400E0A08, 0x0004 Bytes, ...) -- CPU_ReadMem(4 bytes @ 0x400E0A08) -- Data:  01 00 00 00  returns 0x00 (0000ms, 5876ms total)
T1B0C 6272:124 JLINK_WriteMem(0x400E0A04, 0x0004 Bytes, ...) -- Data:  09 80 04 5A -- CPU_WriteMem(4 bytes @ 0x400E0A04)  returns 0x04 (0001ms, 5877ms total)
T1B0C 6272:125 JLINK_ReadMem (0x400E0A08, 0x0004 Bytes, ...) -- CPU_ReadMem(4 bytes @ 0x400E0A08) -- Data:  01 00 00 00  returns 0x00 (0000ms, 5877ms total)
T1B0C 6272:125 JLINK_WriteMem(0x400E0A04, 0x0004 Bytes, ...) -- Data:  09 90 04 5A -- CPU_WriteMem(4 bytes @ 0x400E0A04)  returns 0x04 (0001ms, 5878ms total)
T1B0C 6272:126 JLINK_ReadMem (0x400E0A08, 0x0004 Bytes, ...) -- CPU_ReadMem(4 bytes @ 0x400E0A08) -- Data:  01 00 00 00  returns 0x00 (0001ms, 5879ms total)
T1B0C 6272:127 JLINK_WriteMem(0x400E0A04, 0x0004 Bytes, ...) -- Data:  09 A0 04 5A -- CPU_WriteMem(4 bytes @ 0x400E0A04)  returns 0x04 (0000ms, 5879ms total)
T1B0C 6272:127 JLINK_ReadMem (0x400E0A08, 0x0004 Bytes, ...) -- CPU_ReadMem(4 bytes @ 0x400E0A08) -- Data:  01 00 00 00  returns 0x00 (0001ms, 5880ms total)
T1B0C 6272:128 JLINK_WriteMem(0x400E0A04, 0x0004 Bytes, ...) -- Data:  09 B0 04 5A -- CPU_WriteMem(4 bytes @ 0x400E0A04)  returns 0x04 (0000ms, 5880ms total)
T1B0C 6272:128 JLINK_ReadMem (0x400E0A08, 0x0004 Bytes, ...) -- CPU_ReadMem(4 bytes @ 0x400E0A08) -- Data:  01 00 00 00  returns 0x00 (0001ms, 5881ms total)
T1B0C 6272:129 JLINK_WriteMem(0x400E0A04, 0x0004 Bytes, ...) -- Data:  09 C0 04 5A -- CPU_WriteMem(4 bytes @ 0x400E0A04)  returns 0x04 (0000ms, 5881ms total)
T1B0C 6272:129 JLINK_ReadMem (0x400E0A08, 0x0004 Bytes, ...) -- CPU_ReadMem(4 bytes @ 0x400E0A08) -- Data:  01 00 00 00  returns 0x00 (0001ms, 5882ms total)
T1B0C 6272:130 JLINK_WriteMem(0x400E0A04, 0x0004 Bytes, ...) -- Data:  09 D0 04 5A -- CPU_WriteMem(4 bytes @ 0x400E0A04)  returns 0x04 (0000ms, 5882ms total)
T1B0C 6272:130 JLINK_ReadMem (0x400E0A08, 0x0004 Bytes, ...) -- CPU_ReadMem(4 bytes @ 0x400E0A08) -- Data:  01 00 00 00  returns 0x00 (0001ms, 5883ms total)
T1B0C 6272:131 JLINK_WriteMem(0x400E0A04, 0x0004 Bytes, ...) -- Data:  09 E0 04 5A -- CPU_WriteMem(4 bytes @ 0x400E0A04)  returns 0x04 (0001ms, 5884ms total)
T1B0C 6272:132 JLINK_ReadMem (0x400E0A08, 0x0004 Bytes, ...) -- CPU_ReadMem(4 bytes @ 0x400E0A08) -- Data:  01 00 00 00  returns 0x00 (0000ms, 5884ms total)
T1B0C 6272:132 JLINK_WriteMem(0x400E0A04, 0x0004 Bytes, ...) -- Data:  09 F0 04 5A -- CPU_WriteMem(4 bytes @ 0x400E0A04)  returns 0x04 (0001ms, 5885ms total)
T1B0C 6272:133 JLINK_ReadMem (0x400E0A08, 0x0004 Bytes, ...) -- CPU_ReadMem(4 bytes @ 0x400E0A08) -- Data:  01 00 00 00  returns 0x00 (0000ms, 5885ms total)
T1B0C 6272:133 JLINK_WriteMem(0x400E0A04, 0x0004 Bytes, ...) -- Data:  09 00 05 5A -- CPU_WriteMem(4 bytes @ 0x400E0A04)  returns 0x04 (0001ms, 5886ms total)
T1B0C 6272:134 JLINK_ReadMem (0x400E0A08, 0x0004 Bytes, ...) -- CPU_ReadMem(4 bytes @ 0x400E0A08) -- Data:  01 00 00 00  returns 0x00 (0000ms, 5886ms total)
T1B0C 6272:134 JLINK_WriteMem(0x400E0A04, 0x0004 Bytes, ...) -- Data:  09 10 05 5A -- CPU_WriteMem(4 bytes @ 0x400E0A04)  returns 0x04 (0001ms, 5887ms total)
T1B0C 6272:135 JLINK_ReadMem (0x400E0A08, 0x0004 Bytes, ...) -- CPU_ReadMem(4 bytes @ 0x400E0A08) -- Data:  01 00 00 00  returns 0x00 (0001ms, 5888ms total)
T1B0C 6272:136 JLINK_WriteMem(0x400E0A04, 0x0004 Bytes, ...) -- Data:  09 20 05 5A -- CPU_WriteMem(4 bytes @ 0x400E0A04)  returns 0x04 (0000ms, 5888ms total)
T1B0C 6272:136 JLINK_ReadMem (0x400E0A08, 0x0004 Bytes, ...) -- CPU_ReadMem(4 bytes @ 0x400E0A08) -- Data:  01 00 00 00  returns 0x00 (0001ms, 5889ms total)
T1B0C 6272:137 JLINK_WriteMem(0x400E0A04, 0x0004 Bytes, ...) -- Data:  09 30 05 5A -- CPU_WriteMem(4 bytes @ 0x400E0A04)  returns 0x04 (0000ms, 5889ms total)
T1B0C 6272:137 JLINK_ReadMem (0x400E0A08, 0x0004 Bytes, ...) -- CPU_ReadMem(4 bytes @ 0x400E0A08) -- Data:  01 00 00 00  returns 0x00 (0001ms, 5890ms total)
T1B0C 6272:138 JLINK_WriteMem(0x400E0A04, 0x0004 Bytes, ...) -- Data:  09 40 05 5A -- CPU_WriteMem(4 bytes @ 0x400E0A04)  returns 0x04 (0000ms, 5890ms total)
T1B0C 6272:138 JLINK_ReadMem (0x400E0A08, 0x0004 Bytes, ...) -- CPU_ReadMem(4 bytes @ 0x400E0A08) -- Data:  01 00 00 00  returns 0x00 (0001ms, 5891ms total)
T1B0C 6272:139 JLINK_WriteMem(0x400E0A04, 0x0004 Bytes, ...) -- Data:  09 50 05 5A -- CPU_WriteMem(4 bytes @ 0x400E0A04)  returns 0x04 (0000ms, 5891ms total)
T1B0C 6272:139 JLINK_ReadMem (0x400E0A08, 0x0004 Bytes, ...) -- CPU_ReadMem(4 bytes @ 0x400E0A08) -- Data:  01 00 00 00  returns 0x00 (0001ms, 5892ms total)
T1B0C 6272:140 JLINK_WriteMem(0x400E0A04, 0x0004 Bytes, ...) -- Data:  09 60 05 5A -- CPU_WriteMem(4 bytes @ 0x400E0A04)  returns 0x04 (0000ms, 5892ms total)
T1B0C 6272:140 JLINK_ReadMem (0x400E0A08, 0x0004 Bytes, ...) -- CPU_ReadMem(4 bytes @ 0x400E0A08) -- Data:  01 00 00 00  returns 0x00 (0001ms, 5893ms total)
T1B0C 6272:141 JLINK_WriteMem(0x400E0A04, 0x0004 Bytes, ...) -- Data:  09 70 05 5A -- CPU_WriteMem(4 bytes @ 0x400E0A04)  returns 0x04 (0000ms, 5893ms total)
T1B0C 6272:141 JLINK_ReadMem (0x400E0A08, 0x0004 Bytes, ...) -- CPU_ReadMem(4 bytes @ 0x400E0A08) -- Data:  01 00 00 00  returns 0x00 (0001ms, 5894ms total)
T1B0C 6272:142 JLINK_WriteMem(0x400E0A04, 0x0004 Bytes, ...) -- Data:  09 80 05 5A -- CPU_WriteMem(4 bytes @ 0x400E0A04)  returns 0x04 (0001ms, 5895ms total)
T1B0C 6272:143 JLINK_ReadMem (0x400E0A08, 0x0004 Bytes, ...) -- CPU_ReadMem(4 bytes @ 0x400E0A08) -- Data:  01 00 00 00  returns 0x00 (0000ms, 5895ms total)
T1B0C 6272:143 JLINK_WriteMem(0x400E0A04, 0x0004 Bytes, ...) -- Data:  09 90 05 5A -- CPU_WriteMem(4 bytes @ 0x400E0A04)  returns 0x04 (0001ms, 5896ms total)
T1B0C 6272:144 JLINK_ReadMem (0x400E0A08, 0x0004 Bytes, ...) -- CPU_ReadMem(4 bytes @ 0x400E0A08) -- Data:  01 00 00 00  returns 0x00 (0001ms, 5897ms total)
T1B0C 6272:145 JLINK_WriteMem(0x400E0A04, 0x0004 Bytes, ...) -- Data:  09 A0 05 5A -- CPU_WriteMem(4 bytes @ 0x400E0A04)  returns 0x04 (0000ms, 5897ms total)
T1B0C 6272:145 JLINK_ReadMem (0x400E0A08, 0x0004 Bytes, ...) -- CPU_ReadMem(4 bytes @ 0x400E0A08) -- Data:  01 00 00 00  returns 0x00 (0001ms, 5898ms total)
T1B0C 6272:146 JLINK_WriteMem(0x400E0A04, 0x0004 Bytes, ...) -- Data:  09 B0 05 5A -- CPU_WriteMem(4 bytes @ 0x400E0A04)  returns 0x04 (0000ms, 5898ms total)
T1B0C 6272:146 JLINK_ReadMem (0x400E0A08, 0x0004 Bytes, ...) -- CPU_ReadMem(4 bytes @ 0x400E0A08) -- Data:  01 00 00 00  returns 0x00 (0001ms, 5899ms total)
T1B0C 6272:147 JLINK_WriteMem(0x400E0A04, 0x0004 Bytes, ...) -- Data:  09 C0 05 5A -- CPU_WriteMem(4 bytes @ 0x400E0A04)  returns 0x04 (0000ms, 5899ms total)
T1B0C 6272:147 JLINK_ReadMem (0x400E0A08, 0x0004 Bytes, ...) -- CPU_ReadMem(4 bytes @ 0x400E0A08) -- Data:  01 00 00 00  returns 0x00 (0001ms, 5900ms total)
T1B0C 6272:148 JLINK_WriteMem(0x400E0A04, 0x0004 Bytes, ...) -- Data:  09 D0 05 5A -- CPU_WriteMem(4 bytes @ 0x400E0A04)  returns 0x04 (0001ms, 5901ms total)
T1B0C 6272:149 JLINK_ReadMem (0x400E0A08, 0x0004 Bytes, ...) -- CPU_ReadMem(4 bytes @ 0x400E0A08) -- Data:  01 00 00 00  returns 0x00 (0000ms, 5901ms total)
T1B0C 6272:149 JLINK_WriteMem(0x400E0A04, 0x0004 Bytes, ...) -- Data:  09 E0 05 5A -- CPU_WriteMem(4 bytes @ 0x400E0A04)  returns 0x04 (0001ms, 5902ms total)
T1B0C 6272:150 JLINK_ReadMem (0x400E0A08, 0x0004 Bytes, ...) -- CPU_ReadMem(4 bytes @ 0x400E0A08) -- Data:  01 00 00 00  returns 0x00 (0001ms, 5903ms total)
T1B0C 6272:151 JLINK_WriteMem(0x400E0A04, 0x0004 Bytes, ...) -- Data:  09 F0 05 5A -- CPU_WriteMem(4 bytes @ 0x400E0A04)  returns 0x04 (0000ms, 5903ms total)
T1B0C 6272:151 JLINK_ReadMem (0x400E0A08, 0x0004 Bytes, ...) -- CPU_ReadMem(4 bytes @ 0x400E0A08) -- Data:  01 00 00 00  returns 0x00 (0001ms, 5904ms total)
T1B0C 6272:152 JLINK_WriteMem(0x400E0A04, 0x0004 Bytes, ...) -- Data:  09 00 06 5A -- CPU_WriteMem(4 bytes @ 0x400E0A04)  returns 0x04 (0000ms, 5904ms total)
T1B0C 6272:152 JLINK_ReadMem (0x400E0A08, 0x0004 Bytes, ...) -- CPU_ReadMem(4 bytes @ 0x400E0A08) -- Data:  01 00 00 00  returns 0x00 (0001ms, 5905ms total)
T1B0C 6272:153 JLINK_WriteMem(0x400E0A04, 0x0004 Bytes, ...) -- Data:  09 10 06 5A -- CPU_WriteMem(4 bytes @ 0x400E0A04)  returns 0x04 (0000ms, 5905ms total)
T1B0C 6272:153 JLINK_ReadMem (0x400E0A08, 0x0004 Bytes, ...) -- CPU_ReadMem(4 bytes @ 0x400E0A08) -- Data:  01 00 00 00  returns 0x00 (0001ms, 5906ms total)
T1B0C 6272:154 JLINK_WriteMem(0x400E0A04, 0x0004 Bytes, ...) -- Data:  09 20 06 5A -- CPU_WriteMem(4 bytes @ 0x400E0A04)  returns 0x04 (0001ms, 5907ms total)
T1B0C 6272:155 JLINK_ReadMem (0x400E0A08, 0x0004 Bytes, ...) -- CPU_ReadMem(4 bytes @ 0x400E0A08) -- Data:  01 00 00 00  returns 0x00 (0000ms, 5907ms total)
T1B0C 6272:155 JLINK_WriteMem(0x400E0A04, 0x0004 Bytes, ...) -- Data:  09 30 06 5A -- CPU_WriteMem(4 bytes @ 0x400E0A04)  returns 0x04 (0001ms, 5908ms total)
T1B0C 6272:156 JLINK_ReadMem (0x400E0A08, 0x0004 Bytes, ...) -- CPU_ReadMem(4 bytes @ 0x400E0A08) -- Data:  01 00 00 00  returns 0x00 (0001ms, 5909ms total)
T1B0C 6272:157 JLINK_WriteMem(0x400E0A04, 0x0004 Bytes, ...) -- Data:  09 40 06 5A -- CPU_WriteMem(4 bytes @ 0x400E0A04)  returns 0x04 (0000ms, 5909ms total)
T1B0C 6272:157 JLINK_ReadMem (0x400E0A08, 0x0004 Bytes, ...) -- CPU_ReadMem(4 bytes @ 0x400E0A08) -- Data:  01 00 00 00  returns 0x00 (0001ms, 5910ms total)
T1B0C 6272:158 JLINK_WriteMem(0x400E0A04, 0x0004 Bytes, ...) -- Data:  09 50 06 5A -- CPU_WriteMem(4 bytes @ 0x400E0A04)  returns 0x04 (0000ms, 5910ms total)
T1B0C 6272:158 JLINK_ReadMem (0x400E0A08, 0x0004 Bytes, ...) -- CPU_ReadMem(4 bytes @ 0x400E0A08) -- Data:  01 00 00 00  returns 0x00 (0001ms, 5911ms total)
T1B0C 6272:159 JLINK_WriteMem(0x400E0A04, 0x0004 Bytes, ...) -- Data:  09 60 06 5A -- CPU_WriteMem(4 bytes @ 0x400E0A04)  returns 0x04 (0000ms, 5911ms total)
T1B0C 6272:159 JLINK_ReadMem (0x400E0A08, 0x0004 Bytes, ...) -- CPU_ReadMem(4 bytes @ 0x400E0A08) -- Data:  01 00 00 00  returns 0x00 (0001ms, 5912ms total)
T1B0C 6272:160 JLINK_WriteMem(0x400E0A04, 0x0004 Bytes, ...) -- Data:  09 70 06 5A -- CPU_WriteMem(4 bytes @ 0x400E0A04)  returns 0x04 (0000ms, 5912ms total)
T1B0C 6272:160 JLINK_ReadMem (0x400E0A08, 0x0004 Bytes, ...) -- CPU_ReadMem(4 bytes @ 0x400E0A08) -- Data:  01 00 00 00  returns 0x00 (0001ms, 5913ms total)
T1B0C 6272:161 JLINK_WriteMem(0x400E0A04, 0x0004 Bytes, ...) -- Data:  09 80 06 5A -- CPU_WriteMem(4 bytes @ 0x400E0A04)  returns 0x04 (0001ms, 5914ms total)
T1B0C 6272:162 JLINK_ReadMem (0x400E0A08, 0x0004 Bytes, ...) -- CPU_ReadMem(4 bytes @ 0x400E0A08) -- Data:  01 00 00 00  returns 0x00 (0000ms, 5914ms total)
T1B0C 6272:162 JLINK_WriteMem(0x400E0A04, 0x0004 Bytes, ...) -- Data:  09 90 06 5A -- CPU_WriteMem(4 bytes @ 0x400E0A04)  returns 0x04 (0001ms, 5915ms total)
T1B0C 6272:163 JLINK_ReadMem (0x400E0A08, 0x0004 Bytes, ...) -- CPU_ReadMem(4 bytes @ 0x400E0A08) -- Data:  01 00 00 00  returns 0x00 (0001ms, 5916ms total)
T1B0C 6272:164 JLINK_WriteMem(0x400E0A04, 0x0004 Bytes, ...) -- Data:  09 A0 06 5A -- CPU_WriteMem(4 bytes @ 0x400E0A04)  returns 0x04 (0000ms, 5916ms total)
T1B0C 6272:164 JLINK_ReadMem (0x400E0A08, 0x0004 Bytes, ...) -- CPU_ReadMem(4 bytes @ 0x400E0A08) -- Data:  01 00 00 00  returns 0x00 (0001ms, 5917ms total)
T1B0C 6272:165 JLINK_WriteMem(0x400E0A04, 0x0004 Bytes, ...) -- Data:  09 B0 06 5A -- CPU_WriteMem(4 bytes @ 0x400E0A04)  returns 0x04 (0000ms, 5917ms total)
T1B0C 6272:165 JLINK_ReadMem (0x400E0A08, 0x0004 Bytes, ...) -- CPU_ReadMem(4 bytes @ 0x400E0A08) -- Data:  01 00 00 00  returns 0x00 (0001ms, 5918ms total)
T1B0C 6272:166 JLINK_WriteMem(0x400E0A04, 0x0004 Bytes, ...) -- Data:  09 C0 06 5A -- CPU_WriteMem(4 bytes @ 0x400E0A04)  returns 0x04 (0001ms, 5919ms total)
T1B0C 6272:167 JLINK_ReadMem (0x400E0A08, 0x0004 Bytes, ...) -- CPU_ReadMem(4 bytes @ 0x400E0A08) -- Data:  01 00 00 00  returns 0x00 (0000ms, 5919ms total)
T1B0C 6272:167 JLINK_WriteMem(0x400E0A04, 0x0004 Bytes, ...) -- Data:  09 D0 06 5A -- CPU_WriteMem(4 bytes @ 0x400E0A04)  returns 0x04 (0001ms, 5920ms total)
T1B0C 6272:168 JLINK_ReadMem (0x400E0A08, 0x0004 Bytes, ...) -- CPU_ReadMem(4 bytes @ 0x400E0A08) -- Data:  01 00 00 00  returns 0x00 (0000ms, 5920ms total)
T1B0C 6272:168 JLINK_WriteMem(0x400E0A04, 0x0004 Bytes, ...) -- Data:  09 E0 06 5A -- CPU_WriteMem(4 bytes @ 0x400E0A04)  returns 0x04 (0001ms, 5921ms total)
T1B0C 6272:169 JLINK_ReadMem (0x400E0A08, 0x0004 Bytes, ...) -- CPU_ReadMem(4 bytes @ 0x400E0A08) -- Data:  01 00 00 00  returns 0x00 (0001ms, 5922ms total)
T1B0C 6272:170 JLINK_WriteMem(0x400E0A04, 0x0004 Bytes, ...) -- Data:  09 F0 06 5A -- CPU_WriteMem(4 bytes @ 0x400E0A04)  returns 0x04 (0000ms, 5922ms total)
T1B0C 6272:170 JLINK_ReadMem (0x400E0A08, 0x0004 Bytes, ...) -- CPU_ReadMem(4 bytes @ 0x400E0A08) -- Data:  01 00 00 00  returns 0x00 (0001ms, 5923ms total)
T1B0C 6272:171 JLINK_WriteMem(0x400E0A04, 0x0004 Bytes, ...) -- Data:  09 00 07 5A -- CPU_WriteMem(4 bytes @ 0x400E0A04)  returns 0x04 (0000ms, 5923ms total)
T1B0C 6272:171 JLINK_ReadMem (0x400E0A08, 0x0004 Bytes, ...) -- CPU_ReadMem(4 bytes @ 0x400E0A08) -- Data:  01 00 00 00  returns 0x00 (0001ms, 5924ms total)
T1B0C 6272:172 JLINK_WriteMem(0x400E0A04, 0x0004 Bytes, ...) -- Data:  09 10 07 5A -- CPU_WriteMem(4 bytes @ 0x400E0A04)  returns 0x04 (0001ms, 5925ms total)
T1B0C 6272:173 JLINK_ReadMem (0x400E0A08, 0x0004 Bytes, ...) -- CPU_ReadMem(4 bytes @ 0x400E0A08) -- Data:  01 00 00 00  returns 0x00 (0000ms, 5925ms total)
T1B0C 6272:173 JLINK_WriteMem(0x400E0A04, 0x0004 Bytes, ...) -- Data:  09 20 07 5A -- CPU_WriteMem(4 bytes @ 0x400E0A04)  returns 0x04 (0001ms, 5926ms total)
T1B0C 6272:174 JLINK_ReadMem (0x400E0A08, 0x0004 Bytes, ...) -- CPU_ReadMem(4 bytes @ 0x400E0A08) -- Data:  01 00 00 00  returns 0x00 (0000ms, 5926ms total)
T1B0C 6272:174 JLINK_WriteMem(0x400E0A04, 0x0004 Bytes, ...) -- Data:  09 30 07 5A -- CPU_WriteMem(4 bytes @ 0x400E0A04)  returns 0x04 (0001ms, 5927ms total)
T1B0C 6272:175 JLINK_ReadMem (0x400E0A08, 0x0004 Bytes, ...) -- CPU_ReadMem(4 bytes @ 0x400E0A08) -- Data:  01 00 00 00  returns 0x00 (0000ms, 5927ms total)
T1B0C 6272:175 JLINK_WriteMem(0x400E0A04, 0x0004 Bytes, ...) -- Data:  09 40 07 5A -- CPU_WriteMem(4 bytes @ 0x400E0A04)  returns 0x04 (0001ms, 5928ms total)
T1B0C 6272:176 JLINK_ReadMem (0x400E0A08, 0x0004 Bytes, ...) -- CPU_ReadMem(4 bytes @ 0x400E0A08) -- Data:  01 00 00 00  returns 0x00 (0001ms, 5929ms total)
T1B0C 6272:177 JLINK_WriteMem(0x400E0A04, 0x0004 Bytes, ...) -- Data:  09 50 07 5A -- CPU_WriteMem(4 bytes @ 0x400E0A04)  returns 0x04 (0000ms, 5929ms total)
T1B0C 6272:177 JLINK_ReadMem (0x400E0A08, 0x0004 Bytes, ...) -- CPU_ReadMem(4 bytes @ 0x400E0A08) -- Data:  01 00 00 00  returns 0x00 (0001ms, 5930ms total)
T1B0C 6272:178 JLINK_WriteMem(0x400E0A04, 0x0004 Bytes, ...) -- Data:  09 60 07 5A -- CPU_WriteMem(4 bytes @ 0x400E0A04)  returns 0x04 (0000ms, 5930ms total)
T1B0C 6272:178 JLINK_ReadMem (0x400E0A08, 0x0004 Bytes, ...) -- CPU_ReadMem(4 bytes @ 0x400E0A08) -- Data:  01 00 00 00  returns 0x00 (0001ms, 5931ms total)
T1B0C 6272:179 JLINK_WriteMem(0x400E0A04, 0x0004 Bytes, ...) -- Data:  09 70 07 5A -- CPU_WriteMem(4 bytes @ 0x400E0A04)  returns 0x04 (0000ms, 5931ms total)
T1B0C 6272:179 JLINK_ReadMem (0x400E0A08, 0x0004 Bytes, ...) -- CPU_ReadMem(4 bytes @ 0x400E0A08) -- Data:  01 00 00 00  returns 0x00 (0001ms, 5932ms total)
T1B0C 6272:180 JLINK_WriteMem(0x400E0A04, 0x0004 Bytes, ...) -- Data:  09 80 07 5A -- CPU_WriteMem(4 bytes @ 0x400E0A04)  returns 0x04 (0001ms, 5933ms total)
T1B0C 6272:181 JLINK_ReadMem (0x400E0A08, 0x0004 Bytes, ...) -- CPU_ReadMem(4 bytes @ 0x400E0A08) -- Data:  01 00 00 00  returns 0x00 (0000ms, 5933ms total)
T1B0C 6272:181 JLINK_WriteMem(0x400E0A04, 0x0004 Bytes, ...) -- Data:  09 90 07 5A -- CPU_WriteMem(4 bytes @ 0x400E0A04)  returns 0x04 (0001ms, 5934ms total)
T1B0C 6272:182 JLINK_ReadMem (0x400E0A08, 0x0004 Bytes, ...) -- CPU_ReadMem(4 bytes @ 0x400E0A08) -- Data:  01 00 00 00  returns 0x00 (0000ms, 5934ms total)
T1B0C 6272:182 JLINK_WriteMem(0x400E0A04, 0x0004 Bytes, ...) -- Data:  09 A0 07 5A -- CPU_WriteMem(4 bytes @ 0x400E0A04)  returns 0x04 (0001ms, 5935ms total)
T1B0C 6272:183 JLINK_ReadMem (0x400E0A08, 0x0004 Bytes, ...) -- CPU_ReadMem(4 bytes @ 0x400E0A08) -- Data:  01 00 00 00  returns 0x00 (0001ms, 5936ms total)
T1B0C 6272:184 JLINK_WriteMem(0x400E0A04, 0x0004 Bytes, ...) -- Data:  09 B0 07 5A -- CPU_WriteMem(4 bytes @ 0x400E0A04)  returns 0x04 (0000ms, 5936ms total)
T1B0C 6272:184 JLINK_ReadMem (0x400E0A08, 0x0004 Bytes, ...) -- CPU_ReadMem(4 bytes @ 0x400E0A08) -- Data:  01 00 00 00  returns 0x00 (0001ms, 5937ms total)
T1B0C 6272:185 JLINK_WriteMem(0x400E0A04, 0x0004 Bytes, ...) -- Data:  09 C0 07 5A -- CPU_WriteMem(4 bytes @ 0x400E0A04)  returns 0x04 (0000ms, 5937ms total)
T1B0C 6272:185 JLINK_ReadMem (0x400E0A08, 0x0004 Bytes, ...) -- CPU_ReadMem(4 bytes @ 0x400E0A08) -- Data:  01 00 00 00  returns 0x00 (0001ms, 5938ms total)
T1B0C 6272:186 JLINK_WriteMem(0x400E0A04, 0x0004 Bytes, ...) -- Data:  09 D0 07 5A -- CPU_WriteMem(4 bytes @ 0x400E0A04)  returns 0x04 (0001ms, 5939ms total)
T1B0C 6272:187 JLINK_ReadMem (0x400E0A08, 0x0004 Bytes, ...) -- CPU_ReadMem(4 bytes @ 0x400E0A08) -- Data:  01 00 00 00  returns 0x00 (0000ms, 5939ms total)
T1B0C 6272:187 JLINK_WriteMem(0x400E0A04, 0x0004 Bytes, ...) -- Data:  09 E0 07 5A -- CPU_WriteMem(4 bytes @ 0x400E0A04)  returns 0x04 (0001ms, 5940ms total)
T1B0C 6272:188 JLINK_ReadMem (0x400E0A08, 0x0004 Bytes, ...) -- CPU_ReadMem(4 bytes @ 0x400E0A08) -- Data:  01 00 00 00  returns 0x00 (0000ms, 5940ms total)
T1B0C 6272:188 JLINK_WriteMem(0x400E0A04, 0x0004 Bytes, ...) -- Data:  09 F0 07 5A -- CPU_WriteMem(4 bytes @ 0x400E0A04)  returns 0x04 (0001ms, 5941ms total)
T1B0C 6272:189 JLINK_ReadMem (0x400E0A08, 0x0004 Bytes, ...) -- CPU_ReadMem(4 bytes @ 0x400E0A08) -- Data:  01 00 00 00  returns 0x00 (0001ms, 5942ms total)
T1B0C 6272:190 JLINK_WriteMem(0x400E0A04, 0x0004 Bytes, ...) -- Data:  05 00 00 5A -- CPU_WriteMem(4 bytes @ 0x400E0A04)  returns 0x04 (0000ms, 5942ms total)
T1B0C 6272:190 JLINK_ReadMem (0x400E0A08, 0x0004 Bytes, ...) -- CPU_ReadMem(4 bytes @ 0x400E0A08) -- Data:  00 00 00 00  returns 0x00 (0001ms, 5943ms total)
T1B0C 6272:192 JLINK_ReadMem (0x400E0A08, 0x0004 Bytes, ...) -- CPU_ReadMem(4 bytes @ 0x400E0A08) -- Data:  00 00 00 00  returns 0x00 (0000ms, 5943ms total)
T1B0C 6272:196 JLINK_ReadMem (0x400E0A08, 0x0004 Bytes, ...) -- CPU_ReadMem(4 bytes @ 0x400E0A08) -- Data:  00 00 00 00  returns 0x00 (0000ms, 5943ms total)
T1B0C 6272:212 JLINK_ReadMem (0x400E0A08, 0x0004 Bytes, ...) -- CPU_ReadMem(4 bytes @ 0x400E0A08) -- Data:  00 00 00 00  returns 0x00 (0000ms, 5943ms total)
T1B0C 6272:276 JLINK_ReadMem (0x400E0A08, 0x0004 Bytes, ...) -- CPU_ReadMem(4 bytes @ 0x400E0A08) -- Data:  00 00 00 00  returns 0x00 (0000ms, 5943ms total)
T1B0C 6272:532 JLINK_ReadMem (0x400E0A08, 0x0004 Bytes, ...) -- CPU_ReadMem(4 bytes @ 0x400E0A08) -- Data:  00 00 00 00  returns 0x00 (0000ms, 5943ms total)
T1B0C 6273:532 JLINK_ReadMem (0x400E0A08, 0x0004 Bytes, ...) -- CPU_ReadMem(4 bytes @ 0x400E0A08) -- Data:  00 00 00 00  returns 0x00 (0290ms, 6233ms total)
T1B0C 6274:822 JLINK_ReadMem (0x400E0A08, 0x0004 Bytes, ...) -- CPU_ReadMem(4 bytes @ 0x400E0A08) -- Data:  00 00 00 00  returns 0x00 (0000ms, 6233ms total)
T1B0C 6275:822 JLINK_ReadMem (0x400E0A08, 0x0004 Bytes, ...) -- CPU_ReadMem(4 bytes @ 0x400E0A08) -- Data:  00 00 00 00  returns 0x00 (0000ms, 6233ms total)
T1B0C 6276:822 JLINK_ReadMem (0x400E0A08, 0x0004 Bytes, ...) -- CPU_ReadMem(4 bytes @ 0x400E0A08) -- Data:  01 00 00 00  returns 0x00 (0000ms, 6233ms total)
T1B0C 6276:823 JLINK_ResetPullsRESET(ON) (0000ms, 6233ms total)
T1B0C 6276:823 JLINK_ResetNoHalt() >0x2F8 JTAG>TotalIRLen = 4, IRPrint = 0x01 >0x30 JTAG> >0x210 JTAG> >0x70 JTAG> >0x40 JTAG> >0x40 JTAG> >0x40 JTAG> >0x48 JTAG> >0x78 JTAG> >0x40 JTAG> >0x30 JTAG> >0x40 JTAG> >0x40 JTAG> >0x30 JTAG> >0x40 JTAG> >0x48 JTAG>Found Cortex-M4 r0p1, Little endian. -- CPU_WriteMem(4 bytes @ 0xE0002000) -- CPU_ReadMem(4 bytes @ 0xE000EDF0) -- CPU_ReadMem(4 bytes @ 0xE0002000)FPUnit: 6 code (BP) slots and 2 literal slots -- CPU_ReadMem(4 bytes @ 0xE000EDFC)
 -- CPU_ReadMem(4 bytes @ 0xE0001000) -- CPU_WriteMem(4 bytes @ 0xE0001000) -- CPU_ReadMem(4 bytes @ 0xE00FF010)TPIU fitted. -- CPU_ReadMem(4 bytes @ 0xE00FF014) -- CPU_ReadMem(4 bytes @ 0xE00FF018)
                JLINK_Reset() -- CPU_ReadMem(16 bytes @ 0x20000000) -- CPU_WriteMem(16 bytes @ 0x20000000) -- CPU_ReadMem(4 bytes @ 0xE000EDFC) -- CPU_WriteMem(4 bytes @ 0xE000EDFC) -- CPU_WriteMem(4 bytes @ 0xE000EDFC) -- CPU_WriteMem(16 bytes @ 0x20000000) -- CPU_WriteMem(4 bytes @ 0xE0002000) -- CPU_ReadMem(4 bytes @ 0xE000EDFC) -- CPU_ReadMem(4 bytes @ 0xE0001000) (0030ms, 0030ms total)
                JLINK_Go() -- CPU_WriteMem(4 bytes @ 0xE0001004) (0001ms, 0031ms total)
               (0042ms, 6275ms total)
T1B0C 6276:865 JLINK_ExecCommand("ProjectFile = J:\Embedded classes\Examples\ex2_basic_button\jlink.config", ...)  returns 0x00 (0000ms, 6275ms total)
T1B0C 6276:884 JLINK_ExecCommand("Device = AT91SAM4S16C", ...)Device "ATSAM4S16C" selected (1024 KB flash, 128 KB RAM).  returns 0x00 (0000ms, 6275ms total)
T1B0C 6276:884 JLINK_TIF_Select(JLINKARM_TIF_JTAG)  returns 0x00 (0000ms, 6275ms total)
T1B0C 6276:884 JLINK_GetIdData(...) ScanLen=4 NumDevices=1 aId[0]=0x4BA00477 aIrRead[0]=0 aScanLen[0]=0 aScanRead[0]=0 (0000ms, 6275ms total)
T1B0C 6276:884 JLINK_ConfigJTAG(IRPre = 0, DRPre = 0) (0000ms, 6275ms total)
T1B0C 6276:884 JLINK_SetSpeed(4000) (0000ms, 6275ms total)
T1B0C 6276:884 JLINK_ResetPullsRESET(OFF) (0000ms, 6275ms total)
T1B0C 6276:884 JLINK_Connect() >0x2F8 JTAG>TotalIRLen = 4, IRPrint = 0x01 >0x30 JTAG> >0x210 JTAG> >0x70 JTAG> >0x40 JTAG> >0x40 JTAG> >0x40 JTAG> >0x48 JTAG> >0x78 JTAG> >0x40 JTAG> >0x30 JTAG> >0x40 JTAG> >0x40 JTAG> >0x30 JTAG> >0x40 JTAG> >0x48 JTAG>Found Cortex-M4 r0p1, Little endian. -- CPU_WriteMem(4 bytes @ 0xE0002000) -- CPU_ReadMem(4 bytes @ 0xE000EDF0) -- CPU_ReadMem(4 bytes @ 0xE0002000)FPUnit: 6 code (BP) slots and 2 literal slots -- CPU_ReadMem(4 bytes @ 0xE000EDFC)
 -- CPU_ReadMem(4 bytes @ 0xE0001000) -- CPU_WriteMem(4 bytes @ 0xE0001000) -- CPU_ReadMem(4 bytes @ 0xE00FF010)TPIU fitted. -- CPU_ReadMem(4 bytes @ 0xE00FF014) -- CPU_ReadMem(4 bytes @ 0xE00FF018)  returns 0x00 (0008ms, 6283ms total)
T1B0C 6276:892 JLINK_WriteMem(0xE0001020, 0x0004 Bytes, ...) -- Data:  00 00 00 00 -- CPU is running -- CPU_WriteMem(4 bytes @ 0xE0001020)  returns 0x04 (0000ms, 6283ms total)
T1B0C 6276:892 JLINK_WriteMem(0xE0001024, 0x0004 Bytes, ...) -- Data:  00 00 00 00 -- CPU is running -- CPU_WriteMem(4 bytes @ 0xE0001024)  returns 0x04 (0001ms, 6284ms total)
T1B0C 6276:893 JLINK_WriteMem(0xE0001028, 0x0004 Bytes, ...) -- Data:  00 00 00 00 -- CPU is running -- CPU_WriteMem(4 bytes @ 0xE0001028)  returns 0x04 (0000ms, 6284ms total)
T1B0C 6276:893 JLINK_WriteMem(0xE0001030, 0x0004 Bytes, ...) -- Data:  00 00 00 00 -- CPU is running -- CPU_WriteMem(4 bytes @ 0xE0001030)  returns 0x04 (0000ms, 6284ms total)
T1B0C 6276:893 JLINK_WriteMem(0xE0001034, 0x0004 Bytes, ...) -- Data:  00 00 00 00 -- CPU is running -- CPU_WriteMem(4 bytes @ 0xE0001034)  returns 0x04 (0001ms, 6285ms total)
T1B0C 6276:894 JLINK_WriteMem(0xE0001038, 0x0004 Bytes, ...) -- Data:  00 00 00 00 -- CPU is running -- CPU_WriteMem(4 bytes @ 0xE0001038)  returns 0x04 (0000ms, 6285ms total)
T1B0C 6276:894 JLINK_WriteMem(0xE0001040, 0x0004 Bytes, ...) -- Data:  00 00 00 00 -- CPU is running -- CPU_WriteMem(4 bytes @ 0xE0001040)  returns 0x04 (0000ms, 6285ms total)
T1B0C 6276:894 JLINK_WriteMem(0xE0001044, 0x0004 Bytes, ...) -- Data:  00 00 00 00 -- CPU is running -- CPU_WriteMem(4 bytes @ 0xE0001044)  returns 0x04 (0001ms, 6286ms total)
T1B0C 6276:895 JLINK_WriteMem(0xE0001048, 0x0004 Bytes, ...) -- Data:  00 00 00 00 -- CPU is running -- CPU_WriteMem(4 bytes @ 0xE0001048)  returns 0x04 (0000ms, 6286ms total)
T1B0C 6276:895 JLINK_WriteMem(0xE0001050, 0x0004 Bytes, ...) -- Data:  00 00 00 00 -- CPU is running -- CPU_WriteMem(4 bytes @ 0xE0001050)  returns 0x04 (0000ms, 6286ms total)
T1B0C 6276:895 JLINK_WriteMem(0xE0001054, 0x0004 Bytes, ...) -- Data:  00 00 00 00 -- CPU is running -- CPU_WriteMem(4 bytes @ 0xE0001054)  returns 0x04 (0000ms, 6286ms total)
T1B0C 6276:895 JLINK_WriteMem(0xE0001058, 0x0004 Bytes, ...) -- Data:  00 00 00 00 -- CPU is running -- CPU_WriteMem(4 bytes @ 0xE0001058)  returns 0x04 (0001ms, 6287ms total)
T1B0C 6276:896 JLINK_Halt()  returns 0x00 (0003ms, 6290ms total)
T1B0C 6276:902 JLINK_JTAG_GetDeviceID(DeviceIndex = 0)  returns 0x4BA00477 (0002ms, 6292ms total)
T1B0C 6276:904 JLINK_ReadMemU32(0x400E0740, 0x0001 Items, ...) -- CPU_ReadMem(4 bytes @ 0x400E0740) -- Data:  E0 0C AC 28  returns 0x01 (0000ms, 6292ms total)
T1B0C 6276:907 JLINK_ReadMemHW(0x00400200, 0x0200 Bytes, ...) -- CPU_ReadMem(512 bytes @ 0x00400200) -- Data:  FF FF FF FF FF FF FF FF FF FF FF FF FF FF FF FF ...  returns 0x00 (0005ms, 6297ms total)
T1B0C 6276:912 JLINK_BeginDownload(Flags = 0x00) (0000ms, 6297ms total)
T1B0C 6276:912 JLINK_WriteMem(0x00400000, 0x0200 Bytes, ...) -- Data:  00 00 02 20 B1 01 40 00 AD 01 40 00 AD 01 40 00 ...  returns 0x200 (0000ms, 6297ms total)
T1B0C 6276:912 JLINK_WriteMem(0x00400200, 0x0200 Bytes, ...) -- Data:  43 F8 04 2B 8B 42 FB D1 0C 4B 98 47 0C 4B 98 47 ...  returns 0x200 (0000ms, 6297ms total)
T09C4 6276:926 JLINK_IsHalted()  returns TRUE (0000ms, 6297ms total)
T09C4 6276:926 JLINK_GetMOEs(...) -- CPU_ReadMem(4 bytes @ 0xE000ED30) -- CPU_WriteMem(4 bytes @ 0xE000ED30)  returns 0x01 (0000ms, 6297ms total)
T09C4 6276:926 JLINK_ReadReg(R15 (PC)) -- -------------------------------------- -- Start of determining dirty areas -- End of determining dirty areas -- Start of preparing flash programming -- Calculating RAM usage -- RAM usage = 2868 Bytes -- Preserving registers -- Preparing memory -- Determining CPU clock frequency -- CPU clock frequency: 3815 kHz -- CPU frequency = 3815 kHz -- Preparing target -- Downloading RAMCode -- Using alternate TurboMode RAMCode -- Checking target RAM -- Preparing RAMCode
 -- End of preparing flash programmingCPU is running at low speed (3815 kHz). -- CPU is running at 3815 kHz. -- Start of comparing flash -- Read back was estimated as fastest method -- Comparing range 0x400000 - 0x4003FF (2 Sectors, 1024 Bytes), using multi-block CRC calculation -- CPU is running -- CPU_ReadMem(512 bytes @ 0x00400000) -- CPU is running -- CPU_ReadMem(512 bytes @ 0x00400200) -- CRC does not match for sectors 0-1 -- End of comparing flash -- Start of erasing sectors
 -- End of erasing sectors -- Start of flash programming -- Programming range 0x00400000 - 0x004003FF (  2 Sectors, 1024 Bytes) -- End of flash programming -- Flash programming performed for 1 range (1024 bytes) -- 0x400000 - 0x4003FF (002 Sectors, 1024 Bytes) -- Start of verifying flash -- Checksum calculation was estimated as fastest method -- End of verifying flash -- Start of restoring -- Restore RAMCode -- Restore content of target memory -- Restore target -- Restore memory
 -- Restore content of registers -- End of restoring -- Total time needed: 0.103s (Prepare: 0.073s, Compare: 0.010s, Erase: 0.000s, Program: 0.014s, Verify: 0.000s, Restore: 0.004s)  returns 0xFFFFFFFE (0106ms, 6403ms total)
T1B0C 6277:032 JLINK_WriteMem(0x400E0A04, 0x0004 Bytes, ...) -- Data:  0B 01 00 5A -- CPU_WriteMem(4 bytes @ 0x400E0A04)  returns 0x04 (0000ms, 6403ms total)
T1B0C 6277:032 JLINK_ReadMem (0x400E0A08, 0x0004 Bytes, ...) -- CPU_ReadMem(4 bytes @ 0x400E0A08) -- Data:  01 00 00 00  returns 0x00 (0001ms, 6404ms total)
T1B0C 6277:033 JLINK_EndDownload()  returns 0x00 (0000ms, 6404ms total)
T1B0C 6277:033 JLINK_JTAG_GetDeviceID(DeviceIndex = 0)  returns 0x4BA00477 (0000ms, 6404ms total)
T1B0C 6277:033 JLINK_ReadMemU32(0x400E0740, 0x0001 Items, ...) -- CPU_ReadMem(4 bytes @ 0x400E0740) -- Data:  E0 0C AC 28  returns 0x01 (0000ms, 6404ms total)
T09C4 6277:046 JLINK_IsHalted()  returns TRUE (0000ms, 6404ms total)
T1714 6277:056 JLINK_ReadReg(R15 (PC))  returns 0xFFFFFFFE (0000ms, 6404ms total)
T1714 6277:056 JLINK_Reset() -- CPU_ReadMem(16 bytes @ 0x20000000) -- CPU_WriteMem(16 bytes @ 0x20000000) -- CPU_ReadMem(4 bytes @ 0xE000EDFC) -- CPU_WriteMem(4 bytes @ 0xE000EDFC) -- CPU_WriteMem(4 bytes @ 0xE000EDFC) -- CPU_WriteMem(16 bytes @ 0x20000000) -- CPU_WriteMem(4 bytes @ 0xE0002000) -- CPU_ReadMem(4 bytes @ 0xE000EDFC) -- CPU_ReadMem(4 bytes @ 0xE0001000) (0020ms, 6424ms total)
T09C4 6277:076 JLINK_IsHalted()  returns TRUE (0000ms, 6424ms total)
T09C4 6277:076 JLINK_GetMOEs(...) -- CPU_ReadMem(4 bytes @ 0xE000ED30) -- CPU_WriteMem(4 bytes @ 0xE000ED30)  returns 0x01 (0000ms, 6424ms total)
T09C4 6277:076 JLINK_ReadReg(R15 (PC))  returns 0x004001B0 (0000ms, 6424ms total)
T1B0C 6277:078 JLINK_ReadReg(R0)  returns 0x400E1400 (0000ms, 6424ms total)
T1B0C 6277:078 JLINK_ReadReg(R1)  returns 0x40C00000 (0000ms, 6424ms total)
T1B0C 6277:078 JLINK_ReadReg(R2)  returns 0xA5000005 (0000ms, 6424ms total)
T1B0C 6277:078 JLINK_ReadReg(R3)  returns 0x400E1200 (0000ms, 6424ms total)
T1B0C 6277:078 JLINK_ReadReg(R4)  returns 0x20000000 (0000ms, 6424ms total)
T1B0C 6277:078 JLINK_ReadReg(R5)  returns 0x20073F01 (0000ms, 6424ms total)
T1B0C 6277:078 JLINK_ReadReg(R6)  returns 0x00000000 (0000ms, 6424ms total)
T1B0C 6277:078 JLINK_ReadReg(R7)  returns 0x0080105B (0000ms, 6424ms total)
T1B0C 6277:078 JLINK_ReadReg(R8)  returns 0x20000034 (0000ms, 6424ms total)
T1B0C 6277:078 JLINK_ReadReg(R9)  returns 0x81058002 (0000ms, 6424ms total)
T1B0C 6277:078 JLINK_ReadReg(R10)  returns 0x0080107C (0000ms, 6424ms total)
T1B0C 6277:078 JLINK_ReadReg(R11)  returns 0x0080107C (0000ms, 6424ms total)
T1B0C 6277:078 JLINK_ReadReg(R12)  returns 0x000001A0 (0000ms, 6424ms total)
T1B0C 6277:078 JLINK_ReadReg(R13 (SP))  returns 0x20020000 (0000ms, 6424ms total)
T1B0C 6277:078 JLINK_ReadReg(R13 (SP))  returns 0x20020000 (0000ms, 6424ms total)
T1B0C 6277:078 JLINK_ReadReg(R14)  returns 0xFFFFFFFF (0000ms, 6424ms total)
T1B0C 6277:078 JLINK_ReadReg(R15 (PC))  returns 0x004001B0 (0000ms, 6424ms total)
T1B0C 6277:078 JLINK_ReadReg(R15 (PC))  returns 0x004001B0 (0000ms, 6424ms total)
T1B0C 6277:078 JLINK_ReadReg(APSR)  returns 0x00000000 (0000ms, 6424ms total)
T1B0C 6277:078 JLINK_ReadReg(MSP)  returns 0x20020000 (0000ms, 6424ms total)
T1B0C 6277:078 JLINK_ReadReg(PSP)  returns 0x10020060 (0000ms, 6424ms total)
T1B0C 6277:078 JLINK_ReadReg(XPSR)  returns 0x01000000 (0000ms, 6424ms total)
T1B0C 6277:078 JLINK_ReadReg(IPSR)  returns 0x00000000 (0000ms, 6424ms total)
T1B0C 6277:078 JLINK_ReadReg(EPSR)  returns 0x01000000 (0000ms, 6424ms total)
T1B0C 6277:078 JLINK_ReadReg(PRIMASK)  returns 0x00000000 (0000ms, 6424ms total)
T1B0C 6277:078 JLINK_ReadReg(FAULTMASK)  returns 0x00000000 (0000ms, 6424ms total)
T1B0C 6277:078 JLINK_ReadReg(BASEPRI)  returns 0x00000000 (0000ms, 6424ms total)
T1714 6277:083 JLINK_ReadReg(R15 (PC))  returns 0x004001B0 (0000ms, 6424ms total)
T1714 6277:083 JLINK_GetNumBPUnits(Type = 0xFFFFFF02)  returns 0x06 (0000ms, 6424ms total)
T1714 6277:083 JLINK_SetBPEx(Addr = 0x00400188, Type = 0xFFFFFF02)  returns 0x00000001 (0000ms, 6424ms total)
T1714 6277:083 JLINK_GetBPInfo(BPHandle = 1)  returns 0x00 (0000ms, 6424ms total)
T1714 6277:084 JLINK_Go() -- CPU_WriteMem(4 bytes @ 0xE0002008) -- CPU_WriteMem(4 bytes @ 0xE000200C) -- CPU_WriteMem(4 bytes @ 0xE0002010) -- CPU_WriteMem(4 bytes @ 0xE0002014) -- CPU_WriteMem(4 bytes @ 0xE0002018) -- CPU_WriteMem(4 bytes @ 0xE000201C) -- CPU_WriteMem(4 bytes @ 0xE0001004) (0002ms, 6426ms total)
T09C4 6277:086 JLINK_IsHalted()  returns TRUE (0003ms, 6429ms total)
T09C4 6277:089 JLINK_GetMOEs(...) -- CPU_ReadMem(4 bytes @ 0xE000ED30) -- CPU_WriteMem(4 bytes @ 0xE000ED30)  returns 0x01 (0001ms, 6427ms total)
T09C4 6277:090 JLINK_ReadReg(R15 (PC))  returns 0x00400188 (0000ms, 6427ms total)
T09C4 6277:090 JLINK_GetBPInfo(BPHandle = 1)  returns 0x00 (0000ms, 6427ms total)
T09C4 6277:090 JLINK_ClrBPEx(BPHandle = 0x00000001)  returns 0x00 (0000ms, 6427ms total)
T1714 6277:091 JLINK_ReadReg(R15 (PC))  returns 0x00400188 (0000ms, 6427ms total)
T1714 6277:091 JLINK_Go() -- CPU_WriteMem(4 bytes @ 0xE0002008) (0001ms, 6428ms total)
T09C4 6277:092 JLINK_IsHalted()  returns FALSE (0000ms, 6428ms total)
T09C4 6277:132 JLINK_IsHalted()  returns FALSE (0000ms, 6428ms total)
T09C4 6277:292 JLINK_IsHalted()  returns FALSE (0000ms, 6428ms total)
T09C4 6277:932 JLINK_IsHalted()  returns FALSE (0000ms, 6428ms total)
T09C4 6278:572 JLINK_IsHalted()  returns FALSE (0000ms, 6428ms total)
T09C4 6279:212 JLINK_IsHalted()  returns FALSE (0000ms, 6428ms total)
T09C4 6279:852 JLINK_IsHalted()  returns FALSE (0000ms, 6428ms total)
T09C4 6280:492 JLINK_IsHalted()  returns FALSE (0000ms, 6428ms total)
T09C4 6281:132 JLINK_IsHalted()  returns FALSE (0000ms, 6428ms total)
T09C4 6281:772 JLINK_IsHalted()  returns FALSE (0000ms, 6428ms total)
T09C4 6282:412 JLINK_IsHalted()  returns FALSE (0000ms, 6428ms total)
T09C4 6283:052 JLINK_IsHalted()  returns FALSE (0000ms, 6428ms total)
T09C4 6283:692 JLINK_IsHalted()  returns FALSE (0000ms, 6428ms total)
T09C4 6284:332 JLINK_IsHalted()  returns FALSE (0000ms, 6428ms total)
T09C4 6284:972 JLINK_IsHalted()  returns FALSE (0000ms, 6428ms total)
T09C4 6285:612 JLINK_IsHalted()  returns FALSE (0000ms, 6428ms total)
T09C4 6286:252 JLINK_IsHalted()  returns FALSE (0000ms, 6428ms total)
T09C4 6286:892 JLINK_IsHalted()  returns FALSE (0000ms, 6428ms total)
T09C4 6287:532 JLINK_IsHalted()  returns FALSE (0000ms, 6428ms total)
T09C4 6288:172 JLINK_IsHalted()  returns FALSE (0000ms, 6428ms total)
T09C4 6288:812 JLINK_IsHalted()  returns FALSE (0000ms, 6428ms total)
T09C4 6289:453 JLINK_IsHalted()  returns FALSE (0000ms, 6428ms total)
T09C4 6290:093 JLINK_IsHalted()  returns FALSE (0000ms, 6428ms total)
T09C4 6290:733 JLINK_IsHalted()  returns FALSE (0000ms, 6428ms total)
T09C4 6291:373 JLINK_IsHalted()  returns FALSE (0000ms, 6428ms total)
T09C4 6292:013 JLINK_IsHalted()  returns FALSE (0000ms, 6428ms total)
T09C4 6292:653 JLINK_IsHalted()  returns FALSE (0000ms, 6428ms total)
T09C4 6293:293 JLINK_IsHalted()  returns FALSE (0000ms, 6428ms total)
T09C4 6293:933 JLINK_IsHalted()  returns FALSE (0000ms, 6428ms total)
T09C4 6294:573 JLINK_IsHalted()  returns FALSE (0000ms, 6428ms total)
T09C4 6295:213 JLINK_IsHalted()  returns FALSE (0000ms, 6428ms total)
T09C4 6295:853 JLINK_IsHalted()  returns FALSE (0000ms, 6428ms total)
T09C4 6296:493 JLINK_IsHalted()  returns FALSE (0000ms, 6428ms total)
T09C4 6297:133 JLINK_IsHalted()  returns FALSE (0000ms, 6428ms total)
T09C4 6297:773 JLINK_IsHalted()  returns FALSE (0000ms, 6428ms total)
T09C4 6298:413 JLINK_IsHalted()  returns FALSE (0000ms, 6428ms total)
T09C4 6299:053 JLINK_IsHalted()  returns FALSE (0000ms, 6428ms total)
T09C4 6299:693 JLINK_IsHalted()  returns FALSE (0000ms, 6428ms total)
T09C4 6300:333 JLINK_IsHalted()  returns FALSE (0000ms, 6428ms total)
T09C4 6300:973 JLINK_IsHalted()  returns FALSE (0000ms, 6428ms total)
T09C4 6301:613 JLINK_IsHalted()  returns FALSE (0000ms, 6428ms total)
T09C4 6302:253 JLINK_IsHalted()  returns FALSE (0000ms, 6428ms total)
T09C4 6302:893 JLINK_IsHalted()  returns FALSE (0000ms, 6428ms total)
T09C4 6303:533 JLINK_IsHalted()  returns FALSE (0000ms, 6428ms total)
T09C4 6304:173 JLINK_IsHalted()  returns FALSE (0000ms, 6428ms total)
T09C4 6304:813 JLINK_IsHalted()  returns FALSE (0000ms, 6428ms total)
T09C4 6305:453 JLINK_IsHalted()  returns FALSE (0000ms, 6428ms total)
T09C4 6306:093 JLINK_IsHalted()  returns FALSE (0000ms, 6428ms total)
T09C4 6306:734 JLINK_IsHalted()  returns FALSE (0000ms, 6428ms total)
T09C4 6307:374 JLINK_IsHalted()  returns FALSE (0000ms, 6428ms total)
T09C4 6308:014 JLINK_IsHalted()  returns FALSE (0000ms, 6428ms total)
T09C4 6308:654 JLINK_IsHalted()  returns FALSE (0000ms, 6428ms total)
T09C4 6309:294 JLINK_IsHalted()  returns FALSE (0000ms, 6428ms total)
T09C4 6309:934 JLINK_IsHalted()  returns FALSE (0000ms, 6428ms total)
T09C4 6310:574 JLINK_IsHalted()  returns FALSE (0000ms, 6428ms total)
T09C4 6311:214 JLINK_IsHalted()  returns FALSE (0000ms, 6428ms total)
T09C4 6311:854 JLINK_IsHalted()  returns FALSE (0000ms, 6428ms total)
T09C4 6312:494 JLINK_IsHalted()  returns FALSE (0000ms, 6428ms total)
T09C4 6313:134 JLINK_IsHalted()  returns FALSE (0000ms, 6428ms total)
T09C4 6313:774 JLINK_IsHalted()  returns FALSE (0000ms, 6428ms total)
T09C4 6314:414 JLINK_IsHalted()  returns FALSE (0000ms, 6428ms total)
T09C4 6315:054 JLINK_IsHalted()  returns FALSE (0000ms, 6428ms total)
T09C4 6315:694 JLINK_IsHalted()  returns FALSE (0000ms, 6428ms total)
T09C4 6316:334 JLINK_IsHalted()  returns FALSE (0000ms, 6428ms total)
T09C4 6316:974 JLINK_IsHalted()  returns FALSE (0000ms, 6428ms total)
T09C4 6317:614 JLINK_IsHalted()  returns FALSE (0000ms, 6428ms total)
T09C4 6318:254 JLINK_IsHalted()  returns FALSE (0000ms, 6428ms total)
T09C4 6318:894 JLINK_IsHalted()  returns FALSE (0000ms, 6428ms total)
T09C4 6319:534 JLINK_IsHalted()  returns FALSE (0000ms, 6428ms total)
T09C4 6320:174 JLINK_IsHalted()  returns FALSE (0000ms, 6428ms total)
T09C4 6320:814 JLINK_IsHalted()  returns FALSE (0000ms, 6428ms total)
T09C4 6321:454 JLINK_IsHalted()  returns FALSE (0000ms, 6428ms total)
T09C4 6322:094 JLINK_IsHalted()  returns FALSE (0000ms, 6428ms total)
T09C4 6322:734 JLINK_IsHalted()  returns FALSE (0000ms, 6428ms total)
T09C4 6323:374 JLINK_IsHalted()  returns FALSE (0000ms, 6428ms total)
T09C4 6324:015 JLINK_IsHalted()  returns FALSE (0000ms, 6428ms total)
T09C4 6324:655 JLINK_IsHalted()  returns FALSE (0000ms, 6428ms total)
T09C4 6325:295 JLINK_IsHalted()  returns FALSE (0000ms, 6428ms total)
T09C4 6325:935 JLINK_IsHalted()  returns FALSE (0000ms, 6428ms total)
T09C4 6326:575 JLINK_IsHalted()  returns FALSE (0000ms, 6428ms total)
T1714 6327:031 JLINK_Halt()  returns 0x00 (0003ms, 6431ms total)
T09C4 6327:215 JLINK_IsHalted()  returns TRUE (0000ms, 6431ms total)
T09C4 6327:215 JLINK_GetMOEs(...) -- CPU_ReadMem(4 bytes @ 0xE000ED30) -- CPU_WriteMem(4 bytes @ 0xE000ED30)  returns 0x01 (0001ms, 6432ms total)
T09C4 6327:216 JLINK_ReadReg(R15 (PC))  returns 0x00400192 (0000ms, 6432ms total)
T1B0C 6327:216 JLINK_ResetPullsRESET(ON) (0000ms, 6432ms total)
T1B0C 6327:216 JLINK_ResetNoHalt() >0x2F8 JTAG>TotalIRLen = 4, IRPrint = 0x01 >0x30 JTAG> >0x210 JTAG> >0x70 JTAG> >0x40 JTAG> >0x40 JTAG> >0x40 JTAG> >0x48 JTAG> >0x78 JTAG> >0x40 JTAG> >0x30 JTAG> >0x40 JTAG> >0x40 JTAG> >0x30 JTAG> >0x40 JTAG> >0x48 JTAG>Found Cortex-M4 r0p1, Little endian. -- CPU_WriteMem(4 bytes @ 0xE0002000) -- CPU_ReadMem(4 bytes @ 0xE000EDF0) -- CPU_ReadMem(4 bytes @ 0xE0002000)FPUnit: 6 code (BP) slots and 2 literal slots -- CPU_ReadMem(4 bytes @ 0xE000EDFC)
 -- CPU_ReadMem(4 bytes @ 0xE0001000) -- CPU_ReadMem(4 bytes @ 0xE00FF010)TPIU fitted. -- CPU_ReadMem(4 bytes @ 0xE00FF014) -- CPU_ReadMem(4 bytes @ 0xE00FF018)
                JLINK_Reset() -- CPU_ReadMem(16 bytes @ 0x20000000) -- CPU_WriteMem(16 bytes @ 0x20000000) -- CPU_ReadMem(4 bytes @ 0xE000EDFC) -- CPU_WriteMem(4 bytes @ 0xE000EDFC) -- CPU_WriteMem(4 bytes @ 0xE000EDFC) -- CPU_WriteMem(16 bytes @ 0x20000000) -- CPU_WriteMem(4 bytes @ 0xE0002000) -- CPU_ReadMem(4 bytes @ 0xE000EDFC) -- CPU_ReadMem(4 bytes @ 0xE0001000) (0019ms, 0019ms total)
                JLINK_Go() -- CPU_WriteMem(4 bytes @ 0xE0002008) -- CPU_WriteMem(4 bytes @ 0xE000200C) -- CPU_WriteMem(4 bytes @ 0xE0002010) -- CPU_WriteMem(4 bytes @ 0xE0002014) -- CPU_WriteMem(4 bytes @ 0xE0002018) -- CPU_WriteMem(4 bytes @ 0xE000201C) -- CPU_WriteMem(4 bytes @ 0xE0001004) (0002ms, 0021ms total)
               (0028ms, 6460ms total)
T1B0C 6327:449 JLINK_Close() -- CPU is running -- CPU_WriteMem(4 bytes @ 0xE0002008) -- CPU is running -- CPU_WriteMem(4 bytes @ 0xE000200C) -- CPU is running -- CPU_WriteMem(4 bytes @ 0xE0002010) -- CPU is running -- CPU_WriteMem(4 bytes @ 0xE0002014) -- CPU is running -- CPU_WriteMem(4 bytes @ 0xE0002018) -- CPU is running -- CPU_WriteMem(4 bytes @ 0xE000201C) >0x78 JTAG> >0x08 JTAG> (0003ms, 6463ms total)
T1B0C 6327:449  (0003ms, 6463ms total)
T1B0C 6327:449 Closed (0003ms, 6463ms total)
