T1B0C 7701:064 SEGGER J-Link V4.84c Log File (0020ms, 18500ms total)
T1B0C 7701:064 DLL Compiled: Apr 16 2014 18:53:07 (0020ms, 18500ms total)
T1B0C 7701:064 Logging started @ 2014-11-06 20:55 (0021ms, 18501ms total)
T1B0C 7701:114 JLINK_ExecCommand("Device = AT91SAM4S16C", ...)Device "ATSAM4S16C" selected (1024 KB flash, 128 KB RAM).  returns 0x00 (0001ms, 18502ms total)
T1B0C 7701:152 JLINK_ExecCommand("ProjectFile = J:\Embedded classes\Examples\ex4_led_blink\jlink.config", ...)  returns 0x00 (0000ms, 18502ms total)
T1B0C 7701:184 JLINK_ExecCommand("Device = AT91SAM4S16C", ...)Device "ATSAM4S16C" selected (1024 KB flash, 128 KB RAM).  returns 0x00 (0000ms, 18502ms total)
T1B0C 7701:184 JLINK_TIF_Select(JLINKARM_TIF_JTAG)  returns 0x00 (0001ms, 18503ms total)
T1B0C 7701:185 JLINK_GetIdData(...) >0x2F8 JTAG>TotalIRLen = 4, IRPrint = 0x01 >0x30 JTAG> >0x210 JTAG> >0x70 JTAG> >0x40 JTAG> >0x40 JTAG> >0x40 JTAG> >0x48 JTAG> >0x78 JTAG> >0x40 JTAG> >0x30 JTAG> >0x40 JTAG> >0x40 JTAG> >0x30 JTAG> >0x40 JTAG> >0x48 JTAG>Found Cortex-M4 r0p1, Little endian. -- CPU_WriteMem(4 bytes @ 0xE0002000) -- CPU_ReadMem(4 bytes @ 0xE000EDF0) -- CPU_ReadMem(4 bytes @ 0xE0002000)FPUnit: 6 code (BP) slots and 2 literal slots -- CPU_ReadMem(4 bytes @ 0xE000EDFC)
 -- CPU_ReadMem(4 bytes @ 0xE0001000) -- CPU_WriteMem(4 bytes @ 0xE0001000) -- CPU_ReadMem(4 bytes @ 0xE00FF010)TPIU fitted. -- CPU_ReadMem(4 bytes @ 0xE00FF014) -- CPU_ReadMem(4 bytes @ 0xE00FF018) ScanLen=4 NumDevices=1 aId[0]=0x4BA00477 aIrRead[0]=0 aScanLen[0]=0 aScanRead[0]=0 (0013ms, 18516ms total)
T1B0C 7701:198 JLINK_ConfigJTAG(IRPre = 0, DRPre = 0) (0000ms, 18516ms total)
T1B0C 7701:198 JLINK_SetSpeed(1000) (0000ms, 18516ms total)
T1B0C 7701:198 JLINK_ResetPullsRESET(OFF) (0000ms, 18516ms total)
T1B0C 7701:198 JLINK_Connect() >0x2F8 JTAG>TotalIRLen = 4, IRPrint = 0x01 >0x30 JTAG> >0x210 JTAG> >0x70 JTAG> >0x40 JTAG> >0x40 JTAG> >0x40 JTAG> >0x48 JTAG> >0x78 JTAG> >0x40 JTAG> >0x30 JTAG> >0x40 JTAG> >0x40 JTAG> >0x30 JTAG> >0x40 JTAG> >0x48 JTAG>Found Cortex-M4 r0p1, Little endian. -- CPU_WriteMem(4 bytes @ 0xE0002000) -- CPU_ReadMem(4 bytes @ 0xE000EDF0) -- CPU_ReadMem(4 bytes @ 0xE0002000)FPUnit: 6 code (BP) slots and 2 literal slots -- CPU_ReadMem(4 bytes @ 0xE000EDFC)
 -- CPU_ReadMem(4 bytes @ 0xE0001000) -- CPU_WriteMem(4 bytes @ 0xE0001000) -- CPU_ReadMem(4 bytes @ 0xE00FF010)TPIU fitted. -- CPU_ReadMem(4 bytes @ 0xE00FF014) -- CPU_ReadMem(4 bytes @ 0xE00FF018)  returns 0x00 (0012ms, 18528ms total)
T1B0C 7701:210 JLINK_GetDebugInfo(0x100) -- Value=0xE00FF003  returns 0x00 (0000ms, 18528ms total)
T1B0C 7701:210 JLINK_ReadMemU8(0xE00FFFF0, 0x0001 Items, ...) -- CPU is running -- CPU_ReadMem(1 bytes @ 0xE00FFFF0) -- Data:  0D  returns 0x01 (0001ms, 18529ms total)
T1B0C 7701:211 JLINK_ReadMemU8(0xE00FFFF4, 0x0001 Items, ...) -- CPU is running -- CPU_ReadMem(1 bytes @ 0xE00FFFF4) -- Data:  10  returns 0x01 (0001ms, 18530ms total)
T1B0C 7701:212 JLINK_ReadMemU8(0xE00FFFF8, 0x0001 Items, ...) -- CPU is running -- CPU_ReadMem(1 bytes @ 0xE00FFFF8) -- Data:  05  returns 0x01 (0000ms, 18530ms total)
T1B0C 7701:212 JLINK_ReadMemU8(0xE00FFFFC, 0x0001 Items, ...) -- CPU is running -- CPU_ReadMem(1 bytes @ 0xE00FFFFC) -- Data:  B1  returns 0x01 (0001ms, 18531ms total)
T1B0C 7701:213 JLINK_ReadMemU8(0xE00FFFD0, 0x0001 Items, ...) -- CPU is running -- CPU_ReadMem(1 bytes @ 0xE00FFFD0) -- Data:  04  returns 0x01 (0001ms, 18532ms total)
T1B0C 7701:214 JLINK_ReadMemU8(0xE00FFFD4, 0x0001 Items, ...) -- CPU is running -- CPU_ReadMem(1 bytes @ 0xE00FFFD4) -- Data:  00  returns 0x01 (0000ms, 18532ms total)
T1B0C 7701:214 JLINK_ReadMemU8(0xE00FFFD8, 0x0001 Items, ...) -- CPU is running -- CPU_ReadMem(1 bytes @ 0xE00FFFD8) -- Data:  00  returns 0x01 (0001ms, 18533ms total)
T1B0C 7701:215 JLINK_ReadMemU8(0xE00FFFDC, 0x0001 Items, ...) -- CPU is running -- CPU_ReadMem(1 bytes @ 0xE00FFFDC) -- Data:  00  returns 0x01 (0001ms, 18534ms total)
T1B0C 7701:216 JLINK_ReadMemU8(0xE00FFFE0, 0x0001 Items, ...) -- CPU is running -- CPU_ReadMem(1 bytes @ 0xE00FFFE0) -- Data:  C4  returns 0x01 (0000ms, 18534ms total)
T1B0C 7701:216 JLINK_ReadMemU8(0xE00FFFE4, 0x0001 Items, ...) -- CPU is running -- CPU_ReadMem(1 bytes @ 0xE00FFFE4) -- Data:  B4  returns 0x01 (0001ms, 18535ms total)
T1B0C 7701:217 JLINK_ReadMemU8(0xE00FFFE8, 0x0001 Items, ...) -- CPU is running -- CPU_ReadMem(1 bytes @ 0xE00FFFE8) -- Data:  0B  returns 0x01 (0001ms, 18536ms total)
T1B0C 7701:218 JLINK_ReadMemU8(0xE00FFFEC, 0x0001 Items, ...) -- CPU is running -- CPU_ReadMem(1 bytes @ 0xE00FFFEC) -- Data:  00  returns 0x01 (0000ms, 18536ms total)
T1B0C 7701:218 JLINK_ReadMemU32(0xE00FF000, 0x0001 Items, ...) -- CPU is running -- CPU_ReadMem(4 bytes @ 0xE00FF000) -- Data:  03 F0 F0 FF  returns 0x01 (0001ms, 18537ms total)
T1B0C 7701:219 JLINK_ReadMemU8(0xE000EFF0, 0x0001 Items, ...) -- CPU is running -- CPU_ReadMem(1 bytes @ 0xE000EFF0) -- Data:  0D  returns 0x01 (0000ms, 18537ms total)
T1B0C 7701:219 JLINK_ReadMemU8(0xE000EFF4, 0x0001 Items, ...) -- CPU is running -- CPU_ReadMem(1 bytes @ 0xE000EFF4) -- Data:  E0  returns 0x01 (0001ms, 18538ms total)
T1B0C 7701:220 JLINK_ReadMemU8(0xE000EFF8, 0x0001 Items, ...) -- CPU is running -- CPU_ReadMem(1 bytes @ 0xE000EFF8) -- Data:  05  returns 0x01 (0001ms, 18539ms total)
T1B0C 7701:221 JLINK_ReadMemU8(0xE000EFFC, 0x0001 Items, ...) -- CPU is running -- CPU_ReadMem(1 bytes @ 0xE000EFFC) -- Data:  B1  returns 0x01 (0000ms, 18539ms total)
T1B0C 7701:221 JLINK_ReadMemU8(0xE000EFD0, 0x0001 Items, ...) -- CPU is running -- CPU_ReadMem(1 bytes @ 0xE000EFD0) -- Data:  04  returns 0x01 (0001ms, 18540ms total)
T1B0C 7701:222 JLINK_ReadMemU8(0xE000EFD4, 0x0001 Items, ...) -- CPU is running -- CPU_ReadMem(1 bytes @ 0xE000EFD4) -- Data:  00  returns 0x01 (0001ms, 18541ms total)
T1B0C 7701:223 JLINK_ReadMemU8(0xE000EFD8, 0x0001 Items, ...) -- CPU is running -- CPU_ReadMem(1 bytes @ 0xE000EFD8) -- Data:  00  returns 0x01 (0000ms, 18541ms total)
T1B0C 7701:223 JLINK_ReadMemU8(0xE000EFDC, 0x0001 Items, ...) -- CPU is running -- CPU_ReadMem(1 bytes @ 0xE000EFDC) -- Data:  00  returns 0x01 (0001ms, 18542ms total)
T1B0C 7701:224 JLINK_ReadMemU8(0xE000EFE0, 0x0001 Items, ...) -- CPU is running -- CPU_ReadMem(1 bytes @ 0xE000EFE0) -- Data:  00  returns 0x01 (0001ms, 18543ms total)
T1B0C 7701:225 JLINK_ReadMemU8(0xE000EFE4, 0x0001 Items, ...) -- CPU is running -- CPU_ReadMem(1 bytes @ 0xE000EFE4) -- Data:  B0  returns 0x01 (0001ms, 18544ms total)
T1B0C 7701:226 JLINK_ReadMemU8(0xE000EFE8, 0x0001 Items, ...) -- CPU is running -- CPU_ReadMem(1 bytes @ 0xE000EFE8) -- Data:  0B  returns 0x01 (0000ms, 18544ms total)
T1B0C 7701:226 JLINK_ReadMemU8(0xE000EFEC, 0x0001 Items, ...) -- CPU is running -- CPU_ReadMem(1 bytes @ 0xE000EFEC) -- Data:  00  returns 0x01 (0001ms, 18545ms total)
T1B0C 7701:227 JLINK_ReadMemU32(0xE00FF004, 0x0001 Items, ...) -- CPU is running -- CPU_ReadMem(4 bytes @ 0xE00FF004) -- Data:  03 20 F0 FF  returns 0x01 (0001ms, 18546ms total)
T1B0C 7701:228 JLINK_ReadMemU8(0xE0001FF0, 0x0001 Items, ...) -- CPU is running -- CPU_ReadMem(1 bytes @ 0xE0001FF0) -- Data:  0D  returns 0x01 (0000ms, 18546ms total)
T1B0C 7701:228 JLINK_ReadMemU8(0xE0001FF4, 0x0001 Items, ...) -- CPU is running -- CPU_ReadMem(1 bytes @ 0xE0001FF4) -- Data:  E0  returns 0x01 (0001ms, 18547ms total)
T1B0C 7701:229 JLINK_ReadMemU8(0xE0001FF8, 0x0001 Items, ...) -- CPU is running -- CPU_ReadMem(1 bytes @ 0xE0001FF8) -- Data:  05  returns 0x01 (0001ms, 18548ms total)
T1B0C 7701:230 JLINK_ReadMemU8(0xE0001FFC, 0x0001 Items, ...) -- CPU is running -- CPU_ReadMem(1 bytes @ 0xE0001FFC) -- Data:  B1  returns 0x01 (0000ms, 18548ms total)
T1B0C 7701:230 JLINK_ReadMemU8(0xE0001FD0, 0x0001 Items, ...) -- CPU is running -- CPU_ReadMem(1 bytes @ 0xE0001FD0) -- Data:  04  returns 0x01 (0001ms, 18549ms total)
T1B0C 7701:231 JLINK_ReadMemU8(0xE0001FD4, 0x0001 Items, ...) -- CPU is running -- CPU_ReadMem(1 bytes @ 0xE0001FD4) -- Data:  00  returns 0x01 (0001ms, 18550ms total)
T1B0C 7701:232 JLINK_ReadMemU8(0xE0001FD8, 0x0001 Items, ...) -- CPU is running -- CPU_ReadMem(1 bytes @ 0xE0001FD8) -- Data:  00  returns 0x01 (0000ms, 18550ms total)
T1B0C 7701:232 JLINK_ReadMemU8(0xE0001FDC, 0x0001 Items, ...) -- CPU is running -- CPU_ReadMem(1 bytes @ 0xE0001FDC) -- Data:  00  returns 0x01 (0001ms, 18551ms total)
T1B0C 7701:233 JLINK_ReadMemU8(0xE0001FE0, 0x0001 Items, ...) -- CPU is running -- CPU_ReadMem(1 bytes @ 0xE0001FE0) -- Data:  02  returns 0x01 (0001ms, 18552ms total)
T1B0C 7701:234 JLINK_ReadMemU8(0xE0001FE4, 0x0001 Items, ...) -- CPU is running -- CPU_ReadMem(1 bytes @ 0xE0001FE4) -- Data:  B0  returns 0x01 (0000ms, 18552ms total)
T1B0C 7701:234 JLINK_ReadMemU8(0xE0001FE8, 0x0001 Items, ...) -- CPU is running -- CPU_ReadMem(1 bytes @ 0xE0001FE8) -- Data:  3B  returns 0x01 (0001ms, 18553ms total)
T1B0C 7701:235 JLINK_ReadMemU8(0xE0001FEC, 0x0001 Items, ...) -- CPU is running -- CPU_ReadMem(1 bytes @ 0xE0001FEC) -- Data:  00  returns 0x01 (0001ms, 18554ms total)
T1B0C 7701:236 JLINK_ReadMemU32(0xE00FF008, 0x0001 Items, ...) -- CPU is running -- CPU_ReadMem(4 bytes @ 0xE00FF008) -- Data:  03 30 F0 FF  returns 0x01 (0000ms, 18554ms total)
T1B0C 7701:236 JLINK_ReadMemU8(0xE0002FF0, 0x0001 Items, ...) -- CPU is running -- CPU_ReadMem(1 bytes @ 0xE0002FF0) -- Data:  0D  returns 0x01 (0001ms, 18555ms total)
T1B0C 7701:237 JLINK_ReadMemU8(0xE0002FF4, 0x0001 Items, ...) -- CPU is running -- CPU_ReadMem(1 bytes @ 0xE0002FF4) -- Data:  E0  returns 0x01 (0001ms, 18556ms total)
T1B0C 7701:238 JLINK_ReadMemU8(0xE0002FF8, 0x0001 Items, ...) -- CPU is running -- CPU_ReadMem(1 bytes @ 0xE0002FF8) -- Data:  05  returns 0x01 (0000ms, 18556ms total)
T1B0C 7701:238 JLINK_ReadMemU8(0xE0002FFC, 0x0001 Items, ...) -- CPU is running -- CPU_ReadMem(1 bytes @ 0xE0002FFC) -- Data:  B1  returns 0x01 (0001ms, 18557ms total)
T1B0C 7701:239 JLINK_ReadMemU8(0xE0002FD0, 0x0001 Items, ...) -- CPU is running -- CPU_ReadMem(1 bytes @ 0xE0002FD0) -- Data:  04  returns 0x01 (0001ms, 18558ms total)
T1B0C 7701:240 JLINK_ReadMemU8(0xE0002FD4, 0x0001 Items, ...) -- CPU is running -- CPU_ReadMem(1 bytes @ 0xE0002FD4) -- Data:  00  returns 0x01 (0000ms, 18558ms total)
T1B0C 7701:240 JLINK_ReadMemU8(0xE0002FD8, 0x0001 Items, ...) -- CPU is running -- CPU_ReadMem(1 bytes @ 0xE0002FD8) -- Data:  00  returns 0x01 (0001ms, 18559ms total)
T1B0C 7701:241 JLINK_ReadMemU8(0xE0002FDC, 0x0001 Items, ...) -- CPU is running -- CPU_ReadMem(1 bytes @ 0xE0002FDC) -- Data:  00  returns 0x01 (0000ms, 18559ms total)
T1B0C 7701:241 JLINK_ReadMemU8(0xE0002FE0, 0x0001 Items, ...) -- CPU is running -- CPU_ReadMem(1 bytes @ 0xE0002FE0) -- Data:  03  returns 0x01 (0001ms, 18560ms total)
T1B0C 7701:242 JLINK_ReadMemU8(0xE0002FE4, 0x0001 Items, ...) -- CPU is running -- CPU_ReadMem(1 bytes @ 0xE0002FE4) -- Data:  B0  returns 0x01 (0001ms, 18561ms total)
T1B0C 7701:243 JLINK_ReadMemU8(0xE0002FE8, 0x0001 Items, ...) -- CPU is running -- CPU_ReadMem(1 bytes @ 0xE0002FE8) -- Data:  2B  returns 0x01 (0000ms, 18561ms total)
T1B0C 7701:243 JLINK_ReadMemU8(0xE0002FEC, 0x0001 Items, ...) -- CPU is running -- CPU_ReadMem(1 bytes @ 0xE0002FEC) -- Data:  00  returns 0x01 (0001ms, 18562ms total)
T1B0C 7701:244 JLINK_ReadMemU32(0xE00FF00C, 0x0001 Items, ...) -- CPU is running -- CPU_ReadMem(4 bytes @ 0xE00FF00C) -- Data:  03 10 F0 FF  returns 0x01 (0001ms, 18563ms total)
T1B0C 7701:245 JLINK_ReadMemU8(0xE0000FF0, 0x0001 Items, ...) -- CPU is running -- CPU_ReadMem(1 bytes @ 0xE0000FF0) -- Data:  0D  returns 0x01 (0001ms, 18564ms total)
T1B0C 7701:246 JLINK_ReadMemU8(0xE0000FF4, 0x0001 Items, ...) -- CPU is running -- CPU_ReadMem(1 bytes @ 0xE0000FF4) -- Data:  E0  returns 0x01 (0000ms, 18564ms total)
T1B0C 7701:246 JLINK_ReadMemU8(0xE0000FF8, 0x0001 Items, ...) -- CPU is running -- CPU_ReadMem(1 bytes @ 0xE0000FF8) -- Data:  05  returns 0x01 (0001ms, 18565ms total)
T1B0C 7701:247 JLINK_ReadMemU8(0xE0000FFC, 0x0001 Items, ...) -- CPU is running -- CPU_ReadMem(1 bytes @ 0xE0000FFC) -- Data:  B1  returns 0x01 (0001ms, 18566ms total)
T1B0C 7701:248 JLINK_ReadMemU8(0xE0000FD0, 0x0001 Items, ...) -- CPU is running -- CPU_ReadMem(1 bytes @ 0xE0000FD0) -- Data:  04  returns 0x01 (0000ms, 18566ms total)
T1B0C 7701:248 JLINK_ReadMemU8(0xE0000FD4, 0x0001 Items, ...) -- CPU is running -- CPU_ReadMem(1 bytes @ 0xE0000FD4) -- Data:  00  returns 0x01 (0001ms, 18567ms total)
T1B0C 7701:249 JLINK_ReadMemU8(0xE0000FD8, 0x0001 Items, ...) -- CPU is running -- CPU_ReadMem(1 bytes @ 0xE0000FD8) -- Data:  00  returns 0x01 (0000ms, 18567ms total)
T1B0C 7701:250 JLINK_ReadMemU8(0xE0000FDC, 0x0001 Items, ...) -- CPU is running -- CPU_ReadMem(1 bytes @ 0xE0000FDC) -- Data:  00  returns 0x01 (0000ms, 18567ms total)
T1B0C 7701:250 JLINK_ReadMemU8(0xE0000FE0, 0x0001 Items, ...) -- CPU is running -- CPU_ReadMem(1 bytes @ 0xE0000FE0) -- Data:  01  returns 0x01 (0001ms, 18568ms total)
T1B0C 7701:251 JLINK_ReadMemU8(0xE0000FE4, 0x0001 Items, ...) -- CPU is running -- CPU_ReadMem(1 bytes @ 0xE0000FE4) -- Data:  B0  returns 0x01 (0000ms, 18568ms total)
T1B0C 7701:251 JLINK_ReadMemU8(0xE0000FE8, 0x0001 Items, ...) -- CPU is running -- CPU_ReadMem(1 bytes @ 0xE0000FE8) -- Data:  3B  returns 0x01 (0001ms, 18569ms total)
T1B0C 7701:252 JLINK_ReadMemU8(0xE0000FEC, 0x0001 Items, ...) -- CPU is running -- CPU_ReadMem(1 bytes @ 0xE0000FEC) -- Data:  00  returns 0x01 (0001ms, 18570ms total)
T1B0C 7701:253 JLINK_ReadMemU32(0xE00FF010, 0x0001 Items, ...) -- CPU is running -- CPU_ReadMem(4 bytes @ 0xE00FF010) -- Data:  03 10 F4 FF  returns 0x01 (0000ms, 18570ms total)
T1B0C 7701:253 JLINK_ReadMemU8(0xE0040FF0, 0x0001 Items, ...) -- CPU is running -- CPU_ReadMem(1 bytes @ 0xE0040FF0) -- Data:  0D  returns 0x01 (0001ms, 18571ms total)
T1B0C 7701:254 JLINK_ReadMemU8(0xE0040FF4, 0x0001 Items, ...) -- CPU is running -- CPU_ReadMem(1 bytes @ 0xE0040FF4) -- Data:  90  returns 0x01 (0001ms, 18572ms total)
T1B0C 7701:255 JLINK_ReadMemU8(0xE0040FF8, 0x0001 Items, ...) -- CPU is running -- CPU_ReadMem(1 bytes @ 0xE0040FF8) -- Data:  05  returns 0x01 (0000ms, 18572ms total)
T1B0C 7701:255 JLINK_ReadMemU8(0xE0040FFC, 0x0001 Items, ...) -- CPU is running -- CPU_ReadMem(1 bytes @ 0xE0040FFC) -- Data:  B1  returns 0x01 (0001ms, 18573ms total)
T1B0C 7701:256 JLINK_ReadMemU8(0xE0040FD0, 0x0001 Items, ...) -- CPU is running -- CPU_ReadMem(1 bytes @ 0xE0040FD0) -- Data:  04  returns 0x01 (0001ms, 18574ms total)
T1B0C 7701:257 JLINK_ReadMemU8(0xE0040FD4, 0x0001 Items, ...) -- CPU is running -- CPU_ReadMem(1 bytes @ 0xE0040FD4) -- Data:  00  returns 0x01 (0000ms, 18574ms total)
T1B0C 7701:257 JLINK_ReadMemU8(0xE0040FD8, 0x0001 Items, ...) -- CPU is running -- CPU_ReadMem(1 bytes @ 0xE0040FD8) -- Data:  00  returns 0x01 (0001ms, 18575ms total)
T1B0C 7701:258 JLINK_ReadMemU8(0xE0040FDC, 0x0001 Items, ...) -- CPU is running -- CPU_ReadMem(1 bytes @ 0xE0040FDC) -- Data:  00  returns 0x01 (0001ms, 18576ms total)
T1B0C 7701:259 JLINK_ReadMemU8(0xE0040FE0, 0x0001 Items, ...) -- CPU is running -- CPU_ReadMem(1 bytes @ 0xE0040FE0) -- Data:  A1  returns 0x01 (0000ms, 18576ms total)
T1B0C 7701:259 JLINK_ReadMemU8(0xE0040FE4, 0x0001 Items, ...) -- CPU is running -- CPU_ReadMem(1 bytes @ 0xE0040FE4) -- Data:  B9  returns 0x01 (0001ms, 18577ms total)
T1B0C 7701:260 JLINK_ReadMemU8(0xE0040FE8, 0x0001 Items, ...) -- CPU is running -- CPU_ReadMem(1 bytes @ 0xE0040FE8) -- Data:  0B  returns 0x01 (0001ms, 18578ms total)
T1B0C 7701:261 JLINK_ReadMemU8(0xE0040FEC, 0x0001 Items, ...) -- CPU is running -- CPU_ReadMem(1 bytes @ 0xE0040FEC) -- Data:  00  returns 0x01 (0000ms, 18578ms total)
T1B0C 7701:261 JLINK_ReadMemU32(0xE00FF014, 0x0001 Items, ...) -- CPU is running -- CPU_ReadMem(4 bytes @ 0xE00FF014) -- Data:  02 20 F4 FF  returns 0x01 (0001ms, 18579ms total)
T1B0C 7701:262 JLINK_ReadMemU32(0xE00FF018, 0x0001 Items, ...) -- CPU is running -- CPU_ReadMem(4 bytes @ 0xE00FF018) -- Data:  00 00 00 00  returns 0x01 (0001ms, 18580ms total)
T1B0C 7701:263 JLINK_ReadMem (0xE0001000, 0x0004 Bytes, ...) -- CPU is running -- CPU_ReadMem(4 bytes @ 0xE0001000) -- Data:  01 00 00 40  returns 0x00 (0000ms, 18580ms total)
T1B0C 7701:263 JLINK_ReadMem (0xE0001000, 0x0004 Bytes, ...) -- CPU is running -- CPU_ReadMem(4 bytes @ 0xE0001000) -- Data:  01 00 00 40  returns 0x00 (0001ms, 18581ms total)
T1B0C 7701:264 JLINK_ReadMem (0xE0001028, 0x0004 Bytes, ...) -- CPU is running -- CPU_ReadMem(4 bytes @ 0xE0001028) -- Data:  00 00 00 00  returns 0x00 (0007ms, 18588ms total)
T1B0C 7701:271 JLINK_WriteMem(0xE0001028, 0x0004 Bytes, ...) -- Data:  00 01 00 00 -- CPU is running -- CPU_WriteMem(4 bytes @ 0xE0001028)  returns 0x04 (0001ms, 18589ms total)
T1B0C 7701:272 JLINK_ReadMem (0xE0001028, 0x0004 Bytes, ...) -- CPU is running -- CPU_ReadMem(4 bytes @ 0xE0001028) -- Data:  00 00 00 00  returns 0x00 (0000ms, 18589ms total)
T1B0C 7701:272 JLINK_ReadMem (0xE0001038, 0x0004 Bytes, ...) -- CPU is running -- CPU_ReadMem(4 bytes @ 0xE0001038) -- Data:  00 02 00 00  returns 0x00 (0001ms, 18590ms total)
T1B0C 7701:273 JLINK_WriteMem(0xE0001038, 0x0004 Bytes, ...) -- Data:  00 03 00 00 -- CPU is running -- CPU_WriteMem(4 bytes @ 0xE0001038)  returns 0x04 (0001ms, 18591ms total)
T1B0C 7701:274 JLINK_ReadMem (0xE0001038, 0x0004 Bytes, ...) -- CPU is running -- CPU_ReadMem(4 bytes @ 0xE0001038) -- Data:  00 03 00 00  returns 0x00 (0000ms, 18591ms total)
T1B0C 7701:274 JLINK_ReadMem (0xE0001048, 0x0004 Bytes, ...) -- CPU is running -- CPU_ReadMem(4 bytes @ 0xE0001048) -- Data:  00 00 00 00  returns 0x00 (0001ms, 18592ms total)
T1B0C 7701:275 JLINK_WriteMem(0xE0001048, 0x0004 Bytes, ...) -- Data:  00 01 00 00 -- CPU is running -- CPU_WriteMem(4 bytes @ 0xE0001048)  returns 0x04 (0000ms, 18592ms total)
T1B0C 7701:275 JLINK_ReadMem (0xE0001048, 0x0004 Bytes, ...) -- CPU is running -- CPU_ReadMem(4 bytes @ 0xE0001048) -- Data:  00 00 00 00  returns 0x00 (0001ms, 18593ms total)
T1B0C 7701:276 JLINK_ReadMem (0xE0001058, 0x0004 Bytes, ...) -- CPU is running -- CPU_ReadMem(4 bytes @ 0xE0001058) -- Data:  00 00 00 00  returns 0x00 (0000ms, 18593ms total)
T1B0C 7701:276 JLINK_WriteMem(0xE0001058, 0x0004 Bytes, ...) -- Data:  00 01 00 00 -- CPU is running -- CPU_WriteMem(4 bytes @ 0xE0001058)  returns 0x04 (0001ms, 18594ms total)
T1B0C 7701:277 JLINK_ReadMem (0xE0001058, 0x0004 Bytes, ...) -- CPU is running -- CPU_ReadMem(4 bytes @ 0xE0001058) -- Data:  00 00 00 00  returns 0x00 (0001ms, 18595ms total)
T1B0C 7701:278 JLINK_ReadMem (0xE0001024, 0x0004 Bytes, ...) -- CPU is running -- CPU_ReadMem(4 bytes @ 0xE0001024) -- Data:  00 00 00 00  returns 0x00 (0000ms, 18595ms total)
T1B0C 7701:278 JLINK_WriteMem(0xE0001024, 0x0004 Bytes, ...) -- Data:  1F 00 00 00 -- CPU is running -- CPU_WriteMem(4 bytes @ 0xE0001024)  returns 0x04 (0001ms, 18596ms total)
T1B0C 7701:279 JLINK_ReadMem (0xE0001024, 0x0004 Bytes, ...) -- CPU is running -- CPU_ReadMem(4 bytes @ 0xE0001024) -- Data:  0F 00 00 00  returns 0x00 (0000ms, 18596ms total)
T1B0C 7701:279 JLINK_ReadMem (0xE0001034, 0x0004 Bytes, ...) -- CPU is running -- CPU_ReadMem(4 bytes @ 0xE0001034) -- Data:  00 00 00 00  returns 0x00 (0001ms, 18597ms total)
T1B0C 7701:280 JLINK_WriteMem(0xE0001034, 0x0004 Bytes, ...) -- Data:  1F 00 00 00 -- CPU is running -- CPU_WriteMem(4 bytes @ 0xE0001034)  returns 0x04 (0001ms, 18598ms total)
T1B0C 7701:281 JLINK_ReadMem (0xE0001034, 0x0004 Bytes, ...) -- CPU is running -- CPU_ReadMem(4 bytes @ 0xE0001034) -- Data:  0F 00 00 00  returns 0x00 (0000ms, 18598ms total)
T1B0C 7701:281 JLINK_ReadMem (0xE0001044, 0x0004 Bytes, ...) -- CPU is running -- CPU_ReadMem(4 bytes @ 0xE0001044) -- Data:  00 00 00 00  returns 0x00 (0001ms, 18599ms total)
T1B0C 7701:282 JLINK_WriteMem(0xE0001044, 0x0004 Bytes, ...) -- Data:  1F 00 00 00 -- CPU is running -- CPU_WriteMem(4 bytes @ 0xE0001044)  returns 0x04 (0000ms, 18599ms total)
T1B0C 7701:282 JLINK_ReadMem (0xE0001044, 0x0004 Bytes, ...) -- CPU is running -- CPU_ReadMem(4 bytes @ 0xE0001044) -- Data:  0F 00 00 00  returns 0x00 (0001ms, 18600ms total)
T1B0C 7701:283 JLINK_ReadMem (0xE0001054, 0x0004 Bytes, ...) -- CPU is running -- CPU_ReadMem(4 bytes @ 0xE0001054) -- Data:  00 00 00 00  returns 0x00 (0001ms, 18601ms total)
T1B0C 7701:284 JLINK_WriteMem(0xE0001054, 0x0004 Bytes, ...) -- Data:  1F 00 00 00 -- CPU is running -- CPU_WriteMem(4 bytes @ 0xE0001054)  returns 0x04 (0000ms, 18601ms total)
T1B0C 7701:284 JLINK_ReadMem (0xE0001054, 0x0004 Bytes, ...) -- CPU is running -- CPU_ReadMem(4 bytes @ 0xE0001054) -- Data:  0F 00 00 00  returns 0x00 (0001ms, 18602ms total)
T1B0C 7701:285 JLINK_ReadMem (0xE0001028, 0x0004 Bytes, ...) -- CPU is running -- CPU_ReadMem(4 bytes @ 0xE0001028) -- Data:  00 00 00 00  returns 0x00 (0000ms, 18602ms total)
T1B0C 7701:285 JLINK_ReadMem (0xE0001038, 0x0004 Bytes, ...) -- CPU is running -- CPU_ReadMem(4 bytes @ 0xE0001038) -- Data:  00 03 00 00  returns 0x00 (0001ms, 18603ms total)
T1B0C 7701:286 JLINK_ReadMem (0xE0001048, 0x0004 Bytes, ...) -- CPU is running -- CPU_ReadMem(4 bytes @ 0xE0001048) -- Data:  00 00 00 00  returns 0x00 (0001ms, 18604ms total)
T1B0C 7701:287 JLINK_ReadMem (0xE0001058, 0x0004 Bytes, ...) -- CPU is running -- CPU_ReadMem(4 bytes @ 0xE0001058) -- Data:  00 00 00 00  returns 0x00 (0000ms, 18604ms total)
T1B0C 7701:287 JLINK_WriteMem(0xE0001020, 0x0004 Bytes, ...) -- Data:  00 00 00 00 -- CPU is running -- CPU_WriteMem(4 bytes @ 0xE0001020)  returns 0x04 (0001ms, 18605ms total)
T1B0C 7701:288 JLINK_WriteMem(0xE0001024, 0x0004 Bytes, ...) -- Data:  00 00 00 00 -- CPU is running -- CPU_WriteMem(4 bytes @ 0xE0001024)  returns 0x04 (0000ms, 18605ms total)
T1B0C 7701:288 JLINK_WriteMem(0xE0001028, 0x0004 Bytes, ...) -- Data:  00 00 00 00 -- CPU is running -- CPU_WriteMem(4 bytes @ 0xE0001028)  returns 0x04 (0001ms, 18606ms total)
T1B0C 7701:289 JLINK_WriteMem(0xE0001030, 0x0004 Bytes, ...) -- Data:  00 00 00 00 -- CPU is running -- CPU_WriteMem(4 bytes @ 0xE0001030)  returns 0x04 (0000ms, 18606ms total)
T1B0C 7701:289 JLINK_WriteMem(0xE0001034, 0x0004 Bytes, ...) -- Data:  00 00 00 00 -- CPU is running -- CPU_WriteMem(4 bytes @ 0xE0001034)  returns 0x04 (0001ms, 18607ms total)
T1B0C 7701:290 JLINK_WriteMem(0xE0001038, 0x0004 Bytes, ...) -- Data:  00 00 00 00 -- CPU is running -- CPU_WriteMem(4 bytes @ 0xE0001038)  returns 0x04 (0000ms, 18607ms total)
T1B0C 7701:290 JLINK_WriteMem(0xE0001040, 0x0004 Bytes, ...) -- Data:  00 00 00 00 -- CPU is running -- CPU_WriteMem(4 bytes @ 0xE0001040)  returns 0x04 (0001ms, 18608ms total)
T1B0C 7701:291 JLINK_WriteMem(0xE0001044, 0x0004 Bytes, ...) -- Data:  00 00 00 00 -- CPU is running -- CPU_WriteMem(4 bytes @ 0xE0001044)  returns 0x04 (0000ms, 18608ms total)
T1B0C 7701:291 JLINK_WriteMem(0xE0001048, 0x0004 Bytes, ...) -- Data:  00 00 00 00 -- CPU is running -- CPU_WriteMem(4 bytes @ 0xE0001048)  returns 0x04 (0001ms, 18609ms total)
T1B0C 7701:292 JLINK_WriteMem(0xE0001050, 0x0004 Bytes, ...) -- Data:  00 00 00 00 -- CPU is running -- CPU_WriteMem(4 bytes @ 0xE0001050)  returns 0x04 (0000ms, 18609ms total)
T1B0C 7701:292 JLINK_WriteMem(0xE0001054, 0x0004 Bytes, ...) -- Data:  00 00 00 00 -- CPU is running -- CPU_WriteMem(4 bytes @ 0xE0001054)  returns 0x04 (0001ms, 18610ms total)
T1B0C 7701:293 JLINK_WriteMem(0xE0001058, 0x0004 Bytes, ...) -- Data:  00 00 00 00 -- CPU is running -- CPU_WriteMem(4 bytes @ 0xE0001058)  returns 0x04 (0000ms, 18610ms total)
T1B0C 7701:293 JLINK_Halt()  returns 0x00 (0007ms, 18617ms total)
T1B0C 7701:301 JLINK_JTAG_GetDeviceID(DeviceIndex = 0)  returns 0x4BA00477 (0000ms, 18617ms total)
T1B0C 7701:301 JLINK_ReadMemU32(0x400E0740, 0x0001 Items, ...) -- CPU_ReadMem(4 bytes @ 0x400E0740) -- Data:  E0 0C AC 28  returns 0x01 (0001ms, 18618ms total)
T1B0C 7701:302 JLINK_WriteMem(0x400E0A04, 0x0004 Bytes, ...) -- Data:  09 00 00 5A -- CPU_WriteMem(4 bytes @ 0x400E0A04)  returns 0x04 (0000ms, 18618ms total)
T1B0C 7701:302 JLINK_ReadMem (0x400E0A08, 0x0004 Bytes, ...) -- CPU_ReadMem(4 bytes @ 0x400E0A08) -- Data:  01 00 00 00  returns 0x00 (0001ms, 18619ms total)
T1B0C 7701:303 JLINK_WriteMem(0x400E0A04, 0x0004 Bytes, ...) -- Data:  09 10 00 5A -- CPU_WriteMem(4 bytes @ 0x400E0A04)  returns 0x04 (0000ms, 18619ms total)
T1B0C 7701:303 JLINK_ReadMem (0x400E0A08, 0x0004 Bytes, ...) -- CPU_ReadMem(4 bytes @ 0x400E0A08) -- Data:  01 00 00 00  returns 0x00 (0001ms, 18620ms total)
T1B0C 7701:304 JLINK_WriteMem(0x400E0A04, 0x0004 Bytes, ...) -- Data:  09 20 00 5A -- CPU_WriteMem(4 bytes @ 0x400E0A04)  returns 0x04 (0000ms, 18620ms total)
T1B0C 7701:304 JLINK_ReadMem (0x400E0A08, 0x0004 Bytes, ...) -- CPU_ReadMem(4 bytes @ 0x400E0A08) -- Data:  01 00 00 00  returns 0x00 (0001ms, 18621ms total)
T1B0C 7701:305 JLINK_WriteMem(0x400E0A04, 0x0004 Bytes, ...) -- Data:  09 30 00 5A -- CPU_WriteMem(4 bytes @ 0x400E0A04)  returns 0x04 (0000ms, 18621ms total)
T1B0C 7701:305 JLINK_ReadMem (0x400E0A08, 0x0004 Bytes, ...) -- CPU_ReadMem(4 bytes @ 0x400E0A08) -- Data:  01 00 00 00  returns 0x00 (0001ms, 18622ms total)
T1B0C 7701:306 JLINK_WriteMem(0x400E0A04, 0x0004 Bytes, ...) -- Data:  09 40 00 5A -- CPU_WriteMem(4 bytes @ 0x400E0A04)  returns 0x04 (0001ms, 18623ms total)
T1B0C 7701:307 JLINK_ReadMem (0x400E0A08, 0x0004 Bytes, ...) -- CPU_ReadMem(4 bytes @ 0x400E0A08) -- Data:  01 00 00 00  returns 0x00 (0000ms, 18623ms total)
T1B0C 7701:307 JLINK_WriteMem(0x400E0A04, 0x0004 Bytes, ...) -- Data:  09 50 00 5A -- CPU_WriteMem(4 bytes @ 0x400E0A04)  returns 0x04 (0001ms, 18624ms total)
T1B0C 7701:308 JLINK_ReadMem (0x400E0A08, 0x0004 Bytes, ...) -- CPU_ReadMem(4 bytes @ 0x400E0A08) -- Data:  01 00 00 00  returns 0x00 (0000ms, 18624ms total)
T1B0C 7701:308 JLINK_WriteMem(0x400E0A04, 0x0004 Bytes, ...) -- Data:  09 60 00 5A -- CPU_WriteMem(4 bytes @ 0x400E0A04)  returns 0x04 (0001ms, 18625ms total)
T1B0C 7701:309 JLINK_ReadMem (0x400E0A08, 0x0004 Bytes, ...) -- CPU_ReadMem(4 bytes @ 0x400E0A08) -- Data:  01 00 00 00  returns 0x00 (0000ms, 18625ms total)
T1B0C 7701:309 JLINK_WriteMem(0x400E0A04, 0x0004 Bytes, ...) -- Data:  09 70 00 5A -- CPU_WriteMem(4 bytes @ 0x400E0A04)  returns 0x04 (0001ms, 18626ms total)
T1B0C 7701:310 JLINK_ReadMem (0x400E0A08, 0x0004 Bytes, ...) -- CPU_ReadMem(4 bytes @ 0x400E0A08) -- Data:  01 00 00 00  returns 0x00 (0000ms, 18626ms total)
T1B0C 7701:310 JLINK_WriteMem(0x400E0A04, 0x0004 Bytes, ...) -- Data:  09 80 00 5A -- CPU_WriteMem(4 bytes @ 0x400E0A04)  returns 0x04 (0001ms, 18627ms total)
T1B0C 7701:311 JLINK_ReadMem (0x400E0A08, 0x0004 Bytes, ...) -- CPU_ReadMem(4 bytes @ 0x400E0A08) -- Data:  01 00 00 00  returns 0x00 (0001ms, 18628ms total)
T1B0C 7701:312 JLINK_WriteMem(0x400E0A04, 0x0004 Bytes, ...) -- Data:  09 90 00 5A -- CPU_WriteMem(4 bytes @ 0x400E0A04)  returns 0x04 (0000ms, 18628ms total)
T1B0C 7701:312 JLINK_ReadMem (0x400E0A08, 0x0004 Bytes, ...) -- CPU_ReadMem(4 bytes @ 0x400E0A08) -- Data:  01 00 00 00  returns 0x00 (0001ms, 18629ms total)
T1B0C 7701:313 JLINK_WriteMem(0x400E0A04, 0x0004 Bytes, ...) -- Data:  09 A0 00 5A -- CPU_WriteMem(4 bytes @ 0x400E0A04)  returns 0x04 (0000ms, 18629ms total)
T1B0C 7701:313 JLINK_ReadMem (0x400E0A08, 0x0004 Bytes, ...) -- CPU_ReadMem(4 bytes @ 0x400E0A08) -- Data:  01 00 00 00  returns 0x00 (0001ms, 18630ms total)
T1B0C 7701:314 JLINK_WriteMem(0x400E0A04, 0x0004 Bytes, ...) -- Data:  09 B0 00 5A -- CPU_WriteMem(4 bytes @ 0x400E0A04)  returns 0x04 (0000ms, 18630ms total)
T1B0C 7701:314 JLINK_ReadMem (0x400E0A08, 0x0004 Bytes, ...) -- CPU_ReadMem(4 bytes @ 0x400E0A08) -- Data:  01 00 00 00  returns 0x00 (0001ms, 18631ms total)
T1B0C 7701:315 JLINK_WriteMem(0x400E0A04, 0x0004 Bytes, ...) -- Data:  09 C0 00 5A -- CPU_WriteMem(4 bytes @ 0x400E0A04)  returns 0x04 (0001ms, 18632ms total)
T1B0C 7701:316 JLINK_ReadMem (0x400E0A08, 0x0004 Bytes, ...) -- CPU_ReadMem(4 bytes @ 0x400E0A08) -- Data:  01 00 00 00  returns 0x00 (0000ms, 18632ms total)
T1B0C 7701:316 JLINK_WriteMem(0x400E0A04, 0x0004 Bytes, ...) -- Data:  09 D0 00 5A -- CPU_WriteMem(4 bytes @ 0x400E0A04)  returns 0x04 (0001ms, 18633ms total)
T1B0C 7701:317 JLINK_ReadMem (0x400E0A08, 0x0004 Bytes, ...) -- CPU_ReadMem(4 bytes @ 0x400E0A08) -- Data:  01 00 00 00  returns 0x00 (0000ms, 18633ms total)
T1B0C 7701:317 JLINK_WriteMem(0x400E0A04, 0x0004 Bytes, ...) -- Data:  09 E0 00 5A -- CPU_WriteMem(4 bytes @ 0x400E0A04)  returns 0x04 (0001ms, 18634ms total)
T1B0C 7701:318 JLINK_ReadMem (0x400E0A08, 0x0004 Bytes, ...) -- CPU_ReadMem(4 bytes @ 0x400E0A08) -- Data:  01 00 00 00  returns 0x00 (0000ms, 18634ms total)
T1B0C 7701:318 JLINK_WriteMem(0x400E0A04, 0x0004 Bytes, ...) -- Data:  09 F0 00 5A -- CPU_WriteMem(4 bytes @ 0x400E0A04)  returns 0x04 (0001ms, 18635ms total)
T1B0C 7701:319 JLINK_ReadMem (0x400E0A08, 0x0004 Bytes, ...) -- CPU_ReadMem(4 bytes @ 0x400E0A08) -- Data:  01 00 00 00  returns 0x00 (0001ms, 18636ms total)
T1B0C 7701:320 JLINK_WriteMem(0x400E0A04, 0x0004 Bytes, ...) -- Data:  09 00 01 5A -- CPU_WriteMem(4 bytes @ 0x400E0A04)  returns 0x04 (0000ms, 18636ms total)
T1B0C 7701:320 JLINK_ReadMem (0x400E0A08, 0x0004 Bytes, ...) -- CPU_ReadMem(4 bytes @ 0x400E0A08) -- Data:  01 00 00 00  returns 0x00 (0001ms, 18637ms total)
T1B0C 7701:321 JLINK_WriteMem(0x400E0A04, 0x0004 Bytes, ...) -- Data:  09 10 01 5A -- CPU_WriteMem(4 bytes @ 0x400E0A04)  returns 0x04 (0000ms, 18637ms total)
T1B0C 7701:321 JLINK_ReadMem (0x400E0A08, 0x0004 Bytes, ...) -- CPU_ReadMem(4 bytes @ 0x400E0A08) -- Data:  01 00 00 00  returns 0x00 (0001ms, 18638ms total)
T1B0C 7701:322 JLINK_WriteMem(0x400E0A04, 0x0004 Bytes, ...) -- Data:  09 20 01 5A -- CPU_WriteMem(4 bytes @ 0x400E0A04)  returns 0x04 (0000ms, 18638ms total)
T1B0C 7701:322 JLINK_ReadMem (0x400E0A08, 0x0004 Bytes, ...) -- CPU_ReadMem(4 bytes @ 0x400E0A08) -- Data:  01 00 00 00  returns 0x00 (0001ms, 18639ms total)
T1B0C 7701:323 JLINK_WriteMem(0x400E0A04, 0x0004 Bytes, ...) -- Data:  09 30 01 5A -- CPU_WriteMem(4 bytes @ 0x400E0A04)  returns 0x04 (0001ms, 18640ms total)
T1B0C 7701:324 JLINK_ReadMem (0x400E0A08, 0x0004 Bytes, ...) -- CPU_ReadMem(4 bytes @ 0x400E0A08) -- Data:  01 00 00 00  returns 0x00 (0000ms, 18640ms total)
T1B0C 7701:324 JLINK_WriteMem(0x400E0A04, 0x0004 Bytes, ...) -- Data:  09 40 01 5A -- CPU_WriteMem(4 bytes @ 0x400E0A04)  returns 0x04 (0001ms, 18641ms total)
T1B0C 7701:325 JLINK_ReadMem (0x400E0A08, 0x0004 Bytes, ...) -- CPU_ReadMem(4 bytes @ 0x400E0A08) -- Data:  01 00 00 00  returns 0x00 (0001ms, 18642ms total)
T1B0C 7701:326 JLINK_WriteMem(0x400E0A04, 0x0004 Bytes, ...) -- Data:  09 50 01 5A -- CPU_WriteMem(4 bytes @ 0x400E0A04)  returns 0x04 (0000ms, 18642ms total)
T1B0C 7701:326 JLINK_ReadMem (0x400E0A08, 0x0004 Bytes, ...) -- CPU_ReadMem(4 bytes @ 0x400E0A08) -- Data:  01 00 00 00  returns 0x00 (0001ms, 18643ms total)
T1B0C 7701:327 JLINK_WriteMem(0x400E0A04, 0x0004 Bytes, ...) -- Data:  09 60 01 5A -- CPU_WriteMem(4 bytes @ 0x400E0A04)  returns 0x04 (0000ms, 18643ms total)
T1B0C 7701:327 JLINK_ReadMem (0x400E0A08, 0x0004 Bytes, ...) -- CPU_ReadMem(4 bytes @ 0x400E0A08) -- Data:  01 00 00 00  returns 0x00 (0001ms, 18644ms total)
T1B0C 7701:328 JLINK_WriteMem(0x400E0A04, 0x0004 Bytes, ...) -- Data:  09 70 01 5A -- CPU_WriteMem(4 bytes @ 0x400E0A04)  returns 0x04 (0000ms, 18644ms total)
T1B0C 7701:328 JLINK_ReadMem (0x400E0A08, 0x0004 Bytes, ...) -- CPU_ReadMem(4 bytes @ 0x400E0A08) -- Data:  01 00 00 00  returns 0x00 (0001ms, 18645ms total)
T1B0C 7701:329 JLINK_WriteMem(0x400E0A04, 0x0004 Bytes, ...) -- Data:  09 80 01 5A -- CPU_WriteMem(4 bytes @ 0x400E0A04)  returns 0x04 (0000ms, 18645ms total)
T1B0C 7701:329 JLINK_ReadMem (0x400E0A08, 0x0004 Bytes, ...) -- CPU_ReadMem(4 bytes @ 0x400E0A08) -- Data:  01 00 00 00  returns 0x00 (0001ms, 18646ms total)
T1B0C 7701:330 JLINK_WriteMem(0x400E0A04, 0x0004 Bytes, ...) -- Data:  09 90 01 5A -- CPU_WriteMem(4 bytes @ 0x400E0A04)  returns 0x04 (0000ms, 18646ms total)
T1B0C 7701:330 JLINK_ReadMem (0x400E0A08, 0x0004 Bytes, ...) -- CPU_ReadMem(4 bytes @ 0x400E0A08) -- Data:  01 00 00 00  returns 0x00 (0001ms, 18647ms total)
T1B0C 7701:331 JLINK_WriteMem(0x400E0A04, 0x0004 Bytes, ...) -- Data:  09 A0 01 5A -- CPU_WriteMem(4 bytes @ 0x400E0A04)  returns 0x04 (0000ms, 18647ms total)
T1B0C 7701:331 JLINK_ReadMem (0x400E0A08, 0x0004 Bytes, ...) -- CPU_ReadMem(4 bytes @ 0x400E0A08) -- Data:  01 00 00 00  returns 0x00 (0001ms, 18648ms total)
T1B0C 7701:332 JLINK_WriteMem(0x400E0A04, 0x0004 Bytes, ...) -- Data:  09 B0 01 5A -- CPU_WriteMem(4 bytes @ 0x400E0A04)  returns 0x04 (0000ms, 18648ms total)
T1B0C 7701:332 JLINK_ReadMem (0x400E0A08, 0x0004 Bytes, ...) -- CPU_ReadMem(4 bytes @ 0x400E0A08) -- Data:  01 00 00 00  returns 0x00 (0001ms, 18649ms total)
T1B0C 7701:333 JLINK_WriteMem(0x400E0A04, 0x0004 Bytes, ...) -- Data:  09 C0 01 5A -- CPU_WriteMem(4 bytes @ 0x400E0A04)  returns 0x04 (0001ms, 18650ms total)
T1B0C 7701:334 JLINK_ReadMem (0x400E0A08, 0x0004 Bytes, ...) -- CPU_ReadMem(4 bytes @ 0x400E0A08) -- Data:  01 00 00 00  returns 0x00 (0000ms, 18650ms total)
T1B0C 7701:334 JLINK_WriteMem(0x400E0A04, 0x0004 Bytes, ...) -- Data:  09 D0 01 5A -- CPU_WriteMem(4 bytes @ 0x400E0A04)  returns 0x04 (0001ms, 18651ms total)
T1B0C 7701:335 JLINK_ReadMem (0x400E0A08, 0x0004 Bytes, ...) -- CPU_ReadMem(4 bytes @ 0x400E0A08) -- Data:  01 00 00 00  returns 0x00 (0000ms, 18651ms total)
T1B0C 7701:336 JLINK_WriteMem(0x400E0A04, 0x0004 Bytes, ...) -- Data:  09 E0 01 5A -- CPU_WriteMem(4 bytes @ 0x400E0A04)  returns 0x04 (0000ms, 18651ms total)
T1B0C 7701:336 JLINK_ReadMem (0x400E0A08, 0x0004 Bytes, ...) -- CPU_ReadMem(4 bytes @ 0x400E0A08) -- Data:  01 00 00 00  returns 0x00 (0001ms, 18652ms total)
T1B0C 7701:337 JLINK_WriteMem(0x400E0A04, 0x0004 Bytes, ...) -- Data:  09 F0 01 5A -- CPU_WriteMem(4 bytes @ 0x400E0A04)  returns 0x04 (0000ms, 18652ms total)
T1B0C 7701:337 JLINK_ReadMem (0x400E0A08, 0x0004 Bytes, ...) -- CPU_ReadMem(4 bytes @ 0x400E0A08) -- Data:  01 00 00 00  returns 0x00 (0001ms, 18653ms total)
T1B0C 7701:338 JLINK_WriteMem(0x400E0A04, 0x0004 Bytes, ...) -- Data:  09 00 02 5A -- CPU_WriteMem(4 bytes @ 0x400E0A04)  returns 0x04 (0000ms, 18653ms total)
T1B0C 7701:338 JLINK_ReadMem (0x400E0A08, 0x0004 Bytes, ...) -- CPU_ReadMem(4 bytes @ 0x400E0A08) -- Data:  01 00 00 00  returns 0x00 (0001ms, 18654ms total)
T1B0C 7701:339 JLINK_WriteMem(0x400E0A04, 0x0004 Bytes, ...) -- Data:  09 10 02 5A -- CPU_WriteMem(4 bytes @ 0x400E0A04)  returns 0x04 (0000ms, 18654ms total)
T1B0C 7701:339 JLINK_ReadMem (0x400E0A08, 0x0004 Bytes, ...) -- CPU_ReadMem(4 bytes @ 0x400E0A08) -- Data:  01 00 00 00  returns 0x00 (0001ms, 18655ms total)
T1B0C 7701:340 JLINK_WriteMem(0x400E0A04, 0x0004 Bytes, ...) -- Data:  09 20 02 5A -- CPU_WriteMem(4 bytes @ 0x400E0A04)  returns 0x04 (0001ms, 18656ms total)
T1B0C 7701:341 JLINK_ReadMem (0x400E0A08, 0x0004 Bytes, ...) -- CPU_ReadMem(4 bytes @ 0x400E0A08) -- Data:  01 00 00 00  returns 0x00 (0000ms, 18656ms total)
T1B0C 7701:341 JLINK_WriteMem(0x400E0A04, 0x0004 Bytes, ...) -- Data:  09 30 02 5A -- CPU_WriteMem(4 bytes @ 0x400E0A04)  returns 0x04 (0001ms, 18657ms total)
T1B0C 7701:342 JLINK_ReadMem (0x400E0A08, 0x0004 Bytes, ...) -- CPU_ReadMem(4 bytes @ 0x400E0A08) -- Data:  01 00 00 00  returns 0x00 (0000ms, 18657ms total)
T1B0C 7701:342 JLINK_WriteMem(0x400E0A04, 0x0004 Bytes, ...) -- Data:  09 40 02 5A -- CPU_WriteMem(4 bytes @ 0x400E0A04)  returns 0x04 (0001ms, 18658ms total)
T1B0C 7701:343 JLINK_ReadMem (0x400E0A08, 0x0004 Bytes, ...) -- CPU_ReadMem(4 bytes @ 0x400E0A08) -- Data:  01 00 00 00  returns 0x00 (0000ms, 18658ms total)
T1B0C 7701:343 JLINK_WriteMem(0x400E0A04, 0x0004 Bytes, ...) -- Data:  09 50 02 5A -- CPU_WriteMem(4 bytes @ 0x400E0A04)  returns 0x04 (0001ms, 18659ms total)
T1B0C 7701:344 JLINK_ReadMem (0x400E0A08, 0x0004 Bytes, ...) -- CPU_ReadMem(4 bytes @ 0x400E0A08) -- Data:  01 00 00 00  returns 0x00 (0001ms, 18660ms total)
T1B0C 7701:345 JLINK_WriteMem(0x400E0A04, 0x0004 Bytes, ...) -- Data:  09 60 02 5A -- CPU_WriteMem(4 bytes @ 0x400E0A04)  returns 0x04 (0000ms, 18660ms total)
T1B0C 7701:345 JLINK_ReadMem (0x400E0A08, 0x0004 Bytes, ...) -- CPU_ReadMem(4 bytes @ 0x400E0A08) -- Data:  01 00 00 00  returns 0x00 (0001ms, 18661ms total)
T1B0C 7701:346 JLINK_WriteMem(0x400E0A04, 0x0004 Bytes, ...) -- Data:  09 70 02 5A -- CPU_WriteMem(4 bytes @ 0x400E0A04)  returns 0x04 (0000ms, 18661ms total)
T1B0C 7701:346 JLINK_ReadMem (0x400E0A08, 0x0004 Bytes, ...) -- CPU_ReadMem(4 bytes @ 0x400E0A08) -- Data:  01 00 00 00  returns 0x00 (0001ms, 18662ms total)
T1B0C 7701:347 JLINK_WriteMem(0x400E0A04, 0x0004 Bytes, ...) -- Data:  09 80 02 5A -- CPU_WriteMem(4 bytes @ 0x400E0A04)  returns 0x04 (0001ms, 18663ms total)
T1B0C 7701:348 JLINK_ReadMem (0x400E0A08, 0x0004 Bytes, ...) -- CPU_ReadMem(4 bytes @ 0x400E0A08) -- Data:  01 00 00 00  returns 0x00 (0000ms, 18663ms total)
T1B0C 7701:348 JLINK_WriteMem(0x400E0A04, 0x0004 Bytes, ...) -- Data:  09 90 02 5A -- CPU_WriteMem(4 bytes @ 0x400E0A04)  returns 0x04 (0001ms, 18664ms total)
T1B0C 7701:349 JLINK_ReadMem (0x400E0A08, 0x0004 Bytes, ...) -- CPU_ReadMem(4 bytes @ 0x400E0A08) -- Data:  01 00 00 00  returns 0x00 (0001ms, 18665ms total)
T1B0C 7701:350 JLINK_WriteMem(0x400E0A04, 0x0004 Bytes, ...) -- Data:  09 A0 02 5A -- CPU_WriteMem(4 bytes @ 0x400E0A04)  returns 0x04 (0000ms, 18665ms total)
T1B0C 7701:350 JLINK_ReadMem (0x400E0A08, 0x0004 Bytes, ...) -- CPU_ReadMem(4 bytes @ 0x400E0A08) -- Data:  01 00 00 00  returns 0x00 (0001ms, 18666ms total)
T1B0C 7701:351 JLINK_WriteMem(0x400E0A04, 0x0004 Bytes, ...) -- Data:  09 B0 02 5A -- CPU_WriteMem(4 bytes @ 0x400E0A04)  returns 0x04 (0000ms, 18666ms total)
T1B0C 7701:351 JLINK_ReadMem (0x400E0A08, 0x0004 Bytes, ...) -- CPU_ReadMem(4 bytes @ 0x400E0A08) -- Data:  01 00 00 00  returns 0x00 (0001ms, 18667ms total)
T1B0C 7701:352 JLINK_WriteMem(0x400E0A04, 0x0004 Bytes, ...) -- Data:  09 C0 02 5A -- CPU_WriteMem(4 bytes @ 0x400E0A04)  returns 0x04 (0000ms, 18667ms total)
T1B0C 7701:352 JLINK_ReadMem (0x400E0A08, 0x0004 Bytes, ...) -- CPU_ReadMem(4 bytes @ 0x400E0A08) -- Data:  01 00 00 00  returns 0x00 (0001ms, 18668ms total)
T1B0C 7701:353 JLINK_WriteMem(0x400E0A04, 0x0004 Bytes, ...) -- Data:  09 D0 02 5A -- CPU_WriteMem(4 bytes @ 0x400E0A04)  returns 0x04 (0000ms, 18668ms total)
T1B0C 7701:353 JLINK_ReadMem (0x400E0A08, 0x0004 Bytes, ...) -- CPU_ReadMem(4 bytes @ 0x400E0A08) -- Data:  01 00 00 00  returns 0x00 (0001ms, 18669ms total)
T1B0C 7701:354 JLINK_WriteMem(0x400E0A04, 0x0004 Bytes, ...) -- Data:  09 E0 02 5A -- CPU_WriteMem(4 bytes @ 0x400E0A04)  returns 0x04 (0001ms, 18670ms total)
T1B0C 7701:355 JLINK_ReadMem (0x400E0A08, 0x0004 Bytes, ...) -- CPU_ReadMem(4 bytes @ 0x400E0A08) -- Data:  01 00 00 00  returns 0x00 (0000ms, 18670ms total)
T1B0C 7701:355 JLINK_WriteMem(0x400E0A04, 0x0004 Bytes, ...) -- Data:  09 F0 02 5A -- CPU_WriteMem(4 bytes @ 0x400E0A04)  returns 0x04 (0001ms, 18671ms total)
T1B0C 7701:356 JLINK_ReadMem (0x400E0A08, 0x0004 Bytes, ...) -- CPU_ReadMem(4 bytes @ 0x400E0A08) -- Data:  01 00 00 00  returns 0x00 (0000ms, 18671ms total)
T1B0C 7701:356 JLINK_WriteMem(0x400E0A04, 0x0004 Bytes, ...) -- Data:  09 00 03 5A -- CPU_WriteMem(4 bytes @ 0x400E0A04)  returns 0x04 (0001ms, 18672ms total)
T1B0C 7701:357 JLINK_ReadMem (0x400E0A08, 0x0004 Bytes, ...) -- CPU_ReadMem(4 bytes @ 0x400E0A08) -- Data:  01 00 00 00  returns 0x00 (0000ms, 18672ms total)
T1B0C 7701:357 JLINK_WriteMem(0x400E0A04, 0x0004 Bytes, ...) -- Data:  09 10 03 5A -- CPU_WriteMem(4 bytes @ 0x400E0A04)  returns 0x04 (0001ms, 18673ms total)
T1B0C 7701:358 JLINK_ReadMem (0x400E0A08, 0x0004 Bytes, ...) -- CPU_ReadMem(4 bytes @ 0x400E0A08) -- Data:  01 00 00 00  returns 0x00 (0001ms, 18674ms total)
T1B0C 7701:359 JLINK_WriteMem(0x400E0A04, 0x0004 Bytes, ...) -- Data:  09 20 03 5A -- CPU_WriteMem(4 bytes @ 0x400E0A04)  returns 0x04 (0000ms, 18674ms total)
T1B0C 7701:359 JLINK_ReadMem (0x400E0A08, 0x0004 Bytes, ...) -- CPU_ReadMem(4 bytes @ 0x400E0A08) -- Data:  01 00 00 00  returns 0x00 (0001ms, 18675ms total)
T1B0C 7701:360 JLINK_WriteMem(0x400E0A04, 0x0004 Bytes, ...) -- Data:  09 30 03 5A -- CPU_WriteMem(4 bytes @ 0x400E0A04)  returns 0x04 (0000ms, 18675ms total)
T1B0C 7701:360 JLINK_ReadMem (0x400E0A08, 0x0004 Bytes, ...) -- CPU_ReadMem(4 bytes @ 0x400E0A08) -- Data:  01 00 00 00  returns 0x00 (0001ms, 18676ms total)
T1B0C 7701:361 JLINK_WriteMem(0x400E0A04, 0x0004 Bytes, ...) -- Data:  09 40 03 5A -- CPU_WriteMem(4 bytes @ 0x400E0A04)  returns 0x04 (0000ms, 18676ms total)
T1B0C 7701:361 JLINK_ReadMem (0x400E0A08, 0x0004 Bytes, ...) -- CPU_ReadMem(4 bytes @ 0x400E0A08) -- Data:  01 00 00 00  returns 0x00 (0001ms, 18677ms total)
T1B0C 7701:362 JLINK_WriteMem(0x400E0A04, 0x0004 Bytes, ...) -- Data:  09 50 03 5A -- CPU_WriteMem(4 bytes @ 0x400E0A04)  returns 0x04 (0000ms, 18677ms total)
T1B0C 7701:362 JLINK_ReadMem (0x400E0A08, 0x0004 Bytes, ...) -- CPU_ReadMem(4 bytes @ 0x400E0A08) -- Data:  01 00 00 00  returns 0x00 (0001ms, 18678ms total)
T1B0C 7701:363 JLINK_WriteMem(0x400E0A04, 0x0004 Bytes, ...) -- Data:  09 60 03 5A -- CPU_WriteMem(4 bytes @ 0x400E0A04)  returns 0x04 (0001ms, 18679ms total)
T1B0C 7701:364 JLINK_ReadMem (0x400E0A08, 0x0004 Bytes, ...) -- CPU_ReadMem(4 bytes @ 0x400E0A08) -- Data:  01 00 00 00  returns 0x00 (0000ms, 18679ms total)
T1B0C 7701:364 JLINK_WriteMem(0x400E0A04, 0x0004 Bytes, ...) -- Data:  09 70 03 5A -- CPU_WriteMem(4 bytes @ 0x400E0A04)  returns 0x04 (0001ms, 18680ms total)
T1B0C 7701:365 JLINK_ReadMem (0x400E0A08, 0x0004 Bytes, ...) -- CPU_ReadMem(4 bytes @ 0x400E0A08) -- Data:  01 00 00 00  returns 0x00 (0000ms, 18680ms total)
T1B0C 7701:365 JLINK_WriteMem(0x400E0A04, 0x0004 Bytes, ...) -- Data:  09 80 03 5A -- CPU_WriteMem(4 bytes @ 0x400E0A04)  returns 0x04 (0001ms, 18681ms total)
T1B0C 7701:366 JLINK_ReadMem (0x400E0A08, 0x0004 Bytes, ...) -- CPU_ReadMem(4 bytes @ 0x400E0A08) -- Data:  01 00 00 00  returns 0x00 (0000ms, 18681ms total)
T1B0C 7701:366 JLINK_WriteMem(0x400E0A04, 0x0004 Bytes, ...) -- Data:  09 90 03 5A -- CPU_WriteMem(4 bytes @ 0x400E0A04)  returns 0x04 (0001ms, 18682ms total)
T1B0C 7701:367 JLINK_ReadMem (0x400E0A08, 0x0004 Bytes, ...) -- CPU_ReadMem(4 bytes @ 0x400E0A08) -- Data:  01 00 00 00  returns 0x00 (0001ms, 18683ms total)
T1B0C 7701:368 JLINK_WriteMem(0x400E0A04, 0x0004 Bytes, ...) -- Data:  09 A0 03 5A -- CPU_WriteMem(4 bytes @ 0x400E0A04)  returns 0x04 (0000ms, 18683ms total)
T1B0C 7701:368 JLINK_ReadMem (0x400E0A08, 0x0004 Bytes, ...) -- CPU_ReadMem(4 bytes @ 0x400E0A08) -- Data:  01 00 00 00  returns 0x00 (0001ms, 18684ms total)
T1B0C 7701:369 JLINK_WriteMem(0x400E0A04, 0x0004 Bytes, ...) -- Data:  09 B0 03 5A -- CPU_WriteMem(4 bytes @ 0x400E0A04)  returns 0x04 (0000ms, 18684ms total)
T1B0C 7701:369 JLINK_ReadMem (0x400E0A08, 0x0004 Bytes, ...) -- CPU_ReadMem(4 bytes @ 0x400E0A08) -- Data:  01 00 00 00  returns 0x00 (0001ms, 18685ms total)
T1B0C 7701:370 JLINK_WriteMem(0x400E0A04, 0x0004 Bytes, ...) -- Data:  09 C0 03 5A -- CPU_WriteMem(4 bytes @ 0x400E0A04)  returns 0x04 (0000ms, 18685ms total)
T1B0C 7701:370 JLINK_ReadMem (0x400E0A08, 0x0004 Bytes, ...) -- CPU_ReadMem(4 bytes @ 0x400E0A08) -- Data:  01 00 00 00  returns 0x00 (0001ms, 18686ms total)
T1B0C 7701:371 JLINK_WriteMem(0x400E0A04, 0x0004 Bytes, ...) -- Data:  09 D0 03 5A -- CPU_WriteMem(4 bytes @ 0x400E0A04)  returns 0x04 (0000ms, 18686ms total)
T1B0C 7701:371 JLINK_ReadMem (0x400E0A08, 0x0004 Bytes, ...) -- CPU_ReadMem(4 bytes @ 0x400E0A08) -- Data:  01 00 00 00  returns 0x00 (0001ms, 18687ms total)
T1B0C 7701:372 JLINK_WriteMem(0x400E0A04, 0x0004 Bytes, ...) -- Data:  09 E0 03 5A -- CPU_WriteMem(4 bytes @ 0x400E0A04)  returns 0x04 (0000ms, 18687ms total)
T1B0C 7701:372 JLINK_ReadMem (0x400E0A08, 0x0004 Bytes, ...) -- CPU_ReadMem(4 bytes @ 0x400E0A08) -- Data:  01 00 00 00  returns 0x00 (0001ms, 18688ms total)
T1B0C 7701:373 JLINK_WriteMem(0x400E0A04, 0x0004 Bytes, ...) -- Data:  09 F0 03 5A -- CPU_WriteMem(4 bytes @ 0x400E0A04)  returns 0x04 (0001ms, 18689ms total)
T1B0C 7701:374 JLINK_ReadMem (0x400E0A08, 0x0004 Bytes, ...) -- CPU_ReadMem(4 bytes @ 0x400E0A08) -- Data:  01 00 00 00  returns 0x00 (0000ms, 18689ms total)
T1B0C 7701:374 JLINK_WriteMem(0x400E0A04, 0x0004 Bytes, ...) -- Data:  09 00 04 5A -- CPU_WriteMem(4 bytes @ 0x400E0A04)  returns 0x04 (0001ms, 18690ms total)
T1B0C 7701:375 JLINK_ReadMem (0x400E0A08, 0x0004 Bytes, ...) -- CPU_ReadMem(4 bytes @ 0x400E0A08) -- Data:  01 00 00 00  returns 0x00 (0000ms, 18690ms total)
T1B0C 7701:375 JLINK_WriteMem(0x400E0A04, 0x0004 Bytes, ...) -- Data:  09 10 04 5A -- CPU_WriteMem(4 bytes @ 0x400E0A04)  returns 0x04 (0001ms, 18691ms total)
T1B0C 7701:376 JLINK_ReadMem (0x400E0A08, 0x0004 Bytes, ...) -- CPU_ReadMem(4 bytes @ 0x400E0A08) -- Data:  01 00 00 00  returns 0x00 (0001ms, 18692ms total)
T1B0C 7701:377 JLINK_WriteMem(0x400E0A04, 0x0004 Bytes, ...) -- Data:  09 20 04 5A -- CPU_WriteMem(4 bytes @ 0x400E0A04)  returns 0x04 (0000ms, 18692ms total)
T1B0C 7701:377 JLINK_ReadMem (0x400E0A08, 0x0004 Bytes, ...) -- CPU_ReadMem(4 bytes @ 0x400E0A08) -- Data:  01 00 00 00  returns 0x00 (0001ms, 18693ms total)
T1B0C 7701:378 JLINK_WriteMem(0x400E0A04, 0x0004 Bytes, ...) -- Data:  09 30 04 5A -- CPU_WriteMem(4 bytes @ 0x400E0A04)  returns 0x04 (0000ms, 18693ms total)
T1B0C 7701:378 JLINK_ReadMem (0x400E0A08, 0x0004 Bytes, ...) -- CPU_ReadMem(4 bytes @ 0x400E0A08) -- Data:  01 00 00 00  returns 0x00 (0001ms, 18694ms total)
T1B0C 7701:379 JLINK_WriteMem(0x400E0A04, 0x0004 Bytes, ...) -- Data:  09 40 04 5A -- CPU_WriteMem(4 bytes @ 0x400E0A04)  returns 0x04 (0000ms, 18694ms total)
T1B0C 7701:379 JLINK_ReadMem (0x400E0A08, 0x0004 Bytes, ...) -- CPU_ReadMem(4 bytes @ 0x400E0A08) -- Data:  01 00 00 00  returns 0x00 (0001ms, 18695ms total)
T1B0C 7701:380 JLINK_WriteMem(0x400E0A04, 0x0004 Bytes, ...) -- Data:  09 50 04 5A -- CPU_WriteMem(4 bytes @ 0x400E0A04)  returns 0x04 (0001ms, 18696ms total)
T1B0C 7701:381 JLINK_ReadMem (0x400E0A08, 0x0004 Bytes, ...) -- CPU_ReadMem(4 bytes @ 0x400E0A08) -- Data:  01 00 00 00  returns 0x00 (0000ms, 18696ms total)
T1B0C 7701:381 JLINK_WriteMem(0x400E0A04, 0x0004 Bytes, ...) -- Data:  09 60 04 5A -- CPU_WriteMem(4 bytes @ 0x400E0A04)  returns 0x04 (0001ms, 18697ms total)
T1B0C 7701:382 JLINK_ReadMem (0x400E0A08, 0x0004 Bytes, ...) -- CPU_ReadMem(4 bytes @ 0x400E0A08) -- Data:  01 00 00 00  returns 0x00 (0000ms, 18697ms total)
T1B0C 7701:382 JLINK_WriteMem(0x400E0A04, 0x0004 Bytes, ...) -- Data:  09 70 04 5A -- CPU_WriteMem(4 bytes @ 0x400E0A04)  returns 0x04 (0001ms, 18698ms total)
T1B0C 7701:383 JLINK_ReadMem (0x400E0A08, 0x0004 Bytes, ...) -- CPU_ReadMem(4 bytes @ 0x400E0A08) -- Data:  01 00 00 00  returns 0x00 (0001ms, 18699ms total)
T1B0C 7701:384 JLINK_WriteMem(0x400E0A04, 0x0004 Bytes, ...) -- Data:  09 80 04 5A -- CPU_WriteMem(4 bytes @ 0x400E0A04)  returns 0x04 (0000ms, 18699ms total)
T1B0C 7701:384 JLINK_ReadMem (0x400E0A08, 0x0004 Bytes, ...) -- CPU_ReadMem(4 bytes @ 0x400E0A08) -- Data:  01 00 00 00  returns 0x00 (0001ms, 18700ms total)
T1B0C 7701:385 JLINK_WriteMem(0x400E0A04, 0x0004 Bytes, ...) -- Data:  09 90 04 5A -- CPU_WriteMem(4 bytes @ 0x400E0A04)  returns 0x04 (0000ms, 18700ms total)
T1B0C 7701:385 JLINK_ReadMem (0x400E0A08, 0x0004 Bytes, ...) -- CPU_ReadMem(4 bytes @ 0x400E0A08) -- Data:  01 00 00 00  returns 0x00 (0001ms, 18701ms total)
T1B0C 7701:386 JLINK_WriteMem(0x400E0A04, 0x0004 Bytes, ...) -- Data:  09 A0 04 5A -- CPU_WriteMem(4 bytes @ 0x400E0A04)  returns 0x04 (0000ms, 18701ms total)
T1B0C 7701:386 JLINK_ReadMem (0x400E0A08, 0x0004 Bytes, ...) -- CPU_ReadMem(4 bytes @ 0x400E0A08) -- Data:  01 00 00 00  returns 0x00 (0001ms, 18702ms total)
T1B0C 7701:387 JLINK_WriteMem(0x400E0A04, 0x0004 Bytes, ...) -- Data:  09 B0 04 5A -- CPU_WriteMem(4 bytes @ 0x400E0A04)  returns 0x04 (0000ms, 18702ms total)
T1B0C 7701:387 JLINK_ReadMem (0x400E0A08, 0x0004 Bytes, ...) -- CPU_ReadMem(4 bytes @ 0x400E0A08) -- Data:  01 00 00 00  returns 0x00 (0001ms, 18703ms total)
T1B0C 7701:388 JLINK_WriteMem(0x400E0A04, 0x0004 Bytes, ...) -- Data:  09 C0 04 5A -- CPU_WriteMem(4 bytes @ 0x400E0A04)  returns 0x04 (0001ms, 18704ms total)
T1B0C 7701:389 JLINK_ReadMem (0x400E0A08, 0x0004 Bytes, ...) -- CPU_ReadMem(4 bytes @ 0x400E0A08) -- Data:  01 00 00 00  returns 0x00 (0000ms, 18704ms total)
T1B0C 7701:389 JLINK_WriteMem(0x400E0A04, 0x0004 Bytes, ...) -- Data:  09 D0 04 5A -- CPU_WriteMem(4 bytes @ 0x400E0A04)  returns 0x04 (0001ms, 18705ms total)
T1B0C 7701:390 JLINK_ReadMem (0x400E0A08, 0x0004 Bytes, ...) -- CPU_ReadMem(4 bytes @ 0x400E0A08) -- Data:  01 00 00 00  returns 0x00 (0000ms, 18705ms total)
T1B0C 7701:390 JLINK_WriteMem(0x400E0A04, 0x0004 Bytes, ...) -- Data:  09 E0 04 5A -- CPU_WriteMem(4 bytes @ 0x400E0A04)  returns 0x04 (0001ms, 18706ms total)
T1B0C 7701:391 JLINK_ReadMem (0x400E0A08, 0x0004 Bytes, ...) -- CPU_ReadMem(4 bytes @ 0x400E0A08) -- Data:  01 00 00 00  returns 0x00 (0000ms, 18706ms total)
T1B0C 7701:391 JLINK_WriteMem(0x400E0A04, 0x0004 Bytes, ...) -- Data:  09 F0 04 5A -- CPU_WriteMem(4 bytes @ 0x400E0A04)  returns 0x04 (0001ms, 18707ms total)
T1B0C 7701:392 JLINK_ReadMem (0x400E0A08, 0x0004 Bytes, ...) -- CPU_ReadMem(4 bytes @ 0x400E0A08) -- Data:  01 00 00 00  returns 0x00 (0000ms, 18707ms total)
T1B0C 7701:392 JLINK_WriteMem(0x400E0A04, 0x0004 Bytes, ...) -- Data:  09 00 05 5A -- CPU_WriteMem(4 bytes @ 0x400E0A04)  returns 0x04 (0001ms, 18708ms total)
T1B0C 7701:393 JLINK_ReadMem (0x400E0A08, 0x0004 Bytes, ...) -- CPU_ReadMem(4 bytes @ 0x400E0A08) -- Data:  01 00 00 00  returns 0x00 (0000ms, 18708ms total)
T1B0C 7701:393 JLINK_WriteMem(0x400E0A04, 0x0004 Bytes, ...) -- Data:  09 10 05 5A -- CPU_WriteMem(4 bytes @ 0x400E0A04)  returns 0x04 (0001ms, 18709ms total)
T1B0C 7701:394 JLINK_ReadMem (0x400E0A08, 0x0004 Bytes, ...) -- CPU_ReadMem(4 bytes @ 0x400E0A08) -- Data:  01 00 00 00  returns 0x00 (0001ms, 18710ms total)
T1B0C 7701:395 JLINK_WriteMem(0x400E0A04, 0x0004 Bytes, ...) -- Data:  09 20 05 5A -- CPU_WriteMem(4 bytes @ 0x400E0A04)  returns 0x04 (0000ms, 18710ms total)
T1B0C 7701:395 JLINK_ReadMem (0x400E0A08, 0x0004 Bytes, ...) -- CPU_ReadMem(4 bytes @ 0x400E0A08) -- Data:  01 00 00 00  returns 0x00 (0001ms, 18711ms total)
T1B0C 7701:396 JLINK_WriteMem(0x400E0A04, 0x0004 Bytes, ...) -- Data:  09 30 05 5A -- CPU_WriteMem(4 bytes @ 0x400E0A04)  returns 0x04 (0000ms, 18711ms total)
T1B0C 7701:396 JLINK_ReadMem (0x400E0A08, 0x0004 Bytes, ...) -- CPU_ReadMem(4 bytes @ 0x400E0A08) -- Data:  01 00 00 00  returns 0x00 (0001ms, 18712ms total)
T1B0C 7701:397 JLINK_WriteMem(0x400E0A04, 0x0004 Bytes, ...) -- Data:  09 40 05 5A -- CPU_WriteMem(4 bytes @ 0x400E0A04)  returns 0x04 (0001ms, 18713ms total)
T1B0C 7701:398 JLINK_ReadMem (0x400E0A08, 0x0004 Bytes, ...) -- CPU_ReadMem(4 bytes @ 0x400E0A08) -- Data:  01 00 00 00  returns 0x00 (0000ms, 18713ms total)
T1B0C 7701:398 JLINK_WriteMem(0x400E0A04, 0x0004 Bytes, ...) -- Data:  09 50 05 5A -- CPU_WriteMem(4 bytes @ 0x400E0A04)  returns 0x04 (0001ms, 18714ms total)
T1B0C 7701:399 JLINK_ReadMem (0x400E0A08, 0x0004 Bytes, ...) -- CPU_ReadMem(4 bytes @ 0x400E0A08) -- Data:  01 00 00 00  returns 0x00 (0000ms, 18714ms total)
T1B0C 7701:399 JLINK_WriteMem(0x400E0A04, 0x0004 Bytes, ...) -- Data:  09 60 05 5A -- CPU_WriteMem(4 bytes @ 0x400E0A04)  returns 0x04 (0001ms, 18715ms total)
T1B0C 7701:400 JLINK_ReadMem (0x400E0A08, 0x0004 Bytes, ...) -- CPU_ReadMem(4 bytes @ 0x400E0A08) -- Data:  01 00 00 00  returns 0x00 (0000ms, 18715ms total)
T1B0C 7701:400 JLINK_WriteMem(0x400E0A04, 0x0004 Bytes, ...) -- Data:  09 70 05 5A -- CPU_WriteMem(4 bytes @ 0x400E0A04)  returns 0x04 (0001ms, 18716ms total)
T1B0C 7701:401 JLINK_ReadMem (0x400E0A08, 0x0004 Bytes, ...) -- CPU_ReadMem(4 bytes @ 0x400E0A08) -- Data:  01 00 00 00  returns 0x00 (0001ms, 18717ms total)
T1B0C 7701:402 JLINK_WriteMem(0x400E0A04, 0x0004 Bytes, ...) -- Data:  09 80 05 5A -- CPU_WriteMem(4 bytes @ 0x400E0A04)  returns 0x04 (0000ms, 18717ms total)
T1B0C 7701:402 JLINK_ReadMem (0x400E0A08, 0x0004 Bytes, ...) -- CPU_ReadMem(4 bytes @ 0x400E0A08) -- Data:  01 00 00 00  returns 0x00 (0001ms, 18718ms total)
T1B0C 7701:403 JLINK_WriteMem(0x400E0A04, 0x0004 Bytes, ...) -- Data:  09 90 05 5A -- CPU_WriteMem(4 bytes @ 0x400E0A04)  returns 0x04 (0000ms, 18718ms total)
T1B0C 7701:403 JLINK_ReadMem (0x400E0A08, 0x0004 Bytes, ...) -- CPU_ReadMem(4 bytes @ 0x400E0A08) -- Data:  01 00 00 00  returns 0x00 (0001ms, 18719ms total)
T1B0C 7701:404 JLINK_WriteMem(0x400E0A04, 0x0004 Bytes, ...) -- Data:  09 A0 05 5A -- CPU_WriteMem(4 bytes @ 0x400E0A04)  returns 0x04 (0000ms, 18719ms total)
T1B0C 7701:404 JLINK_ReadMem (0x400E0A08, 0x0004 Bytes, ...) -- CPU_ReadMem(4 bytes @ 0x400E0A08) -- Data:  01 00 00 00  returns 0x00 (0001ms, 18720ms total)
T1B0C 7701:405 JLINK_WriteMem(0x400E0A04, 0x0004 Bytes, ...) -- Data:  09 B0 05 5A -- CPU_WriteMem(4 bytes @ 0x400E0A04)  returns 0x04 (0000ms, 18720ms total)
T1B0C 7701:405 JLINK_ReadMem (0x400E0A08, 0x0004 Bytes, ...) -- CPU_ReadMem(4 bytes @ 0x400E0A08) -- Data:  01 00 00 00  returns 0x00 (0001ms, 18721ms total)
T1B0C 7701:406 JLINK_WriteMem(0x400E0A04, 0x0004 Bytes, ...) -- Data:  09 C0 05 5A -- CPU_WriteMem(4 bytes @ 0x400E0A04)  returns 0x04 (0001ms, 18722ms total)
T1B0C 7701:407 JLINK_ReadMem (0x400E0A08, 0x0004 Bytes, ...) -- CPU_ReadMem(4 bytes @ 0x400E0A08) -- Data:  01 00 00 00  returns 0x00 (0000ms, 18722ms total)
T1B0C 7701:407 JLINK_WriteMem(0x400E0A04, 0x0004 Bytes, ...) -- Data:  09 D0 05 5A -- CPU_WriteMem(4 bytes @ 0x400E0A04)  returns 0x04 (0001ms, 18723ms total)
T1B0C 7701:408 JLINK_ReadMem (0x400E0A08, 0x0004 Bytes, ...) -- CPU_ReadMem(4 bytes @ 0x400E0A08) -- Data:  01 00 00 00  returns 0x00 (0000ms, 18723ms total)
T1B0C 7701:408 JLINK_WriteMem(0x400E0A04, 0x0004 Bytes, ...) -- Data:  09 E0 05 5A -- CPU_WriteMem(4 bytes @ 0x400E0A04)  returns 0x04 (0001ms, 18724ms total)
T1B0C 7701:409 JLINK_ReadMem (0x400E0A08, 0x0004 Bytes, ...) -- CPU_ReadMem(4 bytes @ 0x400E0A08) -- Data:  01 00 00 00  returns 0x00 (0001ms, 18725ms total)
T1B0C 7701:410 JLINK_WriteMem(0x400E0A04, 0x0004 Bytes, ...) -- Data:  09 F0 05 5A -- CPU_WriteMem(4 bytes @ 0x400E0A04)  returns 0x04 (0000ms, 18725ms total)
T1B0C 7701:410 JLINK_ReadMem (0x400E0A08, 0x0004 Bytes, ...) -- CPU_ReadMem(4 bytes @ 0x400E0A08) -- Data:  01 00 00 00  returns 0x00 (0001ms, 18726ms total)
T1B0C 7701:411 JLINK_WriteMem(0x400E0A04, 0x0004 Bytes, ...) -- Data:  09 00 06 5A -- CPU_WriteMem(4 bytes @ 0x400E0A04)  returns 0x04 (0000ms, 18726ms total)
T1B0C 7701:411 JLINK_ReadMem (0x400E0A08, 0x0004 Bytes, ...) -- CPU_ReadMem(4 bytes @ 0x400E0A08) -- Data:  01 00 00 00  returns 0x00 (0001ms, 18727ms total)
T1B0C 7701:412 JLINK_WriteMem(0x400E0A04, 0x0004 Bytes, ...) -- Data:  09 10 06 5A -- CPU_WriteMem(4 bytes @ 0x400E0A04)  returns 0x04 (0000ms, 18727ms total)
T1B0C 7701:412 JLINK_ReadMem (0x400E0A08, 0x0004 Bytes, ...) -- CPU_ReadMem(4 bytes @ 0x400E0A08) -- Data:  01 00 00 00  returns 0x00 (0001ms, 18728ms total)
T1B0C 7701:413 JLINK_WriteMem(0x400E0A04, 0x0004 Bytes, ...) -- Data:  09 20 06 5A -- CPU_WriteMem(4 bytes @ 0x400E0A04)  returns 0x04 (0001ms, 18729ms total)
T1B0C 7701:414 JLINK_ReadMem (0x400E0A08, 0x0004 Bytes, ...) -- CPU_ReadMem(4 bytes @ 0x400E0A08) -- Data:  01 00 00 00  returns 0x00 (0000ms, 18729ms total)
T1B0C 7701:414 JLINK_WriteMem(0x400E0A04, 0x0004 Bytes, ...) -- Data:  09 30 06 5A -- CPU_WriteMem(4 bytes @ 0x400E0A04)  returns 0x04 (0001ms, 18730ms total)
T1B0C 7701:415 JLINK_ReadMem (0x400E0A08, 0x0004 Bytes, ...) -- CPU_ReadMem(4 bytes @ 0x400E0A08) -- Data:  01 00 00 00  returns 0x00 (0000ms, 18730ms total)
T1B0C 7701:415 JLINK_WriteMem(0x400E0A04, 0x0004 Bytes, ...) -- Data:  09 40 06 5A -- CPU_WriteMem(4 bytes @ 0x400E0A04)  returns 0x04 (0001ms, 18731ms total)
T1B0C 7701:416 JLINK_ReadMem (0x400E0A08, 0x0004 Bytes, ...) -- CPU_ReadMem(4 bytes @ 0x400E0A08) -- Data:  01 00 00 00  returns 0x00 (0001ms, 18732ms total)
T1B0C 7701:417 JLINK_WriteMem(0x400E0A04, 0x0004 Bytes, ...) -- Data:  09 50 06 5A -- CPU_WriteMem(4 bytes @ 0x400E0A04)  returns 0x04 (0000ms, 18732ms total)
T1B0C 7701:417 JLINK_ReadMem (0x400E0A08, 0x0004 Bytes, ...) -- CPU_ReadMem(4 bytes @ 0x400E0A08) -- Data:  01 00 00 00  returns 0x00 (0001ms, 18733ms total)
T1B0C 7701:418 JLINK_WriteMem(0x400E0A04, 0x0004 Bytes, ...) -- Data:  09 60 06 5A -- CPU_WriteMem(4 bytes @ 0x400E0A04)  returns 0x04 (0000ms, 18733ms total)
T1B0C 7701:418 JLINK_ReadMem (0x400E0A08, 0x0004 Bytes, ...) -- CPU_ReadMem(4 bytes @ 0x400E0A08) -- Data:  01 00 00 00  returns 0x00 (0001ms, 18734ms total)
T1B0C 7701:419 JLINK_WriteMem(0x400E0A04, 0x0004 Bytes, ...) -- Data:  09 70 06 5A -- CPU_WriteMem(4 bytes @ 0x400E0A04)  returns 0x04 (0000ms, 18734ms total)
T1B0C 7701:419 JLINK_ReadMem (0x400E0A08, 0x0004 Bytes, ...) -- CPU_ReadMem(4 bytes @ 0x400E0A08) -- Data:  01 00 00 00  returns 0x00 (0001ms, 18735ms total)
T1B0C 7701:420 JLINK_WriteMem(0x400E0A04, 0x0004 Bytes, ...) -- Data:  09 80 06 5A -- CPU_WriteMem(4 bytes @ 0x400E0A04)  returns 0x04 (0000ms, 18735ms total)
T1B0C 7701:420 JLINK_ReadMem (0x400E0A08, 0x0004 Bytes, ...) -- CPU_ReadMem(4 bytes @ 0x400E0A08) -- Data:  01 00 00 00  returns 0x00 (0001ms, 18736ms total)
T1B0C 7701:421 JLINK_WriteMem(0x400E0A04, 0x0004 Bytes, ...) -- Data:  09 90 06 5A -- CPU_WriteMem(4 bytes @ 0x400E0A04)  returns 0x04 (0001ms, 18737ms total)
T1B0C 7701:422 JLINK_ReadMem (0x400E0A08, 0x0004 Bytes, ...) -- CPU_ReadMem(4 bytes @ 0x400E0A08) -- Data:  01 00 00 00  returns 0x00 (0000ms, 18737ms total)
T1B0C 7701:422 JLINK_WriteMem(0x400E0A04, 0x0004 Bytes, ...) -- Data:  09 A0 06 5A -- CPU_WriteMem(4 bytes @ 0x400E0A04)  returns 0x04 (0001ms, 18738ms total)
T1B0C 7701:423 JLINK_ReadMem (0x400E0A08, 0x0004 Bytes, ...) -- CPU_ReadMem(4 bytes @ 0x400E0A08) -- Data:  01 00 00 00  returns 0x00 (0000ms, 18738ms total)
T1B0C 7701:423 JLINK_WriteMem(0x400E0A04, 0x0004 Bytes, ...) -- Data:  09 B0 06 5A -- CPU_WriteMem(4 bytes @ 0x400E0A04)  returns 0x04 (0001ms, 18739ms total)
T1B0C 7701:424 JLINK_ReadMem (0x400E0A08, 0x0004 Bytes, ...) -- CPU_ReadMem(4 bytes @ 0x400E0A08) -- Data:  01 00 00 00  returns 0x00 (0000ms, 18739ms total)
T1B0C 7701:424 JLINK_WriteMem(0x400E0A04, 0x0004 Bytes, ...) -- Data:  09 C0 06 5A -- CPU_WriteMem(4 bytes @ 0x400E0A04)  returns 0x04 (0001ms, 18740ms total)
T1B0C 7701:425 JLINK_ReadMem (0x400E0A08, 0x0004 Bytes, ...) -- CPU_ReadMem(4 bytes @ 0x400E0A08) -- Data:  01 00 00 00  returns 0x00 (0000ms, 18740ms total)
T1B0C 7701:425 JLINK_WriteMem(0x400E0A04, 0x0004 Bytes, ...) -- Data:  09 D0 06 5A -- CPU_WriteMem(4 bytes @ 0x400E0A04)  returns 0x04 (0001ms, 18741ms total)
T1B0C 7701:426 JLINK_ReadMem (0x400E0A08, 0x0004 Bytes, ...) -- CPU_ReadMem(4 bytes @ 0x400E0A08) -- Data:  01 00 00 00  returns 0x00 (0001ms, 18742ms total)
T1B0C 7701:427 JLINK_WriteMem(0x400E0A04, 0x0004 Bytes, ...) -- Data:  09 E0 06 5A -- CPU_WriteMem(4 bytes @ 0x400E0A04)  returns 0x04 (0000ms, 18742ms total)
T1B0C 7701:427 JLINK_ReadMem (0x400E0A08, 0x0004 Bytes, ...) -- CPU_ReadMem(4 bytes @ 0x400E0A08) -- Data:  01 00 00 00  returns 0x00 (0001ms, 18743ms total)
T1B0C 7701:428 JLINK_WriteMem(0x400E0A04, 0x0004 Bytes, ...) -- Data:  09 F0 06 5A -- CPU_WriteMem(4 bytes @ 0x400E0A04)  returns 0x04 (0000ms, 18743ms total)
T1B0C 7701:428 JLINK_ReadMem (0x400E0A08, 0x0004 Bytes, ...) -- CPU_ReadMem(4 bytes @ 0x400E0A08) -- Data:  01 00 00 00  returns 0x00 (0001ms, 18744ms total)
T1B0C 7701:429 JLINK_WriteMem(0x400E0A04, 0x0004 Bytes, ...) -- Data:  09 00 07 5A -- CPU_WriteMem(4 bytes @ 0x400E0A04)  returns 0x04 (0000ms, 18744ms total)
T1B0C 7701:429 JLINK_ReadMem (0x400E0A08, 0x0004 Bytes, ...) -- CPU_ReadMem(4 bytes @ 0x400E0A08) -- Data:  01 00 00 00  returns 0x00 (0001ms, 18745ms total)
T1B0C 7701:430 JLINK_WriteMem(0x400E0A04, 0x0004 Bytes, ...) -- Data:  09 10 07 5A -- CPU_WriteMem(4 bytes @ 0x400E0A04)  returns 0x04 (0001ms, 18746ms total)
T1B0C 7701:431 JLINK_ReadMem (0x400E0A08, 0x0004 Bytes, ...) -- CPU_ReadMem(4 bytes @ 0x400E0A08) -- Data:  01 00 00 00  returns 0x00 (0000ms, 18746ms total)
T1B0C 7701:431 JLINK_WriteMem(0x400E0A04, 0x0004 Bytes, ...) -- Data:  09 20 07 5A -- CPU_WriteMem(4 bytes @ 0x400E0A04)  returns 0x04 (0001ms, 18747ms total)
T1B0C 7701:432 JLINK_ReadMem (0x400E0A08, 0x0004 Bytes, ...) -- CPU_ReadMem(4 bytes @ 0x400E0A08) -- Data:  01 00 00 00  returns 0x00 (0000ms, 18747ms total)
T1B0C 7701:432 JLINK_WriteMem(0x400E0A04, 0x0004 Bytes, ...) -- Data:  09 30 07 5A -- CPU_WriteMem(4 bytes @ 0x400E0A04)  returns 0x04 (0001ms, 18748ms total)
T1B0C 7701:433 JLINK_ReadMem (0x400E0A08, 0x0004 Bytes, ...) -- CPU_ReadMem(4 bytes @ 0x400E0A08) -- Data:  01 00 00 00  returns 0x00 (0001ms, 18749ms total)
T1B0C 7701:434 JLINK_WriteMem(0x400E0A04, 0x0004 Bytes, ...) -- Data:  09 40 07 5A -- CPU_WriteMem(4 bytes @ 0x400E0A04)  returns 0x04 (0000ms, 18749ms total)
T1B0C 7701:434 JLINK_ReadMem (0x400E0A08, 0x0004 Bytes, ...) -- CPU_ReadMem(4 bytes @ 0x400E0A08) -- Data:  01 00 00 00  returns 0x00 (0001ms, 18750ms total)
T1B0C 7701:435 JLINK_WriteMem(0x400E0A04, 0x0004 Bytes, ...) -- Data:  09 50 07 5A -- CPU_WriteMem(4 bytes @ 0x400E0A04)  returns 0x04 (0000ms, 18750ms total)
T1B0C 7701:435 JLINK_ReadMem (0x400E0A08, 0x0004 Bytes, ...) -- CPU_ReadMem(4 bytes @ 0x400E0A08) -- Data:  01 00 00 00  returns 0x00 (0001ms, 18751ms total)
T1B0C 7701:436 JLINK_WriteMem(0x400E0A04, 0x0004 Bytes, ...) -- Data:  09 60 07 5A -- CPU_WriteMem(4 bytes @ 0x400E0A04)  returns 0x04 (0000ms, 18751ms total)
T1B0C 7701:436 JLINK_ReadMem (0x400E0A08, 0x0004 Bytes, ...) -- CPU_ReadMem(4 bytes @ 0x400E0A08) -- Data:  01 00 00 00  returns 0x00 (0001ms, 18752ms total)
T1B0C 7701:437 JLINK_WriteMem(0x400E0A04, 0x0004 Bytes, ...) -- Data:  09 70 07 5A -- CPU_WriteMem(4 bytes @ 0x400E0A04)  returns 0x04 (0001ms, 18753ms total)
T1B0C 7701:438 JLINK_ReadMem (0x400E0A08, 0x0004 Bytes, ...) -- CPU_ReadMem(4 bytes @ 0x400E0A08) -- Data:  01 00 00 00  returns 0x00 (0000ms, 18753ms total)
T1B0C 7701:438 JLINK_WriteMem(0x400E0A04, 0x0004 Bytes, ...) -- Data:  09 80 07 5A -- CPU_WriteMem(4 bytes @ 0x400E0A04)  returns 0x04 (0001ms, 18754ms total)
T1B0C 7701:439 JLINK_ReadMem (0x400E0A08, 0x0004 Bytes, ...) -- CPU_ReadMem(4 bytes @ 0x400E0A08) -- Data:  01 00 00 00  returns 0x00 (0000ms, 18754ms total)
T1B0C 7701:439 JLINK_WriteMem(0x400E0A04, 0x0004 Bytes, ...) -- Data:  09 90 07 5A -- CPU_WriteMem(4 bytes @ 0x400E0A04)  returns 0x04 (0001ms, 18755ms total)
T1B0C 7701:440 JLINK_ReadMem (0x400E0A08, 0x0004 Bytes, ...) -- CPU_ReadMem(4 bytes @ 0x400E0A08) -- Data:  01 00 00 00  returns 0x00 (0000ms, 18755ms total)
T1B0C 7701:440 JLINK_WriteMem(0x400E0A04, 0x0004 Bytes, ...) -- Data:  09 A0 07 5A -- CPU_WriteMem(4 bytes @ 0x400E0A04)  returns 0x04 (0001ms, 18756ms total)
T1B0C 7701:441 JLINK_ReadMem (0x400E0A08, 0x0004 Bytes, ...) -- CPU_ReadMem(4 bytes @ 0x400E0A08) -- Data:  01 00 00 00  returns 0x00 (0001ms, 18757ms total)
T1B0C 7701:442 JLINK_WriteMem(0x400E0A04, 0x0004 Bytes, ...) -- Data:  09 B0 07 5A -- CPU_WriteMem(4 bytes @ 0x400E0A04)  returns 0x04 (0000ms, 18757ms total)
T1B0C 7701:442 JLINK_ReadMem (0x400E0A08, 0x0004 Bytes, ...) -- CPU_ReadMem(4 bytes @ 0x400E0A08) -- Data:  01 00 00 00  returns 0x00 (0001ms, 18758ms total)
T1B0C 7701:443 JLINK_WriteMem(0x400E0A04, 0x0004 Bytes, ...) -- Data:  09 C0 07 5A -- CPU_WriteMem(4 bytes @ 0x400E0A04)  returns 0x04 (0000ms, 18758ms total)
T1B0C 7701:443 JLINK_ReadMem (0x400E0A08, 0x0004 Bytes, ...) -- CPU_ReadMem(4 bytes @ 0x400E0A08) -- Data:  01 00 00 00  returns 0x00 (0001ms, 18759ms total)
T1B0C 7701:444 JLINK_WriteMem(0x400E0A04, 0x0004 Bytes, ...) -- Data:  09 D0 07 5A -- CPU_WriteMem(4 bytes @ 0x400E0A04)  returns 0x04 (0000ms, 18759ms total)
T1B0C 7701:444 JLINK_ReadMem (0x400E0A08, 0x0004 Bytes, ...) -- CPU_ReadMem(4 bytes @ 0x400E0A08) -- Data:  01 00 00 00  returns 0x00 (0001ms, 18760ms total)
T1B0C 7701:445 JLINK_WriteMem(0x400E0A04, 0x0004 Bytes, ...) -- Data:  09 E0 07 5A -- CPU_WriteMem(4 bytes @ 0x400E0A04)  returns 0x04 (0001ms, 18761ms total)
T1B0C 7701:446 JLINK_ReadMem (0x400E0A08, 0x0004 Bytes, ...) -- CPU_ReadMem(4 bytes @ 0x400E0A08) -- Data:  01 00 00 00  returns 0x00 (0000ms, 18761ms total)
T1B0C 7701:446 JLINK_WriteMem(0x400E0A04, 0x0004 Bytes, ...) -- Data:  09 F0 07 5A -- CPU_WriteMem(4 bytes @ 0x400E0A04)  returns 0x04 (0001ms, 18762ms total)
T1B0C 7701:447 JLINK_ReadMem (0x400E0A08, 0x0004 Bytes, ...) -- CPU_ReadMem(4 bytes @ 0x400E0A08) -- Data:  01 00 00 00  returns 0x00 (0000ms, 18762ms total)
T1B0C 7701:447 JLINK_WriteMem(0x400E0A04, 0x0004 Bytes, ...) -- Data:  05 00 00 5A -- CPU_WriteMem(4 bytes @ 0x400E0A04)  returns 0x04 (0001ms, 18763ms total)
T1B0C 7701:448 JLINK_ReadMem (0x400E0A08, 0x0004 Bytes, ...) -- CPU_ReadMem(4 bytes @ 0x400E0A08) -- Data:  00 00 00 00  returns 0x00 (0001ms, 18764ms total)
T1B0C 7701:450 JLINK_ReadMem (0x400E0A08, 0x0004 Bytes, ...) -- CPU_ReadMem(4 bytes @ 0x400E0A08) -- Data:  00 00 00 00  returns 0x00 (0000ms, 18764ms total)
T1B0C 7701:454 JLINK_ReadMem (0x400E0A08, 0x0004 Bytes, ...) -- CPU_ReadMem(4 bytes @ 0x400E0A08) -- Data:  00 00 00 00  returns 0x00 (0000ms, 18764ms total)
T1B0C 7701:470 JLINK_ReadMem (0x400E0A08, 0x0004 Bytes, ...) -- CPU_ReadMem(4 bytes @ 0x400E0A08) -- Data:  00 00 00 00  returns 0x00 (0000ms, 18764ms total)
T1B0C 7701:534 JLINK_ReadMem (0x400E0A08, 0x0004 Bytes, ...) -- CPU_ReadMem(4 bytes @ 0x400E0A08) -- Data:  00 00 00 00  returns 0x00 (0000ms, 18764ms total)
T1B0C 7701:790 JLINK_ReadMem (0x400E0A08, 0x0004 Bytes, ...) -- CPU_ReadMem(4 bytes @ 0x400E0A08) -- Data:  00 00 00 00  returns 0x00 (0001ms, 18765ms total)
T1B0C 7702:791 JLINK_ReadMem (0x400E0A08, 0x0004 Bytes, ...) -- CPU_ReadMem(4 bytes @ 0x400E0A08) -- Data:  00 00 00 00  returns 0x00 (1225ms, 19990ms total)
T1B0C 7705:017 JLINK_ReadMem (0x400E0A08, 0x0004 Bytes, ...) -- CPU_ReadMem(4 bytes @ 0x400E0A08) -- Data:  00 00 00 00  returns 0x00 (0000ms, 19990ms total)
T1B0C 7706:017 JLINK_ReadMem (0x400E0A08, 0x0004 Bytes, ...) -- CPU_ReadMem(4 bytes @ 0x400E0A08) -- Data:  01 00 00 00  returns 0x00 (0000ms, 19990ms total)
T1B0C 7706:018 JLINK_ResetPullsRESET(ON) (0000ms, 19990ms total)
T1B0C 7706:018 JLINK_ResetNoHalt() >0x2F8 JTAG>TotalIRLen = 4, IRPrint = 0x01 >0x30 JTAG> >0x210 JTAG> >0x70 JTAG> >0x40 JTAG> >0x40 JTAG> >0x40 JTAG> >0x48 JTAG> >0x78 JTAG> >0x40 JTAG> >0x30 JTAG> >0x40 JTAG> >0x40 JTAG> >0x30 JTAG> >0x40 JTAG> >0x48 JTAG>Found Cortex-M4 r0p1, Little endian. -- CPU_WriteMem(4 bytes @ 0xE0002000) -- CPU_ReadMem(4 bytes @ 0xE000EDF0) -- CPU_ReadMem(4 bytes @ 0xE0002000)FPUnit: 6 code (BP) slots and 2 literal slots -- CPU_ReadMem(4 bytes @ 0xE000EDFC)
 -- CPU_ReadMem(4 bytes @ 0xE0001000) -- CPU_WriteMem(4 bytes @ 0xE0001000) -- CPU_ReadMem(4 bytes @ 0xE00FF010)TPIU fitted. -- CPU_ReadMem(4 bytes @ 0xE00FF014) -- CPU_ReadMem(4 bytes @ 0xE00FF018)
                JLINK_Reset() -- CPU_ReadMem(16 bytes @ 0x20000000) -- CPU_WriteMem(16 bytes @ 0x20000000) -- CPU_ReadMem(4 bytes @ 0xE000EDFC) -- CPU_WriteMem(4 bytes @ 0xE000EDFC) -- CPU_WriteMem(4 bytes @ 0xE000EDFC) -- CPU_WriteMem(16 bytes @ 0x20000000) -- CPU_WriteMem(4 bytes @ 0xE0002000) -- CPU_ReadMem(4 bytes @ 0xE000EDFC) -- CPU_ReadMem(4 bytes @ 0xE0001000) (0029ms, 0029ms total)
                JLINK_Go() -- CPU_WriteMem(4 bytes @ 0xE0001004) (0001ms, 0030ms total)
               (0040ms, 20030ms total)
T1B0C 7706:058 JLINK_ExecCommand("ProjectFile = J:\Embedded classes\Examples\ex4_led_blink\jlink.config", ...)  returns 0x00 (0000ms, 20030ms total)
T1B0C 7706:091 JLINK_ExecCommand("Device = AT91SAM4S16C", ...)Device "ATSAM4S16C" selected (1024 KB flash, 128 KB RAM).  returns 0x00 (0001ms, 20031ms total)
T1B0C 7706:092 JLINK_TIF_Select(JLINKARM_TIF_JTAG)  returns 0x00 (0000ms, 20031ms total)
T1B0C 7706:093 JLINK_GetIdData(...) ScanLen=4 NumDevices=1 aId[0]=0x4BA00477 aIrRead[0]=0 aScanLen[0]=0 aScanRead[0]=0 (0000ms, 20031ms total)
T1B0C 7706:093 JLINK_ConfigJTAG(IRPre = 0, DRPre = 0) (0000ms, 20031ms total)
T1B0C 7706:093 JLINK_SetSpeed(4000) (0000ms, 20031ms total)
T1B0C 7706:093 JLINK_ResetPullsRESET(OFF) (0000ms, 20031ms total)
T1B0C 7706:093 JLINK_Connect() >0x2F8 JTAG>TotalIRLen = 4, IRPrint = 0x01 >0x30 JTAG> >0x210 JTAG> >0x70 JTAG> >0x40 JTAG> >0x40 JTAG> >0x40 JTAG> >0x48 JTAG> >0x78 JTAG> >0x40 JTAG> >0x30 JTAG> >0x40 JTAG> >0x40 JTAG> >0x30 JTAG> >0x40 JTAG> >0x48 JTAG>Found Cortex-M4 r0p1, Little endian. -- CPU_WriteMem(4 bytes @ 0xE0002000) -- CPU_ReadMem(4 bytes @ 0xE000EDF0) -- CPU_ReadMem(4 bytes @ 0xE0002000)FPUnit: 6 code (BP) slots and 2 literal slots -- CPU_ReadMem(4 bytes @ 0xE000EDFC)
 -- CPU_ReadMem(4 bytes @ 0xE0001000) -- CPU_WriteMem(4 bytes @ 0xE0001000) -- CPU_ReadMem(4 bytes @ 0xE00FF010)TPIU fitted. -- CPU_ReadMem(4 bytes @ 0xE00FF014) -- CPU_ReadMem(4 bytes @ 0xE00FF018)  returns 0x00 (0007ms, 20038ms total)
T1B0C 7706:100 JLINK_WriteMem(0xE0001020, 0x0004 Bytes, ...) -- Data:  00 00 00 00 -- CPU is running -- CPU_WriteMem(4 bytes @ 0xE0001020)  returns 0x04 (0000ms, 20038ms total)
T1B0C 7706:100 JLINK_WriteMem(0xE0001024, 0x0004 Bytes, ...) -- Data:  00 00 00 00 -- CPU is running -- CPU_WriteMem(4 bytes @ 0xE0001024)  returns 0x04 (0001ms, 20039ms total)
T1B0C 7706:101 JLINK_WriteMem(0xE0001028, 0x0004 Bytes, ...) -- Data:  00 00 00 00 -- CPU is running -- CPU_WriteMem(4 bytes @ 0xE0001028)  returns 0x04 (0000ms, 20039ms total)
T1B0C 7706:101 JLINK_WriteMem(0xE0001030, 0x0004 Bytes, ...) -- Data:  00 00 00 00 -- CPU is running -- CPU_WriteMem(4 bytes @ 0xE0001030)  returns 0x04 (0000ms, 20039ms total)
T1B0C 7706:101 JLINK_WriteMem(0xE0001034, 0x0004 Bytes, ...) -- Data:  00 00 00 00 -- CPU is running -- CPU_WriteMem(4 bytes @ 0xE0001034)  returns 0x04 (0001ms, 20040ms total)
T1B0C 7706:102 JLINK_WriteMem(0xE0001038, 0x0004 Bytes, ...) -- Data:  00 00 00 00 -- CPU is running -- CPU_WriteMem(4 bytes @ 0xE0001038)  returns 0x04 (0000ms, 20040ms total)
T1B0C 7706:102 JLINK_WriteMem(0xE0001040, 0x0004 Bytes, ...) -- Data:  00 00 00 00 -- CPU is running -- CPU_WriteMem(4 bytes @ 0xE0001040)  returns 0x04 (0000ms, 20040ms total)
T1B0C 7706:102 JLINK_WriteMem(0xE0001044, 0x0004 Bytes, ...) -- Data:  00 00 00 00 -- CPU is running -- CPU_WriteMem(4 bytes @ 0xE0001044)  returns 0x04 (0000ms, 20040ms total)
T1B0C 7706:102 JLINK_WriteMem(0xE0001048, 0x0004 Bytes, ...) -- Data:  00 00 00 00 -- CPU is running -- CPU_WriteMem(4 bytes @ 0xE0001048)  returns 0x04 (0001ms, 20041ms total)
T1B0C 7706:103 JLINK_WriteMem(0xE0001050, 0x0004 Bytes, ...) -- Data:  00 00 00 00 -- CPU is running -- CPU_WriteMem(4 bytes @ 0xE0001050)  returns 0x04 (0000ms, 20041ms total)
T1B0C 7706:103 JLINK_WriteMem(0xE0001054, 0x0004 Bytes, ...) -- Data:  00 00 00 00 -- CPU is running -- CPU_WriteMem(4 bytes @ 0xE0001054)  returns 0x04 (0000ms, 20041ms total)
T1B0C 7706:103 JLINK_WriteMem(0xE0001058, 0x0004 Bytes, ...) -- Data:  00 00 00 00 -- CPU is running -- CPU_WriteMem(4 bytes @ 0xE0001058)  returns 0x04 (0001ms, 20042ms total)
T1B0C 7706:104 JLINK_Halt()  returns 0x00 (0003ms, 20045ms total)
T1B0C 7706:108 JLINK_JTAG_GetDeviceID(DeviceIndex = 0)  returns 0x4BA00477 (0000ms, 20045ms total)
T1B0C 7706:108 JLINK_ReadMemU32(0x400E0740, 0x0001 Items, ...) -- CPU_ReadMem(4 bytes @ 0x400E0740) -- Data:  E0 0C AC 28  returns 0x01 (0000ms, 20045ms total)
T1B0C 7706:132 JLINK_ReadMemHW(0x00400200, 0x0200 Bytes, ...) -- CPU_ReadMem(512 bytes @ 0x00400200) -- Data:  FF FF FF FF FF FF FF FF FF FF FF FF FF FF FF FF ...  returns 0x00 (0005ms, 20050ms total)
T1B0C 7706:137 JLINK_BeginDownload(Flags = 0x00) (0000ms, 20050ms total)
T1B0C 7706:137 JLINK_WriteMem(0x00400000, 0x0200 Bytes, ...) -- Data:  00 00 02 20 F9 01 40 00 F5 01 40 00 F5 01 40 00 ...  returns 0x200 (0000ms, 20050ms total)
T1B0C 7706:137 JLINK_WriteMem(0x00400200, 0x0200 Bytes, ...) -- Data:  26 D0 13 46 1A 4A 9A 42 22 D0 17 4B 17 4A 9A 42 ...  returns 0x200 (0000ms, 20050ms total)
T19D8 7706:150 JLINK_IsHalted()  returns TRUE (0000ms, 20050ms total)
T19D8 7706:150 JLINK_GetMOEs(...) -- CPU_ReadMem(4 bytes @ 0xE000ED30) -- CPU_WriteMem(4 bytes @ 0xE000ED30)  returns 0x01 (0000ms, 20050ms total)
T19D8 7706:150 JLINK_ReadReg(R15 (PC)) -- -------------------------------------- -- Start of determining dirty areas -- End of determining dirty areas -- Start of preparing flash programming -- Calculating RAM usage -- RAM usage = 2868 Bytes -- Preserving registers -- Preparing memory -- Determining CPU clock frequency -- CPU clock frequency: 3815 kHz -- CPU frequency = 3815 kHz -- Preparing target -- Downloading RAMCode -- Using alternate TurboMode RAMCode -- Checking target RAM -- Preparing RAMCode
 -- End of preparing flash programmingCPU is running at low speed (3815 kHz). -- CPU is running at 3815 kHz. -- Start of comparing flash -- Read back was estimated as fastest method -- Comparing range 0x400000 - 0x4003FF (2 Sectors, 1024 Bytes), using multi-block CRC calculation -- CPU is running -- CPU_ReadMem(512 bytes @ 0x00400000) -- CPU is running -- CPU_ReadMem(512 bytes @ 0x00400200) -- CRC does not match for sectors 0-1 -- End of comparing flash -- Start of erasing sectors
 -- End of erasing sectors -- Start of flash programming -- Programming range 0x00400000 - 0x004003FF (  2 Sectors, 1024 Bytes) -- End of flash programming -- Flash programming performed for 1 range (1024 bytes) -- 0x400000 - 0x4003FF (002 Sectors, 1024 Bytes) -- Start of verifying flash -- Checksum calculation was estimated as fastest method -- End of verifying flash -- Start of restoring -- Restore RAMCode -- Restore content of target memory -- Restore target -- Restore memory
 -- Restore content of registers -- End of restoring -- Total time needed: 0.107s (Prepare: 0.076s, Compare: 0.011s, Erase: 0.000s, Program: 0.014s, Verify: 0.000s, Restore: 0.004s)  returns 0xFFFFFFFE (0111ms, 20161ms total)
T1B0C 7706:261 JLINK_WriteMem(0x400E0A04, 0x0004 Bytes, ...) -- Data:  0B 01 00 5A -- CPU_WriteMem(4 bytes @ 0x400E0A04)  returns 0x04 (0000ms, 20161ms total)
T1B0C 7706:261 JLINK_ReadMem (0x400E0A08, 0x0004 Bytes, ...) -- CPU_ReadMem(4 bytes @ 0x400E0A08) -- Data:  01 00 00 00  returns 0x00 (0000ms, 20161ms total)
T1B0C 7706:261 JLINK_EndDownload()  returns 0x00 (0000ms, 20161ms total)
T1B0C 7706:261 JLINK_JTAG_GetDeviceID(DeviceIndex = 0)  returns 0x4BA00477 (0000ms, 20161ms total)
T1B0C 7706:261 JLINK_ReadMemU32(0x400E0740, 0x0001 Items, ...) -- CPU_ReadMem(4 bytes @ 0x400E0740) -- Data:  E0 0C AC 28  returns 0x01 (0001ms, 20162ms total)
T19D8 7706:275 JLINK_IsHalted()  returns TRUE (0000ms, 20162ms total)
T0BE0 7706:284 JLINK_ReadReg(R15 (PC))  returns 0xFFFFFFFE (0000ms, 20162ms total)
T0BE0 7706:284 JLINK_Reset() -- CPU_ReadMem(16 bytes @ 0x20000000) -- CPU_WriteMem(16 bytes @ 0x20000000) -- CPU_ReadMem(4 bytes @ 0xE000EDFC) -- CPU_WriteMem(4 bytes @ 0xE000EDFC) -- CPU_WriteMem(4 bytes @ 0xE000EDFC) -- CPU_WriteMem(16 bytes @ 0x20000000) -- CPU_WriteMem(4 bytes @ 0xE0002000) -- CPU_ReadMem(4 bytes @ 0xE000EDFC) -- CPU_ReadMem(4 bytes @ 0xE0001000) (0019ms, 20181ms total)
T19D8 7706:303 JLINK_IsHalted()  returns TRUE (0000ms, 20181ms total)
T19D8 7706:303 JLINK_GetMOEs(...) -- CPU_ReadMem(4 bytes @ 0xE000ED30) -- CPU_WriteMem(4 bytes @ 0xE000ED30)  returns 0x01 (0000ms, 20181ms total)
T19D8 7706:303 JLINK_ReadReg(R15 (PC))  returns 0x004001F8 (0000ms, 20181ms total)
T1B0C 7706:304 JLINK_ReadReg(R0)  returns 0x400E1400 (0001ms, 20182ms total)
T1B0C 7706:305 JLINK_ReadReg(R1)  returns 0x40C00000 (0000ms, 20182ms total)
T1B0C 7706:305 JLINK_ReadReg(R2)  returns 0xA5000005 (0000ms, 20182ms total)
T1B0C 7706:305 JLINK_ReadReg(R3)  returns 0x400E0E00 (0000ms, 20182ms total)
T1B0C 7706:305 JLINK_ReadReg(R4)  returns 0x0000000C (0000ms, 20182ms total)
T1B0C 7706:305 JLINK_ReadReg(R5)  returns 0x0040014D (0000ms, 20182ms total)
T1B0C 7706:305 JLINK_ReadReg(R6)  returns 0x00000000 (0000ms, 20182ms total)
T1B0C 7706:305 JLINK_ReadReg(R7)  returns 0x0080105B (0000ms, 20182ms total)
T1B0C 7706:305 JLINK_ReadReg(R8)  returns 0x20000034 (0000ms, 20182ms total)
T1B0C 7706:305 JLINK_ReadReg(R9)  returns 0x81058002 (0000ms, 20182ms total)
T1B0C 7706:305 JLINK_ReadReg(R10)  returns 0x0080107C (0000ms, 20182ms total)
T1B0C 7706:305 JLINK_ReadReg(R11)  returns 0x0080107C (0000ms, 20182ms total)
T1B0C 7706:305 JLINK_ReadReg(R12)  returns 0x000001A0 (0000ms, 20182ms total)
T1B0C 7706:305 JLINK_ReadReg(R13 (SP))  returns 0x20020000 (0000ms, 20182ms total)
T1B0C 7706:305 JLINK_ReadReg(R13 (SP))  returns 0x20020000 (0000ms, 20182ms total)
T1B0C 7706:305 JLINK_ReadReg(R14)  returns 0xFFFFFFFF (0000ms, 20182ms total)
T1B0C 7706:305 JLINK_ReadReg(R15 (PC))  returns 0x004001F8 (0000ms, 20182ms total)
T1B0C 7706:305 JLINK_ReadReg(R15 (PC))  returns 0x004001F8 (0000ms, 20182ms total)
T1B0C 7706:305 JLINK_ReadReg(APSR)  returns 0x00000000 (0000ms, 20182ms total)
T1B0C 7706:305 JLINK_ReadReg(MSP)  returns 0x20020000 (0000ms, 20182ms total)
T1B0C 7706:305 JLINK_ReadReg(PSP)  returns 0x10020060 (0000ms, 20182ms total)
T1B0C 7706:305 JLINK_ReadReg(XPSR)  returns 0x01000000 (0000ms, 20182ms total)
T1B0C 7706:305 JLINK_ReadReg(IPSR)  returns 0x00000000 (0000ms, 20182ms total)
T1B0C 7706:305 JLINK_ReadReg(EPSR)  returns 0x01000000 (0000ms, 20182ms total)
T1B0C 7706:305 JLINK_ReadReg(PRIMASK)  returns 0x00000000 (0000ms, 20182ms total)
T1B0C 7706:305 JLINK_ReadReg(FAULTMASK)  returns 0x00000000 (0000ms, 20182ms total)
T1B0C 7706:305 JLINK_ReadReg(BASEPRI)  returns 0x00000000 (0000ms, 20182ms total)
T0BE0 7706:315 JLINK_ReadReg(R15 (PC))  returns 0x004001F8 (0000ms, 20182ms total)
T0BE0 7706:315 JLINK_GetNumBPUnits(Type = 0xFFFFFF02)  returns 0x06 (0000ms, 20182ms total)
T0BE0 7706:315 JLINK_SetBPEx(Addr = 0x004001E8, Type = 0xFFFFFF02)  returns 0x00000001 (0000ms, 20182ms total)
T0BE0 7706:315 JLINK_GetBPInfo(BPHandle = 1)  returns 0x00 (0000ms, 20182ms total)
T0BE0 7706:315 JLINK_Go() -- CPU_WriteMem(4 bytes @ 0xE0002008) -- CPU_WriteMem(4 bytes @ 0xE000200C) -- CPU_WriteMem(4 bytes @ 0xE0002010) -- CPU_WriteMem(4 bytes @ 0xE0002014) -- CPU_WriteMem(4 bytes @ 0xE0002018) -- CPU_WriteMem(4 bytes @ 0xE000201C) -- CPU_WriteMem(4 bytes @ 0xE0001004) (0002ms, 20184ms total)
T19D8 7706:317 JLINK_IsHalted()  returns TRUE (0003ms, 20187ms total)
T19D8 7706:320 JLINK_GetMOEs(...) -- CPU_ReadMem(4 bytes @ 0xE000ED30) -- CPU_WriteMem(4 bytes @ 0xE000ED30)  returns 0x01 (0000ms, 20184ms total)
T19D8 7706:320 JLINK_ReadReg(R15 (PC))  returns 0x004001E8 (0000ms, 20184ms total)
T19D8 7706:320 JLINK_GetBPInfo(BPHandle = 1)  returns 0x00 (0000ms, 20184ms total)
T19D8 7706:320 JLINK_ClrBPEx(BPHandle = 0x00000001)  returns 0x00 (0000ms, 20184ms total)
T0BE0 7706:336 JLINK_ReadReg(R15 (PC))  returns 0x004001E8 (0000ms, 20184ms total)
T0BE0 7706:336 JLINK_Go() -- CPU_WriteMem(4 bytes @ 0xE0002008) (0001ms, 20185ms total)
T19D8 7706:337 JLINK_IsHalted()  returns FALSE (0001ms, 20186ms total)
T19D8 7706:378 JLINK_IsHalted()  returns FALSE (0000ms, 20185ms total)
T19D8 7706:538 JLINK_IsHalted()  returns FALSE (0000ms, 20185ms total)
T19D8 7707:178 JLINK_IsHalted()  returns FALSE (0000ms, 20185ms total)
T19D8 7707:818 JLINK_IsHalted()  returns FALSE (0000ms, 20185ms total)
T19D8 7708:458 JLINK_IsHalted()  returns FALSE (0000ms, 20185ms total)
T19D8 7709:098 JLINK_IsHalted()  returns FALSE (0000ms, 20185ms total)
T19D8 7709:738 JLINK_IsHalted()  returns FALSE (0000ms, 20185ms total)
T19D8 7710:378 JLINK_IsHalted()  returns FALSE (0000ms, 20185ms total)
T19D8 7711:018 JLINK_IsHalted()  returns FALSE (0000ms, 20185ms total)
T19D8 7711:658 JLINK_IsHalted()  returns FALSE (0000ms, 20185ms total)
T19D8 7712:298 JLINK_IsHalted()  returns FALSE (0000ms, 20185ms total)
T19D8 7712:939 JLINK_IsHalted()  returns FALSE (0000ms, 20185ms total)
T19D8 7713:579 JLINK_IsHalted()  returns FALSE (0000ms, 20185ms total)
T19D8 7714:219 JLINK_IsHalted()  returns FALSE (0000ms, 20185ms total)
T19D8 7714:859 JLINK_IsHalted()  returns FALSE (0000ms, 20185ms total)
T19D8 7715:499 JLINK_IsHalted()  returns FALSE (0000ms, 20185ms total)
T19D8 7716:139 JLINK_IsHalted()  returns FALSE (0000ms, 20185ms total)
T19D8 7716:779 JLINK_IsHalted()  returns FALSE (0000ms, 20185ms total)
T19D8 7717:419 JLINK_IsHalted()  returns FALSE (0000ms, 20185ms total)
T19D8 7718:059 JLINK_IsHalted()  returns FALSE (0000ms, 20185ms total)
T19D8 7718:699 JLINK_IsHalted()  returns FALSE (0000ms, 20185ms total)
T19D8 7719:339 JLINK_IsHalted()  returns FALSE (0000ms, 20185ms total)
T19D8 7719:979 JLINK_IsHalted()  returns FALSE (0000ms, 20185ms total)
T19D8 7720:619 JLINK_IsHalted()  returns FALSE (0000ms, 20185ms total)
T19D8 7721:259 JLINK_IsHalted()  returns FALSE (0000ms, 20185ms total)
T19D8 7721:899 JLINK_IsHalted()  returns FALSE (0000ms, 20185ms total)
T19D8 7722:540 JLINK_IsHalted()  returns FALSE (0000ms, 20185ms total)
T19D8 7723:180 JLINK_IsHalted()  returns FALSE (0000ms, 20185ms total)
T19D8 7723:820 JLINK_IsHalted()  returns FALSE (0000ms, 20185ms total)
T19D8 7724:460 JLINK_IsHalted()  returns FALSE (0000ms, 20185ms total)
T19D8 7725:100 JLINK_IsHalted()  returns FALSE (0000ms, 20185ms total)
T19D8 7725:740 JLINK_IsHalted()  returns FALSE (0000ms, 20185ms total)
T19D8 7726:380 JLINK_IsHalted()  returns FALSE (0000ms, 20185ms total)
T19D8 7727:020 JLINK_IsHalted()  returns FALSE (0000ms, 20185ms total)
T19D8 7727:660 JLINK_IsHalted()  returns FALSE (0000ms, 20185ms total)
T19D8 7728:300 JLINK_IsHalted()  returns FALSE (0000ms, 20185ms total)
T19D8 7728:940 JLINK_IsHalted()  returns FALSE (0000ms, 20185ms total)
T19D8 7729:580 JLINK_IsHalted()  returns FALSE (0000ms, 20185ms total)
T19D8 7730:220 JLINK_IsHalted()  returns FALSE (0000ms, 20185ms total)
T19D8 7730:860 JLINK_IsHalted()  returns FALSE (0000ms, 20185ms total)
T19D8 7731:500 JLINK_IsHalted()  returns FALSE (0000ms, 20185ms total)
T19D8 7732:140 JLINK_IsHalted()  returns FALSE (0000ms, 20185ms total)
T19D8 7732:780 JLINK_IsHalted()  returns FALSE (0000ms, 20185ms total)
T19D8 7733:420 JLINK_IsHalted()  returns FALSE (0000ms, 20185ms total)
T19D8 7734:060 JLINK_IsHalted()  returns FALSE (0000ms, 20185ms total)
T19D8 7734:700 JLINK_IsHalted()  returns FALSE (0000ms, 20185ms total)
T19D8 7735:340 JLINK_IsHalted()  returns FALSE (0000ms, 20185ms total)
T19D8 7735:980 JLINK_IsHalted()  returns FALSE (0000ms, 20185ms total)
T19D8 7736:620 JLINK_IsHalted()  returns FALSE (0000ms, 20185ms total)
T19D8 7737:260 JLINK_IsHalted()  returns FALSE (0000ms, 20185ms total)
T19D8 7737:902 JLINK_IsHalted()  returns FALSE (0000ms, 20185ms total)
T19D8 7738:542 JLINK_IsHalted()  returns FALSE (0000ms, 20185ms total)
T19D8 7739:182 JLINK_IsHalted()  returns FALSE (0000ms, 20185ms total)
T19D8 7739:822 JLINK_IsHalted()  returns FALSE (0000ms, 20185ms total)
T19D8 7740:463 JLINK_IsHalted()  returns FALSE (0000ms, 20185ms total)
T19D8 7741:103 JLINK_IsHalted()  returns FALSE (0000ms, 20185ms total)
T19D8 7741:743 JLINK_IsHalted()  returns FALSE (0000ms, 20185ms total)
T19D8 7742:383 JLINK_IsHalted()  returns FALSE (0000ms, 20185ms total)
T19D8 7743:023 JLINK_IsHalted()  returns FALSE (0000ms, 20185ms total)
T19D8 7743:663 JLINK_IsHalted()  returns FALSE (0000ms, 20185ms total)
T19D8 7744:303 JLINK_IsHalted()  returns FALSE (0000ms, 20185ms total)
T19D8 7744:943 JLINK_IsHalted()  returns FALSE (0000ms, 20185ms total)
T19D8 7745:583 JLINK_IsHalted()  returns FALSE (0000ms, 20185ms total)
T19D8 7746:223 JLINK_IsHalted()  returns FALSE (0000ms, 20185ms total)
T19D8 7746:863 JLINK_IsHalted()  returns FALSE (0000ms, 20185ms total)
T19D8 7747:503 JLINK_IsHalted()  returns FALSE (0000ms, 20185ms total)
T19D8 7748:143 JLINK_IsHalted()  returns FALSE (0000ms, 20185ms total)
T19D8 7748:789 JLINK_IsHalted()  returns FALSE (0001ms, 20186ms total)
T19D8 7749:430 JLINK_IsHalted()  returns FALSE (0000ms, 20185ms total)
T19D8 7750:070 JLINK_IsHalted()  returns FALSE (0000ms, 20185ms total)
T19D8 7750:710 JLINK_IsHalted()  returns FALSE (0000ms, 20185ms total)
T19D8 7751:350 JLINK_IsHalted()  returns FALSE (0000ms, 20185ms total)
T19D8 7751:990 JLINK_IsHalted()  returns FALSE (0000ms, 20185ms total)
T19D8 7752:630 JLINK_IsHalted()  returns FALSE (0000ms, 20185ms total)
T19D8 7753:270 JLINK_IsHalted()  returns FALSE (0000ms, 20185ms total)
T19D8 7753:910 JLINK_IsHalted()  returns FALSE (0000ms, 20185ms total)
T19D8 7754:550 JLINK_IsHalted()  returns FALSE (0000ms, 20185ms total)
T19D8 7755:190 JLINK_IsHalted()  returns FALSE (0000ms, 20185ms total)
T19D8 7755:830 JLINK_IsHalted()  returns FALSE (0000ms, 20185ms total)
T19D8 7756:470 JLINK_IsHalted()  returns FALSE (0000ms, 20185ms total)
T19D8 7757:110 JLINK_IsHalted()  returns FALSE (0000ms, 20185ms total)
T19D8 7757:751 JLINK_IsHalted()  returns FALSE (0000ms, 20185ms total)
T19D8 7758:391 JLINK_IsHalted()  returns FALSE (0000ms, 20185ms total)
T19D8 7759:031 JLINK_IsHalted()  returns FALSE (0000ms, 20185ms total)
T19D8 7759:671 JLINK_IsHalted()  returns FALSE (0000ms, 20185ms total)
T19D8 7760:311 JLINK_IsHalted()  returns FALSE (0000ms, 20185ms total)
T19D8 7760:951 JLINK_IsHalted()  returns FALSE (0000ms, 20185ms total)
T19D8 7761:591 JLINK_IsHalted()  returns FALSE (0000ms, 20185ms total)
T19D8 7762:231 JLINK_IsHalted()  returns FALSE (0000ms, 20185ms total)
T19D8 7762:871 JLINK_IsHalted()  returns FALSE (0000ms, 20185ms total)
T19D8 7763:511 JLINK_IsHalted()  returns FALSE (0000ms, 20185ms total)
T19D8 7764:151 JLINK_IsHalted()  returns FALSE (0000ms, 20185ms total)
T19D8 7764:791 JLINK_IsHalted()  returns FALSE (0000ms, 20185ms total)
T19D8 7765:431 JLINK_IsHalted()  returns FALSE (0000ms, 20185ms total)
T19D8 7766:071 JLINK_IsHalted()  returns FALSE (0000ms, 20185ms total)
T19D8 7766:711 JLINK_IsHalted()  returns FALSE (0000ms, 20185ms total)
T19D8 7767:351 JLINK_IsHalted()  returns FALSE (0000ms, 20185ms total)
T19D8 7767:991 JLINK_IsHalted()  returns FALSE (0000ms, 20185ms total)
T19D8 7768:631 JLINK_IsHalted()  returns FALSE (0000ms, 20185ms total)
T19D8 7769:271 JLINK_IsHalted()  returns FALSE (0000ms, 20185ms total)
T19D8 7769:911 JLINK_IsHalted()  returns FALSE (0000ms, 20185ms total)
T19D8 7770:551 JLINK_IsHalted()  returns FALSE (0000ms, 20185ms total)
T19D8 7771:191 JLINK_IsHalted()  returns FALSE (0000ms, 20185ms total)
T19D8 7771:831 JLINK_IsHalted()  returns FALSE (0000ms, 20185ms total)
T19D8 7772:471 JLINK_IsHalted()  returns FALSE (0000ms, 20185ms total)
T19D8 7773:111 JLINK_IsHalted()  returns FALSE (0000ms, 20185ms total)
T19D8 7773:751 JLINK_IsHalted()  returns FALSE (0000ms, 20185ms total)
T19D8 7774:391 JLINK_IsHalted()  returns FALSE (0000ms, 20185ms total)
T19D8 7775:032 JLINK_IsHalted()  returns FALSE (0000ms, 20185ms total)
T19D8 7775:672 JLINK_IsHalted()  returns FALSE (0000ms, 20185ms total)
T19D8 7776:312 JLINK_IsHalted()  returns FALSE (0000ms, 20185ms total)
T19D8 7776:952 JLINK_IsHalted()  returns FALSE (0000ms, 20185ms total)
T19D8 7777:592 JLINK_IsHalted()  returns FALSE (0000ms, 20185ms total)
T19D8 7778:232 JLINK_IsHalted()  returns FALSE (0000ms, 20185ms total)
T19D8 7778:872 JLINK_IsHalted()  returns FALSE (0000ms, 20185ms total)
T19D8 7779:512 JLINK_IsHalted()  returns FALSE (0000ms, 20185ms total)
T19D8 7780:152 JLINK_IsHalted()  returns FALSE (0000ms, 20185ms total)
T19D8 7780:792 JLINK_IsHalted()  returns FALSE (0000ms, 20185ms total)
T19D8 7781:432 JLINK_IsHalted()  returns FALSE (0000ms, 20185ms total)
T19D8 7782:072 JLINK_IsHalted()  returns FALSE (0000ms, 20185ms total)
T0D48 7782:072 
  ***** Error: Connection to emulator lost! (0627ms, 20812ms total)
T19D8 7782:712 JLINK_IsHalted()  returns ERROR (0000ms, 20185ms total)
T19D8 7782:712 JLINK_ExecCommand("ProjectFile = J:\Embedded classes\Examples\ex4_led_blink\jlink.config", ...)  returns 0x00 (0000ms, 20185ms total)
T19D8 7782:741 JLINK_ExecCommand("Device = AT91SAM4S16C", ...)